


                   **  CALCULATED COLUMN DENSITIES  **


 H           =   2.236E+20   RH          =   0.000E+00   GH          =   0.000E+00
 H+          =   1.210E+12   H-          =   6.617E+07   GH2         =   0.000E+00
 H2+         =   3.781E+09   RH2         =   0.000E+00   H3+         =   1.312E+11
 He          =   1.883E+21   GHe         =   0.000E+00   He+         =   1.933E+12
 RHe         =   0.000E+00   HeH+        =   5.334E+07   C-          =   9.164E+06
 GC          =   0.000E+00   C+          =   9.911E+15   C           =   2.626E+15
 RC          =   0.000E+00   RCH         =   0.000E+00   CH          =   7.216E+13
 GCH         =   0.000E+00   CH+         =   1.725E+10   CH-         =   1.337E+02
 RCH2        =   0.000E+00   GN          =   0.000E+00   CH2+        =   1.521E+10
 N+          =   5.155E+09   CH2         =   6.205E+13   GCH2        =   0.000E+00
 N           =   4.019E+15   RN          =   0.000E+00   RCH3        =   0.000E+00
 NH+         =   3.659E+06   CH3         =   3.880E+15   CH3+        =   2.661E+11
 GCH3        =   0.000E+00   RNH         =   0.000E+00   NH          =   7.189E+11
 GNH         =   0.000E+00   GO          =   0.000E+00   O-          =   4.747E+06
 RO          =   0.000E+00   CH4         =   7.850E+15   CH4+        =   1.303E+07
 NH2         =   1.017E+12   RCH4        =   0.000E+00   RNH2        =   0.000E+00
 O+          =   1.935E+07   NH2+        =   1.288E+07   O           =   6.647E+15
 GCH4        =   0.000E+00   GNH2        =   0.000E+00   CH5+        =   7.465E+08
 OH          =   1.460E+15   RNH3        =   0.000E+00   OH+         =   5.889E+07
 ROH         =   0.000E+00   GOH         =   0.000E+00   OH-         =   3.502E+05
 NH3+        =   3.040E+09   NH3         =   3.695E+13   GNH3        =   0.000E+00
 RH2O        =   0.000E+00   H2O         =   2.787E+16   H2O+        =   1.129E+08
 GH2O        =   0.000E+00   NH4+        =   1.561E+10   F+          =   8.025E+03
 F           =   9.749E+11   GF          =   0.000E+00   H3O+        =   1.394E+11
 RF          =   0.000E+00   GHF         =   0.000E+00   RHF         =   0.000E+00
 HF          =   1.872E+14   HF+         =   2.344E+03   H2F+        =   2.832E+08
 Na+         =   1.067E+14   GNa         =   0.000E+00   Na          =   4.013E+12
 RNa         =   0.000E+00   C2          =   1.007E+15   Mg          =   9.371E+12
 RC2         =   0.000E+00   RMg         =   0.000E+00   C2-         =   1.789E+06
 GMg         =   0.000E+00   C2+         =   4.919E+10   Mg+         =   1.014E+14
 GC2         =   0.000E+00   RC2H        =   0.000E+00   GC2H        =   0.000E+00
 C2H-        =   1.354E+06   C2H         =   8.423E+14   C2H+        =   4.352E+10
 CN          =   1.120E+15   GC2H2       =   0.000E+00   GCN         =   0.000E+00
 CN-         =   4.920E+07   C2H2        =   3.953E+17   C2H2+       =   1.474E+12
 CN+         =   2.918E+06   RC2H2       =   0.000E+00   RCN         =   0.000E+00
 GHNC        =   0.000E+00   HCN+        =   1.651E+07   RHNC        =   0.000E+00
 HCN         =   4.499E+17   HNC         =   1.042E+13   GHCN        =   0.000E+00
 GC2H3       =   0.000E+00   RC2H3       =   0.000E+00   C2H3        =   2.039E+11
 C2H3+       =   2.042E+12   RHCN        =   0.000E+00   H2CN        =   4.230E+09
 RN2         =   0.000E+00   Si+         =   1.161E+15   CO          =   8.898E+18
 GSi         =   0.000E+00   RC2H4       =   0.000E+00   GCO         =   0.000E+00
 N2+         =   6.284E+05   GC2H4       =   0.000E+00   RCO         =   0.000E+00
 C2H4        =   2.763E+13   C2H4+       =   4.231E+10   GN2         =   0.000E+00
 RSi         =   0.000E+00   RH2CN       =   0.000E+00   N2          =   4.418E+17
 H2NC+       =   6.248E+07   CO+         =   2.299E+08   HCNH+       =   1.034E+13
 Si          =   5.118E+14   GH2CN       =   0.000E+00   CH2NH       =   7.320E+09
 SiH+        =   2.557E+07   RHCO        =   0.000E+00   GCH2NH      =   0.000E+00
 SiH         =   3.311E+11   N2H+        =   4.307E+09   C2H5        =   3.919E+09
 C2H5+       =   3.819E+08   GHCO        =   0.000E+00   RCH2NH      =   0.000E+00
 HOC+        =   1.071E+09   GSiH        =   0.000E+00   GC2H5       =   0.000E+00
 RC2H5       =   0.000E+00   HCO         =   7.920E+09   RSiH        =   0.000E+00
 HCO+        =   2.979E+11   GCH3NH      =   0.000E+00   RCH2NH2     =   0.000E+00
 CH2NH2+     =   3.445E+04   RSiH2       =   0.000E+00   SiH2+       =   5.930E+08
 SiH2        =   2.906E+06   C2H6        =   2.328E+10   C2H6+       =   2.258E+07
 CH3NH       =   0.000E+00   RCH3NH      =   0.000E+00   GCH2NH2     =   0.000E+00
 GSiH2       =   0.000E+00   NO+         =   5.855E+08   GC2H6       =   0.000E+00
 CH3NH+      =   2.152E+07   CH2NH2      =   0.000E+00   NO          =   4.657E+11
 GNO         =   0.000E+00   RH2CO       =   0.000E+00   H2CO+       =   9.374E+08
 RNO         =   0.000E+00   GH2CO       =   0.000E+00   RC2H6       =   0.000E+00
 H2CO        =   2.199E+10   SiH3+       =   1.036E+04   P+          =   1.106E+12
 GHNO        =   0.000E+00   RCH3NH2     =   0.000E+00   CH3O        =   4.411E+02
 RSiH3       =   0.000E+00   SiH3        =   2.474E+01   GCH2OH      =   0.000E+00
 HNO         =   5.993E+07   GSiH3       =   0.000E+00   RCH2OH      =   0.000E+00
 CF+         =   1.864E+09   H3CO+       =   1.123E+07   C2H7+       =   7.585E+02
 P           =   4.304E+11   CH3NH2+     =   1.895E+05   RHNO        =   0.000E+00
 GCH3NH2     =   0.000E+00   HNO+        =   6.524E+04   RP          =   0.000E+00
 RCH3O       =   0.000E+00   CH3NH2      =   3.925E+09   GCH3O       =   0.000E+00
 GP          =   0.000E+00   CH2OH       =   2.413E+08   S-          =   5.879E+06
 GPH         =   0.000E+00   GS          =   0.000E+00   RO2         =   0.000E+00
 GCH3OH      =   0.000E+00   O2          =   1.239E+11   PH+         =   2.020E+06
 GO2         =   0.000E+00   RCH3OH      =   0.000E+00   CH3NH3+     =   2.529E+07
 RS          =   0.000E+00   RPH         =   0.000E+00   CH3OH+      =   5.775E+01
 S           =   5.168E+16   CH3OH       =   1.450E+05   SiH4+       =   1.323E-09
 SiH4        =   3.959E+02   GHNOH       =   0.000E+00   GSiH4       =   0.000E+00
 H2NO+       =   1.956E+02   O2-         =   2.062E-11   RHNOH       =   0.000E+00
 RSiH4       =   0.000E+00   HNOH        =   0.000E+00   HNOH+       =  -3.022E-14
 PH          =   5.997E+09   O2+         =   7.351E+06   S+          =   5.758E+14
 GPH2        =   0.000E+00   HS+         =   9.929E+08   NH2OH       =   0.000E+00
 RPH2        =   0.000E+00   CH3OH2+     =   2.565E+06   RHS         =   0.000E+00
 PH2         =   9.542E+03   SiH5+       =   4.747E-01   GNH2OH      =   0.000E+00
 NH2OH+      =   0.000E+00   PH2+        =   2.193E+06   RO2H        =   0.000E+00
 RNH2OH      =   0.000E+00   O2H         =   3.407E+02   GO2H        =   0.000E+00
 GHS         =   0.000E+00   HS          =   1.870E+15   O2H+        =   1.699E+00
 GH2S        =   0.000E+00   H2S+        =   2.095E+08   H2O2        =   1.701E-02
 RH2S        =   0.000E+00   H2S         =   1.806E+13   GH2O2       =   0.000E+00
 NH3OH+      =   0.000E+00   PH3+        =   8.577E+02   RH2O2       =   0.000E+00
 Cl          =   9.884E+13   GCl         =   0.000E+00   H3S+        =   1.037E+08
 RCl         =   0.000E+00   Cl+         =   7.865E+09   C3-         =   9.860E+05
 GHCl        =   0.000E+00   C3+         =   5.746E+09   HCl+        =   3.428E+09
 RHCl        =   0.000E+00   HCl         =   3.500E+15   C3          =   9.923E+15
 GC3         =   0.000E+00   RC3         =   0.000E+00   GC3H        =   0.000E+00
 C3H-        =   2.622E+07   C3H+        =   1.779E+10   C3H         =   7.239E+15
 RC3H        =   0.000E+00   H2Cl+       =   8.953E+09   C2N+        =   1.357E+09
 RC2N        =   0.000E+00   C2N         =   1.626E+12   H2CCC       =   3.944E+14
 C3H2+       =   1.337E+10   C3H2        =   4.865E+14   CNC+        =   3.207E+11
 GC2N        =   0.000E+00   GH2CCC      =   0.000E+00   RC3H2       =   0.000E+00
 RH2CCC      =   0.000E+00   GC3H2       =   0.000E+00   GCH2CCH     =   0.000E+00
 C3H3+       =   5.372E+10   RCH2CCH     =   0.000E+00   CH2CCH      =   1.473E+15
 RHCCN       =   0.000E+00   HCCN        =   0.000E+00   C2NH+       =   1.023E+09
 CH2CCH+     =   8.740E+10   GHCCN       =   0.000E+00   GCH3CCH     =   0.000E+00
 CH2CCH2     =   3.943E+10   RSiC        =   0.000E+00   GCH2CN      =   0.000E+00
 CH3CCH      =   9.588E+12   CH2CN+      =   1.044E+09   RCH3CCH     =   0.000E+00
 GSiC        =   0.000E+00   RCH2CN      =   0.000E+00   C2O         =   1.735E+12
 GC2O        =   0.000E+00   SiC+        =   4.354E+09   GCH2CCH2    =   0.000E+00
 SiC         =   8.572E+15   C2O+        =   4.462E+07   RCH2CCH2    =   0.000E+00
 CH2CN       =   5.484E+12   C3H4+       =   3.684E+08   RC2O        =   0.000E+00
 GCH3CN      =   0.000E+00   CH3CN+      =   7.359E+05   HC2O+       =   5.710E+07
 HC2O        =   2.777E+06   RCH3CN      =   0.000E+00   CH3CN       =   5.846E+12
 GHC2O       =   0.000E+00   GHCSi       =   0.000E+00   HCSi        =   1.420E+14
 C3H5+       =   8.893E+10   RHC2O       =   0.000E+00   RHCSi       =   0.000E+00
 HCSi+       =   4.202E+09   CH2CO+      =   1.134E+12   GCH3CHCH2   =   0.000E+00
 RSiCH2      =   0.000E+00   SiCH2+      =   1.997E+12   GCH2CO      =   0.000E+00
 RCH2CO      =   0.000E+00   RCH3CHCH2   =   0.000E+00   NH2CN       =   9.879E+07
 GSiCH2      =   0.000E+00   RCNO        =   0.000E+00   OCN+        =   3.780E+02
 GNH2CN      =   0.000E+00   CH3CHCH2    =   3.077E+11   CNO         =   1.894E-01
 GSiN        =   0.000E+00   OCN         =   4.539E+10   ROCN        =   0.000E+00
 SiCH2       =   1.047E+15   C3H6+       =   7.719E+10   SiN         =   1.013E+14
 GOCN        =   0.000E+00   CH3CNH+     =   5.447E+11   CH2CO       =   4.933E+10
 GCNO        =   0.000E+00   SiN+        =   8.561E+08   RNH2CN      =   0.000E+00
 RSiN        =   0.000E+00   CP+         =   4.806E+05   HOCN+       =   9.145E+02
 HCNO        =   9.550E+07   RSiCH3      =   0.000E+00   SiCH3+      =   2.175E+09
 GCH3CO      =   0.000E+00   NH2CNH+     =   3.274E+02   HCNO+       =   1.592E-02
 GHOCN       =   0.000E+00   HOCN        =   3.459E+07   GHCNO       =   0.000E+00
 RCH3CO      =   0.000E+00   RHOCN       =   0.000E+00   RHCNO       =   0.000E+00
 HNSi        =   2.123E+13   HNSi+       =   4.944E+03   GSiCH3      =   0.000E+00
 CH3CO+      =   6.949E+07   GHONC       =   0.000E+00   CH3CO       =   1.777E+07
 HONC+       =   2.132E-06   RHNSi       =   0.000E+00   HONC        =   6.277E+02
 GCP         =   0.000E+00   GHNCO       =   0.000E+00   GHNSi       =   0.000E+00
 C3H7+       =   2.018E+10   HNCO+       =   9.169E+02   CP          =   2.308E+14
 RCP         =   0.000E+00   RHNCO       =   0.000E+00   RHONC       =   0.000E+00
 HNCO        =   2.293E+07   SiCH3       =   1.810E+09   N2O+        =   1.320E+02
 RSiO        =   0.000E+00   CH3CHO      =   1.351E+08   GN2O        =   0.000E+00
 GCS         =   0.000E+00   GCO2        =   0.000E+00   RCH3CHO     =   0.000E+00
 GHNCHO      =   0.000E+00   CS          =   5.369E+16   N2O         =   8.363E+04
 CO2+        =   6.978E+02   GCH3CHO     =   0.000E+00   RCO2        =   0.000E+00
 SiO+        =   2.103E+09   H2OCN+      =   2.126E+06   H2CNO+      =   2.390E+02
 SiNH2+      =   2.200E+09   NH2CO       =   0.000E+00   HCNOH+      =   2.391E+02
 RHNCHO      =   0.000E+00   HCP         =   3.690E+13   HCP+        =   5.247E+05
 GSiO        =   0.000E+00   RCS         =   0.000E+00   RN2O        =   0.000E+00
 SiO         =   2.911E+15   CO2         =   2.896E+15   GNH2CO      =   0.000E+00
 HNCHO       =   0.000E+00   HNCOH+      =   4.302E+06   GHCP        =   0.000E+00
 CH3CHO+     =   7.643E+04   RNH2CO      =   0.000E+00   H2NCO+      =   2.177E+06
 RHCP        =   0.000E+00   CS+         =   1.138E+10   SiCH4+      =   2.178E+05
 GHCS        =   0.000E+00   COOH        =   0.000E+00   PN+         =   2.795E+02
 CH3OCH2     =   5.285E-08   NH2CHO+     =   0.000E+00   RHCS        =   0.000E+00
 PN          =   3.275E+09   RPN         =   0.000E+00   RCOOH       =   0.000E+00
 CH3CHOH+    =   5.373E+07   RNH2CHO     =   0.000E+00   HCS+        =   1.117E+12
 HN2O+       =   1.488E-02   GNH2CHO     =   0.000E+00   SiOH+       =   1.444E+13
 PCH2+       =   1.491E+09   NH2CHO      =   2.149E+07   GPN         =   0.000E+00
 HCO2+       =   5.865E+07   GCOOH       =   0.000E+00   HCS         =   1.622E+10
 C2H5OH      =   1.285E+03   H2SiO+      =   1.063E+01   HCOOH       =   9.634E+07
 CH2PH       =   9.254E+05   GHCOOH      =   0.000E+00   HPN+        =   9.828E+03
 GH2SiO      =   0.000E+00   RHCOOH      =   0.000E+00   RH2SiO      =   0.000E+00
 NS+         =   1.194E+09   H2CS        =   2.591E+16   RH2CS       =   0.000E+00
 GNS         =   0.000E+00   NS          =   6.096E+13   RCH2PH      =   0.000E+00
 GCH3OCH3    =   0.000E+00   GC2H5OH     =   0.000E+00   C2H5OH+     =   7.327E-02
 H2CS+       =   4.008E+12   GNO2        =   0.000E+00   RCH3OCH3    =   0.000E+00
 RC2H5OH     =   0.000E+00   NO2         =   6.810E+02   PCH3+       =   7.715E+02
 RNO2        =   0.000E+00   H2SiO       =   5.153E-01   GH2CS       =   0.000E+00
 CH3OCH3     =   2.191E-03   RNS         =   0.000E+00   CH3OCH3+    =   1.134E-05
 NO2+        =   1.491E-01   NH2CH2O+    =   6.218E+02   HCOOH+      =   1.045E+05
 GCH2PH      =   0.000E+00   HCOOH2+     =   8.721E+06   H3CS+       =   3.846E+10
 RPO         =   0.000E+00   GPO         =   0.000E+00   PNH2+       =   4.841E+04
 HNS+        =   1.531E+08   PCH4+       =   1.432E+03   C2H5OH2+    =   1.266E+00
 PO+         =   2.638E+08   CCl+        =   1.485E+09   CH3OCH4+    =   1.771E-04
 PO          =   2.240E+09   H3SiO+      =   7.779E-04   RCCl        =   0.000E+00
 SiF+        =   5.843E+10   CCl         =   4.370E+10   GCCl        =   0.000E+00
 GO3         =   0.000E+00   GHPO        =   0.000E+00   SO          =   1.041E+14
 RO3         =   0.000E+00   PNH3+       =   7.595E+00   RHPO        =   0.000E+00
 C4          =   3.581E+13   SO+         =   2.866E+12   O3          =   0.000E+00
 HPO+        =   7.958E+07   GC4         =   0.000E+00   C4+         =   3.689E+08
 HPO         =   8.110E+04   GSO         =   0.000E+00   RSO         =   0.000E+00
 C4-         =   3.179E+10   RC4         =   0.000E+00   GC4H        =   0.000E+00
 H2CCl+      =   1.451E+07   RC4H        =   0.000E+00   HSO+        =   1.307E+08
 H2PO+       =   7.929E+03   C4H         =   3.411E+13   C4H+        =   9.592E+08
 C4H-        =   1.263E+11   GC3N        =   0.000E+00   RC3N        =   0.000E+00
 C3N         =   9.325E+13   C4H2        =   9.137E+13   RC4H2       =   0.000E+00
 C4H2+       =   3.766E+10   C3N+        =   2.079E+06   C3N-        =   4.999E+10
 GC4H2       =   0.000E+00   ClO         =   1.941E+03   GHC3N       =   0.000E+00
 HNC3        =   7.785E+09   RClO        =   0.000E+00   C4H3        =   6.755E+11
 C4H3+       =   2.643E+11   RC4H3       =   0.000E+00   RHNC3       =   0.000E+00
 ClO+        =   4.742E-03   GC4H3       =   0.000E+00   HC3N+       =   1.493E+09
 GHNC3       =   0.000E+00   RHC3N       =   0.000E+00   HC3N        =   5.413E+14
 GClO        =   0.000E+00   C2N2+       =   5.900E+05   RCH2CHCCH   =   0.000E+00
 C3O+        =   9.949E+02   C3O         =   2.963E+09   C4H4+       =   7.550E+09
 GCH2CHCCH   =   0.000E+00   SiC2+       =   1.188E+10   RC3O        =   0.000E+00
 GNCCN       =   0.000E+00   GSiC2       =   0.000E+00   HC3NH+      =   3.966E+10
 SiC2        =   2.247E+17   NCCN        =   4.138E+11   CH2CHCCH    =   5.107E+10
 GC3O        =   0.000E+00   RNCCN       =   0.000E+00   RSiC2       =   0.000E+00
 RSiC2H      =   0.000E+00   SiC2H       =   3.995E+16   C4H5+       =   8.646E+08
 HC3O+       =   2.286E+06   CH2CHCN+    =   3.409E+07   CH2CHCN     =   1.467E+10
 GSiC2H      =   0.000E+00   RCH2CHCN    =   0.000E+00   NCCNH+      =   2.521E+07
 GCH2CHCN    =   0.000E+00   SiC2H+      =   6.870E+12   C4H6        =   4.121E+08
 GSiC2H2     =   0.000E+00   SiC2H2+     =   2.448E+11   C2H4CN      =   0.000E+00
 C3H2O+      =   4.413E+07   RSiNC       =   0.000E+00   GSiNC       =   0.000E+00
 RSiC2H2     =   0.000E+00   CH2CHCNH+   =   1.767E+06   RC4H6       =   0.000E+00
 RC2H4CN     =   0.000E+00   SiNC+       =   2.296E+11   SiNC        =   1.989E+10
 SiC2H2      =   1.958E+13   GC4H6       =   0.000E+00   GC2H4CN     =   0.000E+00
 SiC2H3+     =   6.825E+10   GC2H5CN     =   0.000E+00   RCCP        =   0.000E+00
 C2H5CN      =   1.048E+09   C4H7+       =   5.927E+04   GCCP        =   0.000E+00
 H3C3O+      =   8.908E+08   RC2H5CN     =   0.000E+00   CCP         =   7.561E+12
 CCP+        =   7.154E+06   SiNCH+      =   1.416E+08   RHC2P       =   0.000E+00
 Fe          =   1.772E+13   RFe         =   0.000E+00   GFe         =   0.000E+00
 GHC2P       =   0.000E+00   HC2P+       =   4.206E+09   C2S+        =   1.297E+09
 RC2S        =   0.000E+00   C2S         =   1.214E+14   C2H5CNH+    =   6.244E+05
 HC2P        =   6.908E+08   Fe+         =   9.303E+13   GC2S        =   0.000E+00
 HC2S+       =   1.157E+12   PC2H2+      =   4.375E+05   RCH3COCH3   =   0.000E+00
 CH3COCH3+   =   7.452E-03   GCH3COCH3   =   0.000E+00   OHCCHO      =   0.000E+00
 GOHCCHO     =   0.000E+00   PC2H3+      =   1.181E+02   OHCCHO+     =   0.000E+00
 ROHCCHO     =   0.000E+00   CH3COCH3    =   2.671E+00   HOCHCHO     =   0.000E+00
 GHOCH2CO    =   0.000E+00   PC2H4+      =   7.374E-01   C2O2H3+     =   0.000E+00
 OHCCH2O+    =   0.000E+00   CH3CS+      =   1.359E+07   CH3COCH4+   =   8.096E-01
 OCH2CHO     =   0.000E+00   COOCH3+     =   7.549E-08   RHOCH2CO    =   0.000E+00
 GCOOCH3     =   0.000E+00   GOCH2CHO    =   0.000E+00   GCH2COOH    =   0.000E+00
 GHOCHCHO    =   0.000E+00   COOCH3      =   6.163E-02   RCH2COOH    =   0.000E+00
 RHOCHCHO    =   0.000E+00   RCOOCH3     =   0.000E+00   ROCH2CHO    =   0.000E+00
 HOCH2CO     =   0.000E+00   HOCH2CO+    =   0.000E+00   CH2COOH     =   0.000E+00
 OCS+        =   1.150E+09   GSiS        =   0.000E+00   C5          =   3.404E+12
 ROCS        =   0.000E+00   OCS         =   1.237E+13   GOCS        =   0.000E+00
 SiS         =   4.931E+16   HOCH2CHO    =   0.000E+00   HCOOCH3     =   3.879E-03
 SiO2        =   2.111E+12   SiS+        =   9.034E+10   HCOOCH3+    =   4.363E-07
 RSiS        =   0.000E+00   CH3COOH+    =   0.000E+00   CH3COOH     =   0.000E+00
 GSiO2       =   0.000E+00   GHOCH2CHO   =   0.000E+00   C2O2H4+     =   0.000E+00
 RC5         =   0.000E+00   C5-         =   6.608E+10   GHCOOCH3    =   0.000E+00
 GCH3COOH    =   0.000E+00   RHOCH2CHO   =   0.000E+00   HOCH2CHO+   =   0.000E+00
 GC5         =   0.000E+00   RHCOOCH3    =   0.000E+00   RCH3COOH    =   0.000E+00
 C5+         =   3.031E+07   RSiO2       =   0.000E+00   RC5H        =   0.000E+00
 H5C2O2+     =   2.782E-02   GC5H        =   0.000E+00   HOCS+       =   1.354E+08
 HSiO2+      =   6.375E+06   C5H-        =   3.256E+10   CH3COOH2+   =   0.000E+00
 GHOCH2CH2O  =   0.000E+00   HOCH2CH2O+  =   0.000E+00   RHOCH2CH2O  =   0.000E+00
 HSiS+       =   1.142E+11   C5H         =   3.342E+12   C5H+        =   3.673E+09
 HOCH2CH2O   =   0.000E+00   CH2OHCH2OH  =   0.000E+00   GC4N        =   0.000E+00
 GCH2OHCH2OH =   0.000E+00   CH2OHCH2OH+ =   0.000E+00   RCH2OHCH2OH =   0.000E+00
 C4N+        =   3.182E+08   C4N         =   4.919E+10   RC4N        =   0.000E+00
 GC5H2       =   0.000E+00   C5H2        =   6.189E+13   RC5H2       =   0.000E+00
 C5H2+       =   2.672E+10   HC4N+       =   3.674E+03   C5H3+       =   5.643E+10
 CH2OHCH2OHH+=   0.000E+00   RS2         =   0.000E+00   SO2+        =   8.834E+03
 GCH3C4H     =   0.000E+00   SO2         =   4.044E+13   CH3C4H+     =   1.451E+09
 GS2         =   0.000E+00   H2C4N+      =   2.915E+05   S2          =   1.087E+14
 RCH3C4H     =   0.000E+00   SiC3+       =   1.157E+11   S2+         =   1.046E+10
 GSiC3       =   0.000E+00   SiC3        =   2.161E+14   GSO2        =   0.000E+00
 RSiC3       =   0.000E+00   RSO2        =   0.000E+00   CH3C4H      =   6.349E+12
 SiC3H       =   1.806E+13   RSiC3H      =   0.000E+00   GSiC3H      =   0.000E+00
 CH3C3N      =   5.168E+10   HSO2+       =   1.415E+07   C5H5+       =   2.330E+10
 HS2         =   5.384E+10   GCH3C3N     =   0.000E+00   RHS2        =   0.000E+00
 HS2+        =   5.114E+08   CH3C3N+     =   2.793E+05   RCH3C3N     =   0.000E+00
 GHS2        =   0.000E+00   SiC3H+      =   2.236E+10   SiC3H2+     =   1.972E+10
 H2S2+       =   9.909E+07   H2S2        =   1.181E+10   RH2S2       =   0.000E+00
 CH3C3NH+    =   1.580E+07   GH2S2       =   0.000E+00   NCCNCH3+    =   4.442E+02
 GC3P        =   0.000E+00   RC3P        =   0.000E+00   C3P         =   6.540E+05
 H3S2+       =   2.777E+08   C3S         =   3.913E+13   C3S+        =   6.006E+10
 GC3S        =   0.000E+00   PC3H+       =   4.022E+04   RC3S        =   0.000E+00
 HC3S+       =   9.840E+10   GC6         =   0.000E+00   C6+         =   5.181E+08
 RC6         =   0.000E+00   C6-         =   1.001E+11   C6          =   1.846E+11
 C6H         =   4.433E+12   C6H+        =   7.719E+08   C6H-        =   4.766E+11
 GC6H        =   0.000E+00   RC6H        =   0.000E+00   RC6H2       =   0.000E+00
 C5N+        =   4.078E+03   C6H2        =   1.386E+14   C6H2+       =   1.365E+10
 RC5N        =   0.000E+00   C5N         =   6.029E+10   NHCH2COOH   =   0.000E+00
 GC5N        =   0.000E+00   GC6H2       =   0.000E+00   C5N-        =   1.197E+10
 RNHCH2COOH  =   0.000E+00   GNHCH2COOH  =   0.000E+00   GHC5N       =   0.000E+00
 C6H3+       =   1.827E+09   RHC5N       =   0.000E+00   HC5N+       =   4.149E+04
 NH2CH2COOH+ =   0.000E+00   RNH2CH2COOH =   0.000E+00   NH2CH2COOH  =   0.000E+00
 HC5N        =   3.127E+12   GNH2CH2COOH =   0.000E+00   SiC4+       =   3.999E+10
 NH2CH2COOH2+=   0.000E+00   RSiC4       =   0.000E+00   SiC4        =   1.661E+14
 GSiC4       =   0.000E+00   C6H4+       =   1.232E+09   HC5NH+      =   1.515E+07
 SiC4H+      =   4.878E+11   C6H5+       =   2.855E+07   H3C5N+      =   3.085E+07
 RC6H6       =   0.000E+00   GC6H6       =   0.000E+00   C6H6        =   9.293E+12
 C6H6+       =   5.254E+06   GC4P        =   0.000E+00   C4P         =   9.049E+05
 RC4P        =   0.000E+00   C4P+        =   1.989E-01   C6H7+       =   2.385E+10
 GC4S        =   0.000E+00   PC4H+       =   1.873E+05   C4S+        =   2.237E+10
 C4S         =   2.781E+12   RC4S        =   0.000E+00   HC4S+       =   5.977E+10
 RC7         =   0.000E+00   C7          =   6.608E+10   GC7         =   0.000E+00
 C7-         =   3.388E+11   C7+         =   5.923E+08   C7H-        =   2.491E+11
 RC7H        =   0.000E+00   C7H         =   1.093E+12   GC7H        =   0.000E+00
 C7H+        =   2.309E+09   GC7H2       =   0.000E+00   RC7H2       =   0.000E+00
 C7H2        =   1.211E+13   C7H2+       =   1.148E+09   C7H3+       =   2.874E+09
 RCH3C6H     =   0.000E+00   CH3C6H      =   2.847E+11   C7H4+       =   5.773E+08
 GCH3C6H     =   0.000E+00   GCH3C5N     =   0.000E+00   CH3C5N      =   2.731E+07
 RCH3C5N     =   0.000E+00   C7H5+       =   1.025E+09   CH3C5NH+    =   3.370E+05
 RC8         =   0.000E+00   C8-         =   2.592E+11   C8+         =   1.072E+09
 GC8         =   0.000E+00   C8          =   1.378E+11   C8H-        =   1.307E+11
 C8H         =   3.791E+11   C8H+        =   2.721E+08   RC8H        =   0.000E+00
 GC8H        =   0.000E+00   GC8H2       =   0.000E+00   C7N+        =   1.434E+06
 C7N         =   5.218E+10   C8H2        =   2.120E+12   RC8H2       =   0.000E+00
 C8H2+       =   1.644E+09   RC7N        =   0.000E+00   GC7N        =   0.000E+00
 HC7N        =   8.480E+11   GHC7N       =   0.000E+00   HC7N+       =   2.737E+08
 C8H3+       =   2.502E+08   RHC7N       =   0.000E+00   H2C7N+      =   1.459E+08
 C8H4+       =   1.115E+08   H3C7N+      =   3.929E+06   C8H5+       =   1.526E+06
 C9+         =   7.099E+08   C9-         =   2.382E+11   GC9         =   0.000E+00
 RC9         =   0.000E+00   C9          =   3.982E+10   C9H         =   3.824E+10
 C9H+        =   7.210E+08   GC9H        =   0.000E+00   C9H-        =   5.725E+10
 RC9H        =   0.000E+00   C9H2        =   5.880E+11   C9H2+       =   2.214E+08
 RC9H2       =   0.000E+00   GC9H2       =   0.000E+00   C9H3+       =   5.990E+07
 C9H4+       =   2.249E+07   CH3C7N      =   7.900E+06   C9H5+       =   7.484E+04
 GCH3C7N     =   0.000E+00   RCH3C7N     =   0.000E+00   CH3C7NH+    =   9.234E+04
 GC10        =   0.000E+00   C10+        =   5.835E+08   C10         =   7.833E+09
 RC10        =   0.000E+00   C10-        =   1.560E+10   C10H+       =   7.632E+07
 GC10H       =   0.000E+00   C10H        =   9.680E+09   RC10H       =   0.000E+00
 C10H-       =   4.614E+09   GC9N        =   0.000E+00   C10H2+      =   8.446E+07
 RC9N        =   0.000E+00   GC10H2      =   0.000E+00   C9N+        =   2.565E+05
 C10H2       =   8.533E+10   C9N         =   3.732E+09   RC10H2      =   0.000E+00
 C10H3+      =   7.871E+05   GHC9N       =   0.000E+00   HC9N        =   4.010E+10
 HC9N+       =   1.485E+07   RHC9N       =   0.000E+00   H2C9N+      =   4.306E+06
 H3C9N+      =   3.872E+05   RC11        =   0.000E+00   C11+        =   4.360E+07
 GC11        =   0.000E+00   C11         =   1.944E+08   e-          =   1.202E+16
 H2          =   1.096E+22
