


                   **  CALCULATED COLUMN DENSITIES  **


 H           =   2.990E+21   RH          =   0.000E+00   GH          =   0.000E+00
 H+          =   2.772E+13   H-          =   4.701E+07   GH2         =   0.000E+00
 H2+         =   1.773E+09   RH2         =   0.000E+00   H3+         =   2.284E+10
 He          =   3.765E+20   GHe         =   0.000E+00   He+         =   1.936E+12
 RHe         =   0.000E+00   HeH+        =   2.288E+07   C-          =   2.183E+03
 GC          =   0.000E+00   C+          =   1.944E+15   C           =   2.209E+14
 RC          =   0.000E+00   RCH         =   0.000E+00   CH          =   4.196E+10
 GCH         =   0.000E+00   CH+         =   4.508E+08   CH-         =   5.541E-05
 RCH2        =   0.000E+00   GN          =   0.000E+00   CH2+        =   1.140E+09
 N+          =   2.524E+09   CH2         =   5.075E+08   GCH2        =   0.000E+00
 N           =   1.206E+16   RN          =   0.000E+00   RCH3        =   0.000E+00
 NH+         =   3.223E+06   CH3         =   1.048E+08   CH3+        =   4.695E+09
 GCH3        =   0.000E+00   RNH         =   0.000E+00   NH          =   1.126E+11
 GNH         =   0.000E+00   GO          =   0.000E+00   O-          =   1.833E+05
 RO          =   0.000E+00   CH4         =   2.371E+07   CH4+        =   1.121E+05
 NH2         =   1.228E+10   RCH4        =   0.000E+00   RNH2        =   0.000E+00
 O+          =   2.031E+08   NH2+        =   1.099E+07   O           =   2.698E+17
 GCH4        =   0.000E+00   GNH2        =   0.000E+00   CH5+        =   1.611E+05
 OH          =   4.878E+16   RNH3        =   0.000E+00   OH+         =   2.372E+14
 ROH         =   0.000E+00   GOH         =   0.000E+00   OH-         =   5.383E+03
 NH3+        =   1.106E+09   NH3         =   4.944E+13   GNH3        =   0.000E+00
 RH2O        =   0.000E+00   H2O         =   1.441E+17   H2O+        =   3.444E+14
 GH2O        =   0.000E+00   NH4+        =   2.574E+09   F+          =   8.028E+03
 F           =   1.117E+12   GF          =   0.000E+00   H3O+        =   4.203E+15
 RF          =   0.000E+00   GHF         =   0.000E+00   RHF         =   0.000E+00
 HF          =   2.087E+13   HF+         =   2.322E+03   H2F+        =   1.261E+07
 Na+         =   2.136E+13   GNa         =   0.000E+00   Na          =   7.931E+11
 RNa         =   0.000E+00   C2          =   1.288E+09   Mg          =   8.137E+11
 RC2         =   0.000E+00   RMg         =   0.000E+00   C2-         =   2.247E-01
 GMg         =   0.000E+00   C2+         =   1.766E+07   Mg+         =   2.134E+13
 GC2         =   0.000E+00   RC2H        =   0.000E+00   GC2H        =   0.000E+00
 C2H-        =   1.106E-01   C2H         =   1.532E+08   C2H+        =   7.926E+06
 CN          =   6.494E+12   GC2H2       =   0.000E+00   GCN         =   0.000E+00
 CN-         =   7.276E+00   C2H2        =   5.213E+07   C2H2+       =   1.769E+07
 CN+         =   3.119E+04   RC2H2       =   0.000E+00   RCN         =   0.000E+00
 GHNC        =   0.000E+00   HCN+        =   1.201E+07   RHNC        =   0.000E+00
 HCN         =   3.922E+14   HNC         =   1.375E+10   GHCN        =   0.000E+00
 GC2H3       =   0.000E+00   RC2H3       =   0.000E+00   C2H3        =   1.551E+04
 C2H3+       =   1.162E+05   RHCN        =   0.000E+00   H2CN        =   1.029E+03
 RN2         =   0.000E+00   Si+         =   1.076E+16   CO          =   6.594E+17
 GSi         =   0.000E+00   RC2H4       =   0.000E+00   GCO         =   0.000E+00
 N2+         =   1.050E+06   GC2H4       =   0.000E+00   RCO         =   0.000E+00
 C2H4        =   8.993E+02   C2H4+       =   8.171E+03   GN2         =   0.000E+00
 RSi         =   0.000E+00   RH2CN       =   0.000E+00   N2          =   8.325E+16
 H2NC+       =   6.432E+06   CO+         =   3.561E+08   HCNH+       =   4.008E+11
 Si          =   1.683E+16   GH2CN       =   0.000E+00   CH2NH       =   2.970E+02
 SiH+        =   4.331E+09   RHCO        =   0.000E+00   GCH2NH      =   0.000E+00
 SiH         =   1.137E+09   N2H+        =   7.055E+11   C2H5        =   5.493E+00
 C2H5+       =   1.393E-01   GHCO        =   0.000E+00   RCH2NH      =   0.000E+00
 HOC+        =   2.815E+09   GSiH        =   0.000E+00   GC2H5       =   0.000E+00
 RC2H5       =   0.000E+00   HCO         =   1.522E+05   RSiH        =   0.000E+00
 HCO+        =   2.722E+13   GCH3NH      =   0.000E+00   RCH2NH2     =   0.000E+00
 CH2NH2+     =   1.350E-02   RSiH2       =   0.000E+00   SiH2+       =   1.246E+09
 SiH2        =   8.882E+03   C2H6        =   1.197E+02   C2H6+       =   2.817E-01
 CH3NH       =   0.000E+00   RCH3NH      =   0.000E+00   GCH2NH2     =   0.000E+00
 GSiH2       =   0.000E+00   NO+         =   1.738E+11   GC2H6       =   0.000E+00
 CH3NH+      =   6.752E+01   CH2NH2      =   0.000E+00   NO          =   1.734E+14
 GNO         =   0.000E+00   RH2CO       =   0.000E+00   H2CO+       =   4.310E+07
 RNO         =   0.000E+00   GH2CO       =   0.000E+00   RC2H6       =   0.000E+00
 H2CO        =   2.304E+06   SiH3+       =   3.960E+03   P+          =   7.964E+13
 GHNO        =   0.000E+00   RCH3NH2     =   0.000E+00   CH3O        =   7.050E+00
 RSiH3       =   0.000E+00   SiH3        =   6.424E-03   GCH2OH      =   0.000E+00
 HNO         =   2.695E+08   GSiH3       =   0.000E+00   RCH2OH      =   0.000E+00
 CF+         =   1.158E+08   H3CO+       =   2.024E+05   C2H7+       =   7.288E-09
 P           =   1.118E+14   CH3NH2+     =   2.615E-02   RHNO        =   0.000E+00
 GCH3NH2     =   0.000E+00   HNO+        =   2.311E+10   RP          =   0.000E+00
 RCH3O       =   0.000E+00   CH3NH2      =   3.949E+01   GCH3O       =   0.000E+00
 GP          =   0.000E+00   CH2OH       =   1.260E+03   S-          =   4.333E+05
 GPH         =   0.000E+00   GS          =   0.000E+00   RO2         =   0.000E+00
 GCH3OH      =   0.000E+00   O2          =   8.760E+15   PH+         =   9.880E+08
 GO2         =   0.000E+00   RCH3OH      =   0.000E+00   CH3NH3+     =   8.567E+01
 RS          =   0.000E+00   RPH         =   0.000E+00   CH3OH+      =   1.831E+00
 S           =   2.997E+16   CH3OH       =   2.195E+04   SiH4+       =   4.119E-11
 SiH4        =   1.921E-01   GHNOH       =   0.000E+00   GSiH4       =   0.000E+00
 H2NO+       =   7.253E+04   O2-         =   5.886E-08   RHNOH       =   0.000E+00
 RSiH4       =   0.000E+00   HNOH        =  -1.234E-10   HNOH+       =   5.458E-09
 PH          =   4.363E+11   O2+         =   9.972E+12   S+          =   2.397E+15
 GPH2        =   0.000E+00   HS+         =   2.574E+07   NH2OH       =   7.697E-13
 RPH2        =   0.000E+00   CH3OH2+     =   9.014E+05   RHS         =   0.000E+00
 PH2         =   2.119E+05   SiH5+       =   8.947E-04   GNH2OH      =   0.000E+00
 NH2OH+      =   7.313E-09   PH2+        =   2.914E+07   RO2H        =   0.000E+00
 RNH2OH      =   0.000E+00   O2H         =   1.868E+02   GO2H        =   0.000E+00
 GHS         =   0.000E+00   HS          =   5.835E+12   O2H+        =   8.251E+04
 GH2S        =   0.000E+00   H2S+        =   2.348E+07   H2O2        =   7.826E-04
 RH2S        =   0.000E+00   H2S         =   1.383E+15   GH2O2       =   0.000E+00
 NH3OH+      =  -3.934E-17   PH3+        =   3.562E+04   RH2O2       =   0.000E+00
 Cl          =   1.872E+13   GCl         =   0.000E+00   H3S+        =   1.362E+06
 RCl         =   0.000E+00   Cl+         =   6.372E+08   C3-         =   4.488E-04
 GHCl        =   0.000E+00   C3+         =   6.005E+04   HCl+        =   2.893E+08
 RHCl        =   0.000E+00   HCl         =   3.430E+12   C3          =   1.966E+05
 GC3         =   0.000E+00   RC3         =   0.000E+00   GC3H        =   0.000E+00
 C3H-        =   1.162E-02   C3H+        =   3.121E+04   C3H         =   6.436E+04
 RC3H        =   0.000E+00   H2Cl+       =   4.263E+08   C2N+        =   3.591E+04
 RC2N        =   0.000E+00   C2N         =   1.553E+05   H2CCC       =   3.411E+03
 C3H2+       =   2.389E+02   C3H2        =   6.161E+04   CNC+        =   2.625E+07
 GC2N        =   0.000E+00   GH2CCC      =   0.000E+00   RC3H2       =   0.000E+00
 RH2CCC      =   0.000E+00   GC3H2       =   0.000E+00   GCH2CCH     =   0.000E+00
 C3H3+       =   7.343E+02   RCH2CCH     =   0.000E+00   CH2CCH      =   1.988E+04
 RHCCN       =   0.000E+00   HCCN        =   0.000E+00   C2NH+       =   2.260E+03
 CH2CCH+     =   1.650E+03   GHCCN       =   0.000E+00   GCH3CCH     =   0.000E+00
 CH2CCH2     =   1.737E+02   RSiC        =   0.000E+00   GCH2CN      =   0.000E+00
 CH3CCH      =   4.445E+03   CH2CN+      =   4.515E+03   RCH3CCH     =   0.000E+00
 GSiC        =   0.000E+00   RCH2CN      =   0.000E+00   C2O         =   1.012E+06
 GC2O        =   0.000E+00   SiC+        =   4.280E+06   GCH2CCH2    =   0.000E+00
 SiC         =   6.544E+08   C2O+        =   8.897E+02   RCH2CCH2    =   0.000E+00
 CH2CN       =   2.436E+05   C3H4+       =   1.170E+01   RC2O        =   0.000E+00
 GCH3CN      =   0.000E+00   CH3CN+      =   2.457E+04   HC2O+       =   3.506E+03
 HC2O        =   2.198E+01   RCH3CN      =   0.000E+00   CH3CN       =   8.837E+06
 GHC2O       =   0.000E+00   GHCSi       =   0.000E+00   HCSi        =   1.972E+08
 C3H5+       =   9.796E+02   RHC2O       =   0.000E+00   RHCSi       =   0.000E+00
 HCSi+       =   3.116E+06   CH2CO+      =   1.958E+03   GCH3CHCH2   =   0.000E+00
 RSiCH2      =   0.000E+00   SiCH2+      =   1.254E+07   GCH2CO      =   0.000E+00
 RCH2CO      =   0.000E+00   RCH3CHCH2   =   0.000E+00   NH2CN       =   7.779E+02
 GSiCH2      =   0.000E+00   RCNO        =   0.000E+00   OCN+        =   2.899E+02
 GNH2CN      =   0.000E+00   CH3CHCH2    =   2.331E+03   CNO         =   2.123E-06
 GSiN        =   0.000E+00   OCN         =   1.646E+08   ROCN        =   0.000E+00
 SiCH2       =   8.593E+06   C3H6+       =   3.534E+01   SiN         =   4.226E+08
 GOCN        =   0.000E+00   CH3CNH+     =   5.828E+06   CH2CO       =   1.193E+05
 GCNO        =   0.000E+00   SiN+        =   3.764E+08   RNH2CN      =   0.000E+00
 RSiN        =   0.000E+00   CP+         =   2.258E+02   HOCN+       =   1.420E+02
 HCNO        =   5.498E+02   RSiCH3      =   0.000E+00   SiCH3+      =   1.803E+00
 GCH3CO      =   0.000E+00   NH2CNH+     =   2.255E-04   HCNO+       =   1.283E-05
 GHOCN       =   0.000E+00   HOCN        =   8.645E+06   GHCNO       =   0.000E+00
 RCH3CO      =   0.000E+00   RHOCN       =   0.000E+00   RHCNO       =   0.000E+00
 HNSi        =   6.438E+08   HNSi+       =   2.927E+03   GSiCH3      =   0.000E+00
 CH3CO+      =   9.353E+04   GHONC       =   0.000E+00   CH3CO       =   7.609E-03
 HONC+       =   7.654E-10   RHNSi       =   0.000E+00   HONC        =   1.073E-02
 GCP         =   0.000E+00   GHNCO       =   0.000E+00   GHNSi       =   0.000E+00
 C3H7+       =   1.079E+02   HNCO+       =   1.424E+02   CP          =   2.600E+08
 RCP         =   0.000E+00   RHNCO       =   0.000E+00   RHONC       =   0.000E+00
 HNCO        =   2.680E+06   SiCH3       =   6.278E+01   N2O+        =   9.936E+03
 RSiO        =   0.000E+00   CH3CHO      =   9.191E-01   GN2O        =   0.000E+00
 GCS         =   0.000E+00   GCO2        =   0.000E+00   RCH3CHO     =   0.000E+00
 GHNCHO      =   0.000E+00   CS          =   4.506E+12   N2O         =   1.544E+07
 CO2+        =   7.023E+03   GCH3CHO     =   0.000E+00   RCO2        =   0.000E+00
 SiO+        =   4.284E+12   H2OCN+      =   6.743E+05   H2CNO+      =   4.493E-04
 SiNH2+      =   1.335E+07   NH2CO       =   0.000E+00   HCNOH+      =   4.493E-04
 RHNCHO      =   0.000E+00   HCP         =   2.312E+07   HCP+        =   2.140E+02
 GSiO        =   0.000E+00   RCS         =   0.000E+00   RN2O        =   0.000E+00
 SiO         =   3.258E+16   CO2         =   3.783E+15   GNH2CO      =   0.000E+00
 HNCHO       =   0.000E+00   HNCOH+      =   1.351E+06   GHCP        =   0.000E+00
 CH3CHO+     =   8.365E-04   RNH2CO      =   0.000E+00   H2NCO+      =   6.771E+05
 RHCP        =   0.000E+00   CS+         =   9.028E+06   SiCH4+      =   1.495E+00
 GHCS        =   0.000E+00   COOH        =   0.000E+00   PN+         =   1.920E+06
 CH3OCH2     =   3.949E-12   NH2CHO+     =   0.000E+00   RHCS        =   0.000E+00
 PN          =   1.487E+12   RPN         =   0.000E+00   RCOOH       =   0.000E+00
 CH3CHOH+    =   2.076E+00   RNH2CHO     =   0.000E+00   HCS+        =   1.709E+08
 HN2O+       =   3.363E+01   GNH2CHO     =   0.000E+00   SiOH+       =   4.353E+14
 PCH2+       =   1.150E+06   NH2CHO      =   3.065E-01   GPN         =   0.000E+00
 HCO2+       =   2.239E+10   GCOOH       =   0.000E+00   HCS         =   7.468E+02
 C2H5OH      =   8.566E-10   H2SiO+      =   2.535E+02   HCOOH       =   5.365E+07
 CH2PH       =   1.089E-02   GHCOOH      =   0.000E+00   HPN+        =   1.568E+07
 GH2SiO      =   0.000E+00   RHCOOH      =   0.000E+00   RH2SiO      =   0.000E+00
 NS+         =   1.008E+11   H2CS        =   1.280E+08   RH2CS       =   0.000E+00
 GNS         =   0.000E+00   NS          =   9.636E+10   RCH2PH      =   0.000E+00
 GCH3OCH3    =   0.000E+00   GC2H5OH     =   0.000E+00   C2H5OH+     =   3.185E-12
 H2CS+       =   3.773E+03   GNO2        =   0.000E+00   RCH3OCH3    =   0.000E+00
 RC2H5OH     =   0.000E+00   NO2         =   1.715E+05   PCH3+       =   4.070E-02
 RNO2        =   0.000E+00   H2SiO       =   3.847E+00   GH2CS       =   0.000E+00
 CH3OCH3     =   8.111E-08   RNS         =   0.000E+00   CH3OCH3+    =   2.009E-10
 NO2+        =   1.525E+04   NH2CH2O+    =   5.248E-05   HCOOH+      =   4.550E+04
 GCH2PH      =   0.000E+00   HCOOH2+     =   1.103E+07   H3CS+       =   8.042E+02
 RPO         =   0.000E+00   GPO         =   0.000E+00   PNH2+       =   1.354E+04
 HNS+        =   4.303E+05   PCH4+       =   2.289E-03   C2H5OH2+    =   1.128E-10
 PO+         =   2.831E+12   CCl+        =   8.813E+05   CH3OCH4+    =   6.562E-08
 PO          =   8.615E+12   H3SiO+      =   1.649E-01   RCCl        =   0.000E+00
 SiF+        =   1.571E+11   CCl         =   2.059E+03   GCCl        =   0.000E+00
 GO3         =   0.000E+00   GHPO        =   0.000E+00   SO          =   6.943E+15
 RO3         =   0.000E+00   PNH3+       =   1.658E+02   RHPO        =   0.000E+00
 C4          =   1.105E+03   SO+         =   1.284E+14   O3          =   0.000E+00
 HPO+        =   2.811E+10   GC4         =   0.000E+00   C4+         =   1.393E+02
 HPO         =   5.217E+08   GSO         =   0.000E+00   RSO         =   0.000E+00
 C4-         =   9.043E+00   RC4         =   0.000E+00   GC4H        =   0.000E+00
 H2CCl+      =   2.597E+02   RC4H        =   0.000E+00   HSO+        =   5.222E+11
 H2PO+       =   6.649E+07   C4H         =   1.398E+03   C4H+        =   1.830E+02
 C4H-        =   7.906E+00   GC3N        =   0.000E+00   RC3N        =   0.000E+00
 C3N         =   1.048E+04   C4H2        =   6.136E+02   RC4H2       =   0.000E+00
 C4H2+       =   1.583E+01   C3N+        =   8.214E-01   C3N-        =   1.529E-01
 GC4H2       =   0.000E+00   ClO         =   1.061E-03   GHC3N       =   0.000E+00
 HNC3        =   8.078E-02   RClO        =   0.000E+00   C4H3        =   6.789E+00
 C4H3+       =   6.492E+00   RC4H3       =   0.000E+00   RHNC3       =   0.000E+00
 ClO+        =   4.970E-11   GC4H3       =   0.000E+00   HC3N+       =   1.065E+00
 GHNC3       =   0.000E+00   RHC3N       =   0.000E+00   HC3N        =   3.902E+03
 GClO        =   0.000E+00   C2N2+       =   9.170E+00   RCH2CHCCH   =   0.000E+00
 C3O+        =   1.683E-03   C3O         =   9.768E+00   C4H4+       =   2.002E-02
 GCH2CHCCH   =   0.000E+00   SiC2+       =   4.427E+04   RC3O        =   0.000E+00
 GNCCN       =   0.000E+00   GSiC2       =   0.000E+00   HC3NH+      =   1.013E+00
 SiC2        =   1.639E+07   NCCN        =   3.990E+06   CH2CHCCH    =   1.683E-03
 GC3O        =   0.000E+00   RNCCN       =   0.000E+00   RSiC2       =   0.000E+00
 RSiC2H      =   0.000E+00   SiC2H       =   1.819E+07   C4H5+       =   2.623E-04
 HC3O+       =   3.099E-02   CH2CHCN+    =   1.800E-02   CH2CHCN     =   4.147E-02
 GSiC2H      =   0.000E+00   RCH2CHCN    =   0.000E+00   NCCNH+      =   9.300E+01
 GCH2CHCN    =   0.000E+00   SiC2H+      =   2.076E+05   C4H6        =   5.923E-04
 GSiC2H2     =   0.000E+00   SiC2H2+     =   1.363E+03   C2H4CN      =   0.000E+00
 C3H2O+      =   2.410E+00   RSiNC       =   0.000E+00   GSiNC       =   0.000E+00
 RSiC2H2     =   0.000E+00   CH2CHCNH+   =   1.449E-03   RC4H6       =   0.000E+00
 RC2H4CN     =   0.000E+00   SiNC+       =   2.292E+09   SiNC        =   2.053E+07
 SiC2H2      =   7.497E+02   GC4H6       =   0.000E+00   GC2H4CN     =   0.000E+00
 SiC2H3+     =   5.316E+00   GC2H5CN     =   0.000E+00   RCCP        =   0.000E+00
 C2H5CN      =   5.217E-02   C4H7+       =   3.985E-12   GCCP        =   0.000E+00
 H3C3O+      =   1.215E-01   RC2H5CN     =   0.000E+00   CCP         =   9.648E+04
 CCP+        =   1.237E+01   SiNCH+      =   6.988E+05   RHC2P       =   0.000E+00
 Fe          =   8.133E+11   RFe         =   0.000E+00   GFe         =   0.000E+00
 GHC2P       =   0.000E+00   HC2P+       =   1.688E+03   C2S+        =   6.877E+03
 RC2S        =   0.000E+00   C2S         =   3.616E+06   C2H5CNH+    =   1.184E-03
 HC2P        =   5.891E-01   Fe+         =   2.134E+13   GC2S        =   0.000E+00
 HC2S+       =   4.318E+04   PC2H2+      =   1.143E-01   RCH3COCH3   =   0.000E+00
 CH3COCH3+   =   5.989E-14   GCH3COCH3   =   0.000E+00   OHCCHO      =   0.000E+00
 GOHCCHO     =   0.000E+00   PC2H3+      =   7.867E-06   OHCCHO+     =   0.000E+00
 ROHCCHO     =   0.000E+00   CH3COCH3    =   4.439E-11   HOCHCHO     =   0.000E+00
 GHOCH2CO    =   0.000E+00   PC2H4+      =   1.446E-10   C2O2H3+     =   0.000E+00
 OHCCH2O+    =   0.000E+00   CH3CS+      =   7.129E-02   CH3COCH4+   =   5.798E-12
 OCH2CHO     =   0.000E+00   COOCH3+     =   1.170E-13   RHOCH2CO    =   0.000E+00
 GCOOCH3     =   0.000E+00   GOCH2CHO    =   0.000E+00   GCH2COOH    =   0.000E+00
 GHOCHCHO    =   0.000E+00   COOCH3      =   1.268E-07   RCH2COOH    =   0.000E+00
 RHOCHCHO    =   0.000E+00   RCOOCH3     =   0.000E+00   ROCH2CHO    =   0.000E+00
 HOCH2CO     =   0.000E+00   HOCH2CO+    =   0.000E+00   CH2COOH     =   0.000E+00
 OCS+        =   7.210E+06   GSiS        =   0.000E+00   C5          =   1.367E+01
 ROCS        =   0.000E+00   OCS         =   3.182E+09   GOCS        =   0.000E+00
 SiS         =   7.535E+13   HOCH2CHO    =   0.000E+00   HCOOCH3     =   3.485E-07
 SiO2        =   1.454E+15   SiS+        =   1.276E+04   HCOOCH3+    =   1.093E-11
 RSiS        =   0.000E+00   CH3COOH+    =   0.000E+00   CH3COOH     =   0.000E+00
 GSiO2       =   0.000E+00   GHOCH2CHO   =   0.000E+00   C2O2H4+     =   0.000E+00
 RC5         =   0.000E+00   C5-         =   3.814E-01   GHCOOCH3    =   0.000E+00
 GCH3COOH    =   0.000E+00   RHOCH2CHO   =   0.000E+00   HOCH2CHO+   =   0.000E+00
 GC5         =   0.000E+00   RHCOOCH3    =   0.000E+00   RCH3COOH    =   0.000E+00
 C5+         =   1.309E+00   RSiO2       =   0.000E+00   RC5H        =   0.000E+00
 H5C2O2+     =   1.485E-07   GC5H        =   0.000E+00   HOCS+       =   8.294E+06
 HSiO2+      =   1.961E+09   C5H-        =   2.330E-01   CH3COOH2+   =   0.000E+00
 GHOCH2CH2O  =   0.000E+00   HOCH2CH2O+  =   0.000E+00   RHOCH2CH2O  =   0.000E+00
 HSiS+       =   3.945E+07   C5H         =   1.044E+01   C5H+        =   8.381E-01
 HOCH2CH2O   =   0.000E+00   CH2OHCH2OH  =   0.000E+00   GC4N        =   0.000E+00
 GCH2OHCH2OH =   0.000E+00   CH2OHCH2OH+ =   0.000E+00   RCH2OHCH2OH =   0.000E+00
 C4N+        =   1.942E-02   C4N         =   4.757E-01   RC4N        =   0.000E+00
 GC5H2       =   0.000E+00   C5H2        =   2.007E+02   RC5H2       =   0.000E+00
 C5H2+       =   1.128E-02   HC4N+       =   2.077E-05   C5H3+       =   3.100E-06
 CH2OHCH2OHH+=   0.000E+00   RS2         =   0.000E+00   SO2+        =   9.234E+06
 GCH3C4H     =   0.000E+00   SO2         =   1.510E+16   CH3C4H+     =   2.281E-07
 GS2         =   0.000E+00   H2C4N+      =   1.684E-05   S2          =   8.555E+09
 RCH3C4H     =   0.000E+00   SiC3+       =   6.852E+01   S2+         =   2.891E+06
 GSiC3       =   0.000E+00   SiC3        =   3.079E+03   GSO2        =   0.000E+00
 RSiC3       =   0.000E+00   RSO2        =   0.000E+00   CH3C4H      =   2.942E-04
 SiC3H       =   1.210E+03   RSiC3H      =   0.000E+00   GSiC3H      =   0.000E+00
 CH3C3N      =   3.746E-02   HSO2+       =   6.001E+08   C5H5+       =   1.219E-08
 HS2         =   5.901E+05   GCH3C3N     =   0.000E+00   RHS2        =   0.000E+00
 HS2+        =   3.216E+06   CH3C3N+     =   1.278E-05   RCH3C3N     =   0.000E+00
 GHS2        =   0.000E+00   SiC3H+      =   4.942E+01   SiC3H2+     =   1.516E+01
 H2S2+       =   2.913E+03   H2S2        =   1.057E+06   RH2S2       =   0.000E+00
 CH3C3NH+    =   1.568E-05   GH2S2       =   0.000E+00   NCCNCH3+    =   3.318E-06
 GC3P        =   0.000E+00   RC3P        =   0.000E+00   C3P         =   1.123E-04
 H3S2+       =   1.591E+04   C3S         =   4.675E+03   C3S+        =   4.958E+01
 GC3S        =   0.000E+00   PC3H+       =   1.891E-05   RC3S        =   0.000E+00
 HC3S+       =   4.455E+01   GC6         =   0.000E+00   C6+         =   1.506E-01
 RC6         =   0.000E+00   C6-         =   2.571E-01   C6          =   1.240E+00
 C6H         =   1.724E+01   C6H+        =   1.392E-01   C6H-        =   1.724E+00
 GC6H        =   0.000E+00   RC6H        =   0.000E+00   RC6H2       =   0.000E+00
 C5N+        =   1.678E-05   C6H2        =   7.980E+01   C6H2+       =   1.089E-01
 RC5N        =   0.000E+00   C5N         =   5.304E-04   NHCH2COOH   =   0.000E+00
 GC5N        =   0.000E+00   GC6H2       =   0.000E+00   C5N-        =   5.156E-05
 RNHCH2COOH  =   0.000E+00   GNHCH2COOH  =   0.000E+00   GHC5N       =   0.000E+00
 C6H3+       =   8.193E-07   RHC5N       =   0.000E+00   HC5N+       =   1.889E-05
 NH2CH2COOH+ =   0.000E+00   RNH2CH2COOH =   0.000E+00   NH2CH2COOH  =   0.000E+00
 HC5N        =   7.216E-03   GNH2CH2COOH =   0.000E+00   SiC4+       =   5.009E+00
 NH2CH2COOH2+=   0.000E+00   RSiC4       =   0.000E+00   SiC4        =   6.213E-02
 GSiC4       =   0.000E+00   C6H4+       =   2.083E-10   HC5NH+      =   5.767E-06
 SiC4H+      =   3.832E-04   C6H5+       =   5.650E-11   H3C5N+      =   5.132E-10
 RC6H6       =   0.000E+00   GC6H6       =   0.000E+00   C6H6        =   2.506E-09
 C6H6+       =   6.314E-13   GC4P        =   0.000E+00   C4P         =   6.280E-07
 RC4P        =   0.000E+00   C4P+        =   1.115E-11   C6H7+       =   3.866E-12
 GC4S        =   0.000E+00   PC4H+       =   2.322E-08   C4S+        =   9.173E-01
 C4S         =   4.456E+00   RC4S        =   0.000E+00   HC4S+       =   6.328E-02
 RC7         =   0.000E+00   C7          =   3.832E-01   GC7         =   0.000E+00
 C7-         =   5.292E-01   C7+         =   4.881E-02   C7H-        =   6.869E-01
 RC7H        =   0.000E+00   C7H         =   3.173E+00   GC7H        =   0.000E+00
 C7H+        =   7.173E-02   GC7H2       =   0.000E+00   RC7H2       =   0.000E+00
 C7H2        =   3.673E+01   C7H2+       =   5.606E-02   C7H3+       =   2.129E-07
 RCH3C6H     =   0.000E+00   CH3C6H      =   2.659E-09   C7H4+       =   1.270E-11
 GCH3C6H     =   0.000E+00   GCH3C5N     =   0.000E+00   CH3C5N      =   4.228E-10
 RCH3C5N     =   0.000E+00   C7H5+       =   2.427E-12   CH3C5NH+    =   6.419E-12
 RC8         =   0.000E+00   C8-         =   3.433E-01   C8+         =   3.864E-02
 GC8         =   0.000E+00   C8          =   6.090E-01   C8H-        =   2.113E-01
 C8H         =   3.260E+00   C8H+        =   2.770E-02   RC8H        =   0.000E+00
 GC8H        =   0.000E+00   GC8H2       =   0.000E+00   C7N+        =   4.287E-06
 C7N         =   1.607E-03   C8H2        =   1.508E+01   RC8H2       =   0.000E+00
 C8H2+       =   3.108E-02   RC7N        =   0.000E+00   GC7N        =   0.000E+00
 HC7N        =   3.515E-05   GHC7N       =   0.000E+00   HC7N+       =   2.933E-06
 C8H3+       =   8.778E-08   RHC7N       =   0.000E+00   H2C7N+      =   5.930E-09
 C8H4+       =   1.694E-12   H3C7N+      =   2.272E-14   C8H5+       =   1.838E-16
 C9+         =   1.627E-02   C9-         =   1.918E-01   GC9         =   0.000E+00
 RC9         =   0.000E+00   C9          =   7.774E-02   C9H         =   3.411E-01
 C9H+        =   1.377E-02   GC9H        =   0.000E+00   C9H-        =   7.483E-02
 RC9H        =   0.000E+00   C9H2        =   4.823E+00   C9H2+       =   7.629E-03
 RC9H2       =   0.000E+00   GC9H2       =   0.000E+00   C9H3+       =   2.626E-08
 C9H4+       =   9.457E-13   CH3C7N      =   1.242E-12   C9H5+       =   9.539E-23
 GCH3C7N     =   0.000E+00   RCH3C7N     =   0.000E+00   CH3C7NH+    =   2.341E-14
 GC10        =   0.000E+00   C10+        =   9.451E-03   C10         =   5.974E-03
 RC10        =   0.000E+00   C10-        =   4.075E-03   C10H+       =   6.489E-04
 GC10H       =   0.000E+00   C10H        =   2.450E-02   RC10H       =   0.000E+00
 C10H-       =   1.576E-03   GC9N        =   0.000E+00   C10H2+      =   7.972E-04
 RC9N        =   0.000E+00   GC10H2      =   0.000E+00   C9N+        =   5.733E-07
 C10H2       =   1.527E-01   C9N         =   1.625E-04   RC10H2      =   0.000E+00
 C10H3+      =   1.040E-10   GHC9N       =   0.000E+00   HC9N        =   1.393E-06
 HC9N+       =   3.317E-07   RHC9N       =   0.000E+00   H2C9N+      =   5.153E-10
 H3C9N+      =   1.395E-16   RC11        =   0.000E+00   C11+        =   1.515E-04
 GC11        =   0.000E+00   C11         =   3.914E-06   e-          =   2.058E+16
 H2          =   7.201E+20
