


                   **  CALCULATED COLUMN DENSITIES  **


 H           =   2.273E+16   RH          =   0.000E+00   GH          =   0.000E+00
 H+          =   8.589E+11   H-          =   1.112E+08   GH2         =   0.000E+00
 H2+         =   3.795E+09   RH2         =   0.000E+00   H3+         =   1.332E+11
 He          =   1.883E+21   GHe         =   0.000E+00   He+         =   1.933E+12
 RHe         =   0.000E+00   HeH+        =   5.360E+07   C-          =   1.239E+07
 GC          =   0.000E+00   C+          =   9.865E+15   C           =   2.508E+15
 RC          =   0.000E+00   RCH         =   0.000E+00   CH          =   1.084E+14
 GCH         =   0.000E+00   CH+         =   1.994E+10   CH-         =   1.258E+06
 RCH2        =   0.000E+00   GN          =   0.000E+00   CH2+        =   1.975E+10
 N+          =   5.145E+09   CH2         =   3.806E+13   GCH2        =   0.000E+00
 N           =   3.868E+15   RN          =   0.000E+00   RCH3        =   0.000E+00
 NH+         =   3.609E+06   CH3         =   1.353E+13   CH3+        =   6.021E+11
 GCH3        =   0.000E+00   RNH         =   0.000E+00   NH          =   7.755E+11
 GNH         =   0.000E+00   GO          =   0.000E+00   O-          =   4.792E+06
 RO          =   0.000E+00   CH4         =   3.853E+16   CH4+        =   8.655E+07
 NH2         =   1.176E+12   RCH4        =   0.000E+00   RNH2        =   0.000E+00
 O+          =   1.947E+07   NH2+        =   2.958E+07   O           =   6.857E+15
 GCH4        =   0.000E+00   GNH2        =   0.000E+00   CH5+        =   8.563E+09
 OH          =   5.752E+13   RNH3        =   0.000E+00   OH+         =   5.022E+07
 ROH         =   0.000E+00   GOH         =   0.000E+00   OH-         =   2.084E+07
 NH3+        =   1.226E+10   NH3         =   6.594E+14   GNH3        =   0.000E+00
 RH2O        =   0.000E+00   H2O         =   2.810E+16   H2O+        =   9.486E+07
 GH2O        =   0.000E+00   NH4+        =   7.113E+11   F+          =   7.579E+03
 F           =   9.881E+11   GF          =   0.000E+00   H3O+        =   4.701E+10
 RF          =   0.000E+00   GHF         =   0.000E+00   RHF         =   0.000E+00
 HF          =   1.873E+14   HF+         =   2.214E+03   H2F+        =   9.773E+08
 Na+         =   1.191E+12   GNa         =   0.000E+00   Na          =   1.096E+14
 RNa         =   0.000E+00   C2          =   1.037E+15   Mg          =   1.104E+14
 RC2         =   0.000E+00   RMg         =   0.000E+00   C2-         =   1.693E+07
 GMg         =   0.000E+00   C2+         =   5.026E+10   Mg+         =   3.535E+11
 GC2         =   0.000E+00   RC2H        =   0.000E+00   GC2H        =   0.000E+00
 C2H-        =   4.855E+09   C2H         =   9.974E+14   C2H+        =   4.512E+10
 CN          =   1.099E+15   GC2H2       =   0.000E+00   GCN         =   0.000E+00
 CN-         =   6.711E+09   C2H2        =   4.813E+17   C2H2+       =   1.512E+12
 CN+         =   6.760E+06   RC2H2       =   0.000E+00   RCN         =   0.000E+00
 GHNC        =   0.000E+00   HCN+        =   2.057E+07   RHNC        =   0.000E+00
 HCN         =   4.501E+17   HNC         =   1.763E+13   GHCN        =   0.000E+00
 GC2H3       =   0.000E+00   RC2H3       =   0.000E+00   C2H3        =   1.287E+12
 C2H3+       =   2.904E+12   RHCN        =   0.000E+00   H2CN        =   3.902E+10
 RN2         =   0.000E+00   Si+         =   1.168E+15   CO          =   8.853E+18
 GSi         =   0.000E+00   RC2H4       =   0.000E+00   GCO         =   0.000E+00
 N2+         =   6.092E+05   GC2H4       =   0.000E+00   RCO         =   0.000E+00
 C2H4        =   7.527E+14   C2H4+       =   1.406E+11   GN2         =   0.000E+00
 RSi         =   0.000E+00   RH2CN       =   0.000E+00   N2          =   4.418E+17
 H2NC+       =   1.053E+09   CO+         =   2.618E+08   HCNH+       =   1.888E+13
 Si          =   1.578E+14   GH2CN       =   0.000E+00   CH2NH       =   1.125E+08
 SiH+        =   1.077E+09   RHCO        =   0.000E+00   GCH2NH      =   0.000E+00
 SiH         =   3.495E+11   N2H+        =   4.438E+09   C2H5        =   2.313E+10
 C2H5+       =   8.689E+08   GHCO        =   0.000E+00   RCH2NH      =   0.000E+00
 HOC+        =   1.047E+09   GSiH        =   0.000E+00   GC2H5       =   0.000E+00
 RC2H5       =   0.000E+00   HCO         =   6.524E+10   RSiH        =   0.000E+00
 HCO+        =   3.025E+11   GCH3NH      =   0.000E+00   RCH2NH2     =   0.000E+00
 CH2NH2+     =   1.041E+06   RSiH2       =   0.000E+00   SiH2+       =   1.504E+08
 SiH2        =   2.983E+06   C2H6        =   3.525E+10   C2H6+       =   4.062E+07
 CH3NH       =   0.000E+00   RCH3NH      =   0.000E+00   GCH2NH2     =   0.000E+00
 GSiH2       =   0.000E+00   NO+         =   7.525E+08   GC2H6       =   0.000E+00
 CH3NH+      =   1.109E+08   CH2NH2      =   0.000E+00   NO          =   3.601E+11
 GNO         =   0.000E+00   RH2CO       =   0.000E+00   H2CO+       =   1.856E+08
 RNO         =   0.000E+00   GH2CO       =   0.000E+00   RC2H6       =   0.000E+00
 H2CO        =   5.768E+10   SiH3+       =   8.967E+05   P+          =   9.003E+11
 GHNO        =   0.000E+00   RCH3NH2     =   0.000E+00   CH3O        =   1.024E+02
 RSiH3       =   0.000E+00   SiH3        =   6.143E+01   GCH2OH      =   0.000E+00
 HNO         =   5.775E+09   GSiH3       =   0.000E+00   RCH2OH      =   0.000E+00
 CF+         =   2.291E+09   H3CO+       =   2.313E+06   C2H7+       =   4.611E+03
 P           =   1.266E+11   CH3NH2+     =   1.266E+05   RHNO        =   0.000E+00
 GCH3NH2     =   0.000E+00   HNO+        =   2.334E+05   RP          =   0.000E+00
 RCH3O       =   0.000E+00   CH3NH2      =   3.551E+07   GCH3O       =   0.000E+00
 GP          =   0.000E+00   CH2OH       =   7.045E+09   S-          =   2.672E+06
 GPH         =   0.000E+00   GS          =   0.000E+00   RO2         =   0.000E+00
 GCH3OH      =   0.000E+00   O2          =   1.018E+11   PH+         =   4.692E+05
 GO2         =   0.000E+00   RCH3OH      =   0.000E+00   CH3NH3+     =   1.129E+08
 RS          =   0.000E+00   RPH         =   0.000E+00   CH3OH+      =   2.654E+03
 S           =   2.143E+14   CH3OH       =   5.051E+06   SiH4+       =   8.815E-08
 SiH4        =   4.028E+01   GHNOH       =   0.000E+00   GSiH4       =   0.000E+00
 H2NO+       =   1.930E+04   O2-         =   1.761E-13   RHNOH       =   0.000E+00
 RSiH4       =   0.000E+00   HNOH        =   0.000E+00   HNOH+       =   2.832E-15
 PH          =   4.782E+08   O2+         =   3.184E+07   S+          =   5.115E+14
 GPH2        =   0.000E+00   HS+         =   3.192E+08   NH2OH       =   0.000E+00
 RPH2        =   0.000E+00   CH3OH2+     =   5.128E+06   RHS         =   0.000E+00
 PH2         =   1.483E+03   SiH5+       =   1.755E+01   GNH2OH      =   0.000E+00
 NH2OH+      =   0.000E+00   PH2+        =   8.759E+05   RO2H        =   0.000E+00
 RNH2OH      =   0.000E+00   O2H         =   4.165E+04   GO2H        =   0.000E+00
 GHS         =   0.000E+00   HS          =   1.606E+12   O2H+        =   7.436E+00
 GH2S        =   0.000E+00   H2S+        =   2.353E+09   H2O2        =   1.271E-01
 RH2S        =   0.000E+00   H2S         =   4.452E+13   GH2O2       =   0.000E+00
 NH3OH+      =   0.000E+00   PH3+        =   6.695E+01   RH2O2       =   0.000E+00
 Cl          =   2.272E+13   GCl         =   0.000E+00   H3S+        =   4.674E+08
 RCl         =   0.000E+00   Cl+         =   7.819E+09   C3-         =   5.124E+08
 GHCl        =   0.000E+00   C3+         =   5.007E+09   HCl+        =   3.416E+09
 RHCl        =   0.000E+00   HCl         =   3.576E+15   C3          =   1.991E+13
 GC3         =   0.000E+00   RC3         =   0.000E+00   GC3H        =   0.000E+00
 C3H-        =   5.425E+09   C3H+        =   1.635E+10   C3H         =   1.864E+13
 RC3H        =   0.000E+00   H2Cl+       =   9.580E+09   C2N+        =   1.885E+09
 RC2N        =   0.000E+00   C2N         =   1.895E+12   H2CCC       =   1.982E+12
 C3H2+       =   2.459E+10   C3H2        =   5.783E+12   CNC+        =   4.458E+11
 GC2N        =   0.000E+00   GH2CCC      =   0.000E+00   RC3H2       =   0.000E+00
 RH2CCC      =   0.000E+00   GC3H2       =   0.000E+00   GCH2CCH     =   0.000E+00
 C3H3+       =   3.645E+10   RCH2CCH     =   0.000E+00   CH2CCH      =   1.162E+13
 RHCCN       =   0.000E+00   HCCN        =   0.000E+00   C2NH+       =   1.561E+09
 CH2CCH+     =   2.645E+09   GHCCN       =   0.000E+00   GCH3CCH     =   0.000E+00
 CH2CCH2     =   6.519E+10   RSiC        =   0.000E+00   GCH2CN      =   0.000E+00
 CH3CCH      =   1.115E+11   CH2CN+      =   7.894E+09   RCH3CCH     =   0.000E+00
 GSiC        =   0.000E+00   RCH2CN      =   0.000E+00   C2O         =   1.419E+11
 GC2O        =   0.000E+00   SiC+        =   5.226E+09   GCH2CCH2    =   0.000E+00
 SiC         =   1.996E+13   C2O+        =   7.356E+07   RCH2CCH2    =   0.000E+00
 CH2CN       =   4.435E+09   C3H4+       =   5.626E+08   RC2O        =   0.000E+00
 GCH3CN      =   0.000E+00   CH3CN+      =   4.497E+06   HC2O+       =   4.338E+08
 HC2O        =   4.354E+07   RCH3CN      =   0.000E+00   CH3CN       =   1.641E+12
 GHC2O       =   0.000E+00   GHCSi       =   0.000E+00   HCSi        =   6.581E+12
 C3H5+       =   8.525E+09   RHC2O       =   0.000E+00   RHCSi       =   0.000E+00
 HCSi+       =   5.224E+09   CH2CO+      =   3.462E+08   GCH3CHCH2   =   0.000E+00
 RSiCH2      =   0.000E+00   SiCH2+      =   2.594E+11   GCH2CO      =   0.000E+00
 RCH2CO      =   0.000E+00   RCH3CHCH2   =   0.000E+00   NH2CN       =   4.760E+10
 GSiCH2      =   0.000E+00   RCNO        =   0.000E+00   OCN+        =   3.689E+02
 GNH2CN      =   0.000E+00   CH3CHCH2    =   4.285E+11   CNO         =   9.578E+00
 GSiN        =   0.000E+00   OCN         =   1.178E+12   ROCN        =   0.000E+00
 SiCH2       =   2.004E+10   C3H6+       =   1.466E+08   SiN         =   1.236E+11
 GOCN        =   0.000E+00   CH3CNH+     =   4.529E+11   CH2CO       =   9.102E+08
 GCNO        =   0.000E+00   SiN+        =   2.838E+09   RNH2CN      =   0.000E+00
 RSiN        =   0.000E+00   CP+         =   9.681E+05   HOCN+       =   2.022E+04
 HCNO        =   4.620E+07   RSiCH3      =   0.000E+00   SiCH3+      =   2.767E+06
 GCH3CO      =   0.000E+00   NH2CNH+     =   2.355E+05   HCNO+       =   2.977E-01
 GHOCN       =   0.000E+00   HOCN        =   2.386E+08   GHCNO       =   0.000E+00
 RCH3CO      =   0.000E+00   RHOCN       =   0.000E+00   RHCNO       =   0.000E+00
 HNSi        =   3.188E+10   HNSi+       =   9.082E+02   GSiCH3      =   0.000E+00
 CH3CO+      =   2.154E+08   GHONC       =   0.000E+00   CH3CO       =   2.869E+08
 HONC+       =   4.396E-05   RHNSi       =   0.000E+00   HONC        =   2.543E+03
 GCP         =   0.000E+00   GHNCO       =   0.000E+00   GHNSi       =   0.000E+00
 C3H7+       =   1.504E+11   HNCO+       =   2.022E+04   CP          =   3.916E+11
 RCP         =   0.000E+00   RHNCO       =   0.000E+00   RHONC       =   0.000E+00
 HNCO        =   2.445E+08   SiCH3       =   6.496E+07   N2O+        =   4.901E+03
 RSiO        =   0.000E+00   CH3CHO      =   2.135E+08   GN2O        =   0.000E+00
 GCS         =   0.000E+00   GCO2        =   0.000E+00   RCH3CHO     =   0.000E+00
 GHNCHO      =   0.000E+00   CS          =   1.169E+17   N2O         =   2.011E+06
 CO2+        =   3.358E+00   GCH3CHO     =   0.000E+00   RCO2        =   0.000E+00
 SiO+        =   4.861E+09   H2OCN+      =   1.205E+07   H2CNO+      =   1.542E+02
 SiNH2+      =   3.530E+09   NH2CO       =   0.000E+00   HCNOH+      =   1.542E+02
 RHNCHO      =   0.000E+00   HCP         =   2.754E+14   HCP+        =   1.306E+06
 GSiO        =   0.000E+00   RCS         =   0.000E+00   RN2O        =   0.000E+00
 SiO         =   5.523E+16   CO2         =   7.951E+10   GNH2CO      =   0.000E+00
 HNCHO       =   0.000E+00   HNCOH+      =   2.419E+07   GHCP        =   0.000E+00
 CH3CHO+     =   1.385E+05   RNH2CO      =   0.000E+00   H2NCO+      =   1.215E+07
 RHCP        =   0.000E+00   CS+         =   9.818E+09   SiCH4+      =   3.742E+06
 GHCS        =   0.000E+00   COOH        =   0.000E+00   PN+         =   1.438E+01
 CH3OCH2     =   5.061E-09   NH2CHO+     =   0.000E+00   RHCS        =   0.000E+00
 PN          =   7.759E+07   RPN         =   0.000E+00   RCOOH       =   0.000E+00
 CH3CHOH+    =   1.084E+08   RNH2CHO     =   0.000E+00   HCS+        =   6.064E+11
 HN2O+       =   2.546E-01   GNH2CHO     =   0.000E+00   SiOH+       =   3.015E+12
 PCH2+       =   2.154E+09   NH2CHO      =   6.917E+05   GPN         =   0.000E+00
 HCO2+       =   2.845E+07   GCOOH       =   0.000E+00   HCS         =   5.292E+10
 C2H5OH      =   4.284E+03   H2SiO+      =   4.244E+02   HCOOH       =   2.731E+07
 CH2PH       =   1.767E+03   GHCOOH      =   0.000E+00   HPN+        =   7.804E+00
 GH2SiO      =   0.000E+00   RHCOOH      =   0.000E+00   RH2SiO      =   0.000E+00
 NS+         =   2.571E+08   H2CS        =   8.237E+10   RH2CS       =   0.000E+00
 GNS         =   0.000E+00   NS          =   2.144E+10   RCH2PH      =   0.000E+00
 GCH3OCH3    =   0.000E+00   GC2H5OH     =   0.000E+00   C2H5OH+     =   1.728E+01
 H2CS+       =   3.837E+07   GNO2        =   0.000E+00   RCH3OCH3    =   0.000E+00
 RC2H5OH     =   0.000E+00   NO2         =   1.588E+05   PCH3+       =   3.038E+02
 RNO2        =   0.000E+00   H2SiO       =   2.770E-01   GH2CS       =   0.000E+00
 CH3OCH3     =   1.325E-01   RNS         =   0.000E+00   CH3OCH3+    =   8.749E-04
 NO2+        =   1.948E+01   NH2CH2O+    =   2.709E+01   HCOOH+      =   4.610E+04
 GCH2PH      =   0.000E+00   HCOOH2+     =   2.545E+07   H3CS+       =   2.724E+09
 RPO         =   0.000E+00   GPO         =   0.000E+00   PNH2+       =   5.209E+04
 HNS+        =   3.916E+04   PCH4+       =   3.067E+02   C2H5OH2+    =   2.170E+03
 PO+         =   3.567E+07   CCl+        =   2.839E+09   CH3OCH4+    =   1.822E-02
 PO          =   4.236E+08   H3SiO+      =   4.220E-03   RCCl        =   0.000E+00
 SiF+        =   1.680E+10   CCl         =   2.036E+09   GCCl        =   0.000E+00
 GO3         =   0.000E+00   GHPO        =   0.000E+00   SO          =   4.145E+10
 RO3         =   0.000E+00   PNH3+       =   2.473E+01   RHPO        =   0.000E+00
 C4          =   4.488E+12   SO+         =   1.562E+10   O3          =   0.000E+00
 HPO+        =   1.270E+07   GC4         =   0.000E+00   C4+         =   4.161E+08
 HPO         =   8.203E+03   GSO         =   0.000E+00   RSO         =   0.000E+00
 C4-         =   4.111E+11   RC4         =   0.000E+00   GC4H        =   0.000E+00
 H2CCl+      =   8.240E+07   RC4H        =   0.000E+00   HSO+        =   2.564E+05
 H2PO+       =   4.845E+02   C4H         =   3.158E+13   C4H+        =   1.007E+09
 C4H-        =   2.576E+12   GC3N        =   0.000E+00   RC3N        =   0.000E+00
 C3N         =   7.752E+13   C4H2        =   4.585E+13   RC4H2       =   0.000E+00
 C4H2+       =   8.432E+10   C3N+        =   2.141E+06   C3N-        =   1.584E+11
 GC4H2       =   0.000E+00   ClO         =   1.047E-08   GHC3N       =   0.000E+00
 HNC3        =   3.830E+10   RClO        =   0.000E+00   C4H3        =   5.900E+10
 C4H3+       =   4.319E+11   RC4H3       =   0.000E+00   RHNC3       =   0.000E+00
 ClO+        =   4.584E-14   GC4H3       =   0.000E+00   HC3N+       =   1.651E+09
 GHNC3       =   0.000E+00   RHC3N       =   0.000E+00   HC3N        =   7.129E+13
 GClO        =   0.000E+00   C2N2+       =   9.131E+05   RCH2CHCCH   =   0.000E+00
 C3O+        =   1.055E+03   C3O         =   3.962E+09   C4H4+       =   3.109E+06
 GCH2CHCCH   =   0.000E+00   SiC2+       =   1.000E+10   RC3O        =   0.000E+00
 GNCCN       =   0.000E+00   GSiC2       =   0.000E+00   HC3NH+      =   4.572E+10
 SiC2        =   2.063E+17   NCCN        =   5.983E+11   CH2CHCCH    =   1.997E+10
 GC3O        =   0.000E+00   RNCCN       =   0.000E+00   RSiC2       =   0.000E+00
 RSiC2H      =   0.000E+00   SiC2H       =   3.373E+13   C4H5+       =   5.808E+09
 HC3O+       =   6.314E+06   CH2CHCN+    =   3.486E+08   CH2CHCN     =   1.741E+11
 GSiC2H      =   0.000E+00   RCH2CHCN    =   0.000E+00   NCCNH+      =   4.303E+07
 GCH2CHCN    =   0.000E+00   SiC2H+      =   3.255E+12   C4H6        =   9.241E+08
 GSiC2H2     =   0.000E+00   SiC2H2+     =   5.906E+09   C2H4CN      =   0.000E+00
 C3H2O+      =   3.934E+07   RSiNC       =   0.000E+00   GSiNC       =   0.000E+00
 RSiC2H2     =   0.000E+00   CH2CHCNH+   =   5.243E+07   RC4H6       =   0.000E+00
 RC2H4CN     =   0.000E+00   SiNC+       =   2.726E+10   SiNC        =   1.301E+09
 SiC2H2      =   2.714E+11   GC4H6       =   0.000E+00   GC2H4CN     =   0.000E+00
 SiC2H3+     =   1.999E+11   GC2H5CN     =   0.000E+00   RCCP        =   0.000E+00
 C2H5CN      =   3.722E+06   C4H7+       =   3.847E+06   GCCP        =   0.000E+00
 H3C3O+      =   1.594E+09   RC2H5CN     =   0.000E+00   CCP         =   7.226E+08
 CCP+        =   9.968E+07   SiNCH+      =   1.565E+08   RHC2P       =   0.000E+00
 Fe          =   1.103E+14   RFe         =   0.000E+00   GFe         =   0.000E+00
 GHC2P       =   0.000E+00   HC2P+       =   8.451E+07   C2S+        =   7.378E+08
 RC2S        =   0.000E+00   C2S         =   5.662E+12   C2H5CNH+    =   1.118E+05
 HC2P        =   3.162E+06   Fe+         =   4.700E+11   GC2S        =   0.000E+00
 HC2S+       =   1.802E+11   PC2H2+      =   1.863E+05   RCH3COCH3   =   0.000E+00
 CH3COCH3+   =   1.211E-01   GCH3COCH3   =   0.000E+00   OHCCHO      =   0.000E+00
 GOHCCHO     =   0.000E+00   PC2H3+      =   8.600E+00   OHCCHO+     =   0.000E+00
 ROHCCHO     =   0.000E+00   CH3COCH3    =   3.322E+01   HOCHCHO     =   0.000E+00
 GHOCH2CO    =   0.000E+00   PC2H4+      =   7.039E+00   C2O2H3+     =   0.000E+00
 OHCCH2O+    =   0.000E+00   CH3CS+      =   4.459E+07   CH3COCH4+   =   1.044E+01
 OCH2CHO     =   0.000E+00   COOCH3+     =   7.990E-15   RHOCH2CO    =   0.000E+00
 GCOOCH3     =   0.000E+00   GOCH2CHO    =   0.000E+00   GCH2COOH    =   0.000E+00
 GHOCHCHO    =   0.000E+00   COOCH3      =   1.924E-09   RCH2COOH    =   0.000E+00
 RHOCHCHO    =   0.000E+00   RCOOCH3     =   0.000E+00   ROCH2CHO    =   0.000E+00
 HOCH2CO     =   0.000E+00   HOCH2CO+    =   0.000E+00   CH2COOH     =   0.000E+00
 OCS+        =   3.294E+09   GSiS        =   0.000E+00   C5          =   1.763E+12
 ROCS        =   0.000E+00   OCS         =   8.175E+11   GOCS        =   0.000E+00
 SiS         =   6.596E+16   HOCH2CHO    =   0.000E+00   HCOOCH3     =   6.595E-02
 SiO2        =   9.582E+09   SiS+        =   6.282E+11   HCOOCH3+    =   2.332E-05
 RSiS        =   0.000E+00   CH3COOH+    =   0.000E+00   CH3COOH     =   0.000E+00
 GSiO2       =   0.000E+00   GHOCH2CHO   =   0.000E+00   C2O2H4+     =   0.000E+00
 RC5         =   0.000E+00   C5-         =   6.533E+11   GHCOOCH3    =   0.000E+00
 GCH3COOH    =   0.000E+00   RHOCH2CHO   =   0.000E+00   HOCH2CHO+   =   0.000E+00
 GC5         =   0.000E+00   RHCOOCH3    =   0.000E+00   RCH3COOH    =   0.000E+00
 C5+         =   3.235E+07   RSiO2       =   0.000E+00   RC5H        =   0.000E+00
 H5C2O2+     =   3.496E-02   GC5H        =   0.000E+00   HOCS+       =   4.618E+06
 HSiO2+      =   7.241E+04   C5H-        =   2.871E+11   CH3COOH2+   =   0.000E+00
 GHOCH2CH2O  =   0.000E+00   HOCH2CH2O+  =   0.000E+00   RHOCH2CH2O  =   0.000E+00
 HSiS+       =   1.812E+11   C5H         =   9.791E+11   C5H+        =   1.866E+09
 HOCH2CH2O   =   0.000E+00   CH2OHCH2OH  =   0.000E+00   GC4N        =   0.000E+00
 GCH2OHCH2OH =   0.000E+00   CH2OHCH2OH+ =   0.000E+00   RCH2OHCH2OH =   0.000E+00
 C4N+        =   2.093E+08   C4N         =   4.344E+10   RC4N        =   0.000E+00
 GC5H2       =   0.000E+00   C5H2        =   1.818E+12   RC5H2       =   0.000E+00
 C5H2+       =   4.095E+09   HC4N+       =   4.795E+03   C5H3+       =   1.856E+11
 CH2OHCH2OHH+=   0.000E+00   RS2         =   0.000E+00   SO2+        =   1.323E+00
 GCH3C4H     =   0.000E+00   SO2         =   2.147E+07   CH3C4H+     =   8.404E+08
 GS2         =   0.000E+00   H2C4N+      =   8.007E+05   S2          =   1.600E+09
 RCH3C4H     =   0.000E+00   SiC3+       =   3.214E+10   S2+         =   7.416E+07
 GSiC3       =   0.000E+00   SiC3        =   2.550E+12   GSO2        =   0.000E+00
 RSiC3       =   0.000E+00   RSO2        =   0.000E+00   CH3C4H      =   2.180E+11
 SiC3H       =   4.060E+11   RSiC3H      =   0.000E+00   GSiC3H      =   0.000E+00
 CH3C3N      =   1.957E+10   HSO2+       =   3.068E+01   C5H5+       =   1.389E+11
 HS2         =   4.231E+06   GCH3C3N     =   0.000E+00   RHS2        =   0.000E+00
 HS2+        =   2.936E+06   CH3C3N+     =   7.746E+05   RCH3C3N     =   0.000E+00
 GHS2        =   0.000E+00   SiC3H+      =   1.619E+10   SiC3H2+     =   1.947E+10
 H2S2+       =   2.002E+05   H2S2        =   2.798E+06   RH2S2       =   0.000E+00
 CH3C3NH+    =   1.020E+08   GH2S2       =   0.000E+00   NCCNCH3+    =   5.206E+03
 GC3P        =   0.000E+00   RC3P        =   0.000E+00   C3P         =   1.420E+05
 H3S2+       =   9.982E+05   C3S         =   7.074E+12   C3S+        =   4.476E+09
 GC3S        =   0.000E+00   PC3H+       =   5.946E+03   RC3S        =   0.000E+00
 HC3S+       =   1.839E+09   GC6         =   0.000E+00   C6+         =   4.389E+08
 RC6         =   0.000E+00   C6-         =   5.397E+11   C6          =   2.808E+11
 C6H         =   5.046E+12   C6H+        =   3.945E+08   C6H-        =   3.404E+12
 GC6H        =   0.000E+00   RC6H        =   0.000E+00   RC6H2       =   0.000E+00
 C5N+        =   3.409E+03   C6H2        =   9.293E+12   C6H2+       =   7.380E+09
 RC5N        =   0.000E+00   C5N         =   4.276E+11   NHCH2COOH   =   0.000E+00
 GC5N        =   0.000E+00   GC6H2       =   0.000E+00   C5N-        =   4.110E+11
 RNHCH2COOH  =   0.000E+00   GNHCH2COOH  =   0.000E+00   GHC5N       =   0.000E+00
 C6H3+       =   2.568E+09   RHC5N       =   0.000E+00   HC5N+       =   4.857E+04
 NH2CH2COOH+ =   0.000E+00   RNH2CH2COOH =   0.000E+00   NH2CH2COOH  =   0.000E+00
 HC5N        =   2.912E+12   GNH2CH2COOH =   0.000E+00   SiC4+       =   7.046E+10
 NH2CH2COOH2+=   0.000E+00   RSiC4       =   0.000E+00   SiC4        =   6.712E+11
 GSiC4       =   0.000E+00   C6H4+       =   4.725E+09   HC5NH+      =   1.970E+07
 SiC4H+      =   8.897E+11   C6H5+       =   5.775E+07   H3C5N+      =   3.442E+07
 RC6H6       =   0.000E+00   GC6H6       =   0.000E+00   C6H6        =   1.254E+12
 C6H6+       =   7.199E+06   GC4P        =   0.000E+00   C4P         =   1.754E+05
 RC4P        =   0.000E+00   C4P+        =   2.428E-02   C6H7+       =   5.810E+11
 GC4S        =   0.000E+00   PC4H+       =   3.853E+04   C4S+        =   5.744E+09
 C4S         =   1.555E+10   RC4S        =   0.000E+00   HC4S+       =   1.331E+09
 RC7         =   0.000E+00   C7          =   1.920E+11   GC7         =   0.000E+00
 C7-         =   1.155E+12   C7+         =   2.194E+08   C7H-        =   6.728E+11
 RC7H        =   0.000E+00   C7H         =   3.099E+11   GC7H        =   0.000E+00
 C7H+        =   8.648E+08   GC7H2       =   0.000E+00   RC7H2       =   0.000E+00
 C7H2        =   2.905E+11   C7H2+       =   2.124E+08   C7H3+       =   2.066E+08
 RCH3C6H     =   0.000E+00   CH3C6H      =   5.470E+09   C7H4+       =   1.460E+08
 GCH3C6H     =   0.000E+00   GCH3C5N     =   0.000E+00   CH3C5N      =   1.591E+08
 RCH3C5N     =   0.000E+00   C7H5+       =   1.967E+08   CH3C5NH+    =   3.288E+06
 RC8         =   0.000E+00   C8-         =   4.064E+11   C8+         =   3.685E+08
 GC8         =   0.000E+00   C8          =   1.954E+11   C8H-        =   1.428E+11
 C8H         =   2.009E+11   C8H+        =   2.224E+07   RC8H        =   0.000E+00
 GC8H        =   0.000E+00   GC8H2       =   0.000E+00   C7N+        =   2.063E+06
 C7N         =   4.926E+10   C8H2        =   3.220E+11   RC8H2       =   0.000E+00
 C8H2+       =   5.471E+08   RC7N        =   0.000E+00   GC7N        =   0.000E+00
 HC7N        =   5.368E+11   GHC7N       =   0.000E+00   HC7N+       =   2.191E+08
 C8H3+       =   2.965E+08   RHC7N       =   0.000E+00   H2C7N+      =   1.523E+08
 C8H4+       =   1.147E+08   H3C7N+      =   1.124E+07   C8H5+       =   3.674E+06
 C9+         =   9.888E+07   C9-         =   3.007E+11   GC9         =   0.000E+00
 RC9         =   0.000E+00   C9          =   4.902E+10   C9H         =   2.025E+10
 C9H+        =   7.177E+07   GC9H        =   0.000E+00   C9H-        =   4.851E+10
 RC9H        =   0.000E+00   C9H2        =   2.820E+10   C9H2+       =   2.196E+07
 RC9H2       =   0.000E+00   GC9H2       =   0.000E+00   C9H3+       =   1.954E+07
 C9H4+       =   5.793E+06   CH3C7N      =   3.248E+07   C9H5+       =   5.532E+04
 GCH3C7N     =   0.000E+00   RCH3C7N     =   0.000E+00   CH3C7NH+    =   5.881E+05
 GC10        =   0.000E+00   C10+        =   6.226E+07   C10         =   2.850E+10
 RC10        =   0.000E+00   C10-        =   5.939E+10   C10H+       =   2.077E+07
 GC10H       =   0.000E+00   C10H        =   6.176E+09   RC10H       =   0.000E+00
 C10H-       =   4.505E+09   GC9N        =   0.000E+00   C10H2+      =   1.929E+07
 RC9N        =   0.000E+00   GC10H2      =   0.000E+00   C9N+        =   2.182E+05
 C10H2       =   9.798E+09   C9N         =   3.899E+09   RC10H2      =   0.000E+00
 C10H3+      =   5.206E+05   GHC9N       =   0.000E+00   HC9N        =   2.242E+10
 HC9N+       =   1.000E+07   RHC9N       =   0.000E+00   H2C9N+      =   4.326E+06
 H3C9N+      =   4.890E+05   RC11        =   0.000E+00   C11+        =   1.155E+07
 GC11        =   0.000E+00   C11         =   1.729E+08   e-          =   1.159E+16
 H2          =   1.107E+22
