


                   **  CALCULATED COLUMN DENSITIES  **


 H           =   2.271E+16   RH          =   0.000E+00   GH          =   0.000E+00
 H+          =   9.271E+11   H-          =   1.551E+07   GH2         =   0.000E+00
 H2+         =   3.410E+09   RH2         =   0.000E+00   H3+         =   1.033E+11
 He          =   3.765E+20   GHe         =   0.000E+00   He+         =   1.909E+12
 RHe         =   0.000E+00   HeH+        =   4.938E+07   C-          =   1.119E+06
 GC          =   0.000E+00   C+          =   1.938E+15   C           =   2.106E+14
 RC          =   0.000E+00   RCH         =   0.000E+00   CH          =   4.490E+11
 GCH         =   0.000E+00   CH+         =   1.220E+09   CH-         =   1.322E-01
 RCH2        =   0.000E+00   GN          =   0.000E+00   CH2+        =   2.174E+09
 N+          =   2.108E+09   CH2         =   1.313E+11   GCH2        =   0.000E+00
 N           =   1.747E+15   RN          =   0.000E+00   RCH3        =   0.000E+00
 NH+         =   1.795E+06   CH3         =   5.023E+10   CH3+        =   1.957E+10
 GCH3        =   0.000E+00   RNH         =   0.000E+00   NH          =   5.498E+12
 GNH         =   0.000E+00   GO          =   0.000E+00   O-          =   1.949E+06
 RO          =   0.000E+00   CH4         =   9.494E+11   CH4+        =   1.751E+04
 NH2         =   8.500E+12   RCH4        =   0.000E+00   RNH2        =   0.000E+00
 O+          =   2.704E+07   NH2+        =   9.241E+07   O           =   1.031E+16
 GCH4        =   0.000E+00   GNH2        =   0.000E+00   CH5+        =   4.519E+06
 OH          =   3.277E+15   RNH3        =   0.000E+00   OH+         =   3.020E+08
 ROH         =   0.000E+00   GOH         =   0.000E+00   OH-         =   2.391E+09
 NH3+        =   4.663E+10   NH3         =   1.347E+15   GNH3        =   0.000E+00
 RH2O        =   0.000E+00   H2O         =   4.664E+17   H2O+        =   3.918E+09
 GH2O        =   0.000E+00   NH4+        =   1.388E+12   F+          =   3.694E+03
 F           =   1.057E+12   GF          =   0.000E+00   H3O+        =   2.156E+12
 RF          =   0.000E+00   GHF         =   0.000E+00   RHF         =   0.000E+00
 HF          =   2.108E+13   HF+         =   1.074E+03   H2F+        =   2.033E+08
 Na+         =   3.929E+11   GNa         =   0.000E+00   Na          =   2.176E+13
 RNa         =   0.000E+00   C2          =   1.981E+10   Mg          =   2.175E+13
 RC2         =   0.000E+00   RMg         =   0.000E+00   C2-         =   3.717E+02
 GMg         =   0.000E+00   C2+         =   6.346E+07   Mg+         =   3.987E+11
 GC2         =   0.000E+00   RC2H        =   0.000E+00   GC2H        =   0.000E+00
 C2H-        =   7.030E+01   C2H         =   3.373E+09   C2H+        =   4.639E+07
 CN          =   5.752E+12   GC2H2       =   0.000E+00   GCN         =   0.000E+00
 CN-         =   5.225E+08   C2H2        =   1.732E+08   C2H2+       =   2.866E+08
 CN+         =   5.294E+05   RC2H2       =   0.000E+00   RCN         =   0.000E+00
 GHNC        =   0.000E+00   HCN+        =   9.094E+05   RHNC        =   0.000E+00
 HCN         =   5.594E+14   HNC         =   3.716E+11   GHCN        =   0.000E+00
 GC2H3       =   0.000E+00   RC2H3       =   0.000E+00   C2H3        =   7.671E+06
 C2H3+       =   6.491E+06   RHCN        =   0.000E+00   H2CN        =   1.164E+07
 RN2         =   0.000E+00   Si+         =   9.059E+14   CO          =   6.623E+17
 GSi         =   0.000E+00   RC2H4       =   0.000E+00   GCO         =   0.000E+00
 N2+         =   4.238E+05   GC2H4       =   0.000E+00   RCO         =   0.000E+00
 C2H4        =   9.786E+06   C2H4+       =   6.128E+05   GN2         =   0.000E+00
 RSi         =   0.000E+00   RH2CN       =   0.000E+00   N2          =   8.772E+16
 H2NC+       =   6.794E+08   CO+         =   4.566E+08   HCNH+       =   1.152E+11
 Si          =   4.343E+14   GH2CN       =   0.000E+00   CH2NH       =   1.431E+09
 SiH+        =   1.639E+10   RHCO        =   0.000E+00   GCH2NH      =   0.000E+00
 SiH         =   2.147E+09   N2H+        =   1.779E+09   C2H5        =   4.742E+04
 C2H5+       =   2.367E+04   GHCO        =   0.000E+00   RCH2NH      =   0.000E+00
 HOC+        =   1.717E+09   GSiH        =   0.000E+00   GC2H5       =   0.000E+00
 RC2H5       =   0.000E+00   HCO         =   2.213E+09   RSiH        =   0.000E+00
 HCO+        =   7.349E+10   GCH3NH      =   0.000E+00   RCH2NH2     =   0.000E+00
 CH2NH2+     =   9.875E+04   RSiH2       =   0.000E+00   SiH2+       =   1.774E+08
 SiH2        =   3.117E+07   C2H6        =   3.035E+04   C2H6+       =   1.208E+02
 CH3NH       =   0.000E+00   RCH3NH      =   0.000E+00   GCH2NH2     =   0.000E+00
 GSiH2       =   0.000E+00   NO+         =   3.401E+10   GC2H6       =   0.000E+00
 CH3NH+      =   3.809E+09   CH2NH2      =   0.000E+00   NO          =   2.453E+13
 GNO         =   0.000E+00   RH2CO       =   0.000E+00   H2CO+       =   3.575E+06
 RNO         =   0.000E+00   GH2CO       =   0.000E+00   RC2H6       =   0.000E+00
 H2CO        =   1.618E+09   SiH3+       =   4.992E+06   P+          =   1.740E+12
 GHNO        =   0.000E+00   RCH3NH2     =   0.000E+00   CH3O        =   1.240E+05
 RSiH3       =   0.000E+00   SiH3        =   7.725E+01   GCH2OH      =   0.000E+00
 HNO         =   1.017E+12   GSiH3       =   0.000E+00   RCH2OH      =   0.000E+00
 CF+         =   1.342E+08   H3CO+       =   5.919E+05   C2H7+       =   1.448E-05
 P           =   7.205E+11   CH3NH2+     =   4.077E+04   RHNO        =   0.000E+00
 GCH3NH2     =   0.000E+00   HNO+        =   5.600E+06   RP          =   0.000E+00
 RCH3O       =   0.000E+00   CH3NH2      =   1.040E+08   GCH3O       =   0.000E+00
 GP          =   0.000E+00   CH2OH       =   1.086E+06   S-          =   1.664E+07
 GPH         =   0.000E+00   GS          =   0.000E+00   RO2         =   0.000E+00
 GCH3OH      =   0.000E+00   O2          =   1.169E+14   PH+         =   9.066E+06
 GO2         =   0.000E+00   RCH3OH      =   0.000E+00   CH3NH3+     =   2.387E+09
 RS          =   0.000E+00   RPH         =   0.000E+00   CH3OH+      =   6.184E+04
 S           =   7.216E+14   CH3OH       =   3.516E+09   SiH4+       =   5.467E-08
 SiH4        =   3.870E+02   GHNOH       =   0.000E+00   GSiH4       =   0.000E+00
 H2NO+       =   7.189E+05   O2-         =   3.248E-04   RHNOH       =   0.000E+00
 RSiH4       =   0.000E+00   HNOH        =   0.000E+00   HNOH+       =  -4.035E-10
 PH          =   6.658E+10   O2+         =   3.144E+10   S+          =   6.845E+14
 GPH2        =   0.000E+00   HS+         =   1.866E+10   NH2OH       =   0.000E+00
 RPH2        =   0.000E+00   CH3OH2+     =   2.293E+09   RHS         =   0.000E+00
 PH2         =   1.444E+04   SiH5+       =   9.366E+00   GNH2OH      =   0.000E+00
 NH2OH+      =  -2.252E-11   PH2+        =   1.177E+06   RO2H        =   0.000E+00
 RNH2OH      =   0.000E+00   O2H         =   5.435E+04   GO2H        =   0.000E+00
 GHS         =   0.000E+00   HS          =   2.356E+14   O2H+        =   2.322E+04
 GH2S        =   0.000E+00   H2S+        =   1.594E+12   H2O2        =   3.020E+03
 RH2S        =   0.000E+00   H2S         =   3.751E+16   GH2O2       =   0.000E+00
 NH3OH+      =   0.000E+00   PH3+        =   4.704E+02   RH2O2       =   0.000E+00
 Cl          =   1.341E+12   GCl         =   0.000E+00   H3S+        =   2.673E+12
 RCl         =   0.000E+00   Cl+         =   2.781E+08   C3-         =   4.394E+01
 GHCl        =   0.000E+00   C3+         =   6.961E+05   HCl+        =   1.666E+08
 RHCl        =   0.000E+00   HCl         =   2.081E+13   C3          =   7.364E+06
 GC3         =   0.000E+00   RC3         =   0.000E+00   GC3H        =   0.000E+00
 C3H-        =   8.967E+01   C3H+        =   9.092E+05   C3H         =   5.611E+06
 RC3H        =   0.000E+00   H2Cl+       =   5.133E+08   C2N+        =   5.967E+05
 RC2N        =   0.000E+00   C2N         =   3.768E+06   H2CCC       =   1.606E+05
 C3H2+       =   3.394E+04   C3H2        =   5.158E+06   CNC+        =   1.878E+07
 GC2N        =   0.000E+00   GH2CCC      =   0.000E+00   RC3H2       =   0.000E+00
 RH2CCC      =   0.000E+00   GC3H2       =   0.000E+00   GCH2CCH     =   0.000E+00
 C3H3+       =   5.766E+04   RCH2CCH     =   0.000E+00   CH2CCH      =   1.787E+06
 RHCCN       =   0.000E+00   HCCN        =   0.000E+00   C2NH+       =   1.179E+05
 CH2CCH+     =   6.515E+04   GHCCN       =   0.000E+00   GCH3CCH     =   0.000E+00
 CH2CCH2     =   4.379E+04   RSiC        =   0.000E+00   GCH2CN      =   0.000E+00
 CH3CCH      =   3.885E+05   CH2CN+      =   5.880E+04   RCH3CCH     =   0.000E+00
 GSiC        =   0.000E+00   RCH2CN      =   0.000E+00   C2O         =   1.191E+08
 GC2O        =   0.000E+00   SiC+        =   2.518E+07   GCH2CCH2    =   0.000E+00
 SiC         =   3.448E+10   C2O+        =   1.681E+04   RCH2CCH2    =   0.000E+00
 CH2CN       =   2.656E+04   C3H4+       =   1.218E+03   RC2O        =   0.000E+00
 GCH3CN      =   0.000E+00   CH3CN+      =   3.987E+02   HC2O+       =   4.434E+04
 HC2O        =   5.793E+03   RCH3CN      =   0.000E+00   CH3CN       =   1.174E+10
 GHC2O       =   0.000E+00   GHCSi       =   0.000E+00   HCSi        =   1.545E+10
 C3H5+       =   7.840E+04   RHC2O       =   0.000E+00   RHCSi       =   0.000E+00
 HCSi+       =   2.439E+07   CH2CO+      =   2.123E+04   GCH3CHCH2   =   0.000E+00
 RSiCH2      =   0.000E+00   SiCH2+      =   1.302E+09   GCH2CO      =   0.000E+00
 RCH2CO      =   0.000E+00   RCH3CHCH2   =   0.000E+00   NH2CN       =   1.996E+09
 GSiCH2      =   0.000E+00   RCNO        =   0.000E+00   OCN+        =   5.671E+01
 GNH2CN      =   0.000E+00   CH3CHCH2    =   5.822E+05   CNO         =   1.612E+00
 GSiN        =   0.000E+00   OCN         =   5.216E+11   ROCN        =   0.000E+00
 SiCH2       =   6.764E+07   C3H6+       =   8.391E+01   SiN         =   6.698E+11
 GOCN        =   0.000E+00   CH3CNH+     =   1.054E+10   CH2CO       =   5.241E+07
 GCNO        =   0.000E+00   SiN+        =   1.612E+10   RNH2CN      =   0.000E+00
 RSiN        =   0.000E+00   CP+         =   3.366E+01   HOCN+       =   3.127E+03
 HCNO        =   3.778E+06   RSiCH3      =   0.000E+00   SiCH3+      =   3.717E+02
 GCH3CO      =   0.000E+00   NH2CNH+     =   1.848E+03   HCNO+       =   1.883E-02
 GHOCN       =   0.000E+00   HOCN        =   6.050E+07   GHCNO       =   0.000E+00
 RCH3CO      =   0.000E+00   RHOCN       =   0.000E+00   RHCNO       =   0.000E+00
 HNSi        =   6.144E+11   HNSi+       =   1.375E+03   GSiCH3      =   0.000E+00
 CH3CO+      =   6.467E+07   GHONC       =   0.000E+00   CH3CO       =   1.358E+03
 HONC+       =   2.063E-06   RHNSi       =   0.000E+00   HONC        =   1.412E+02
 GCP         =   0.000E+00   GHNCO       =   0.000E+00   GHNSi       =   0.000E+00
 C3H7+       =   2.626E+04   HNCO+       =   3.131E+03   CP          =   5.300E+07
 RCP         =   0.000E+00   RHNCO       =   0.000E+00   RHONC       =   0.000E+00
 HNCO        =   6.094E+07   SiCH3       =   2.558E+04   N2O+        =   2.137E+06
 RSiO        =   0.000E+00   CH3CHO      =   1.384E+03   GN2O        =   0.000E+00
 GCS         =   0.000E+00   GCO2        =   0.000E+00   RCH3CHO     =   0.000E+00
 GHNCHO      =   0.000E+00   CS          =   1.207E+14   N2O         =   1.899E+09
 CO2+        =   6.037E+02   GCH3CHO     =   0.000E+00   RCO2        =   0.000E+00
 SiO+        =   1.073E+11   H2OCN+      =   2.051E+06   H2CNO+      =   5.294E+00
 SiNH2+      =   3.010E+10   NH2CO       =   0.000E+00   HCNOH+      =   5.294E+00
 RHNCHO      =   0.000E+00   HCP         =   3.067E+05   HCP+        =   3.287E+01
 GSiO        =   0.000E+00   RCS         =   0.000E+00   RN2O        =   0.000E+00
 SiO         =   5.869E+16   CO2         =   6.543E+14   GNH2CO      =   0.000E+00
 HNCHO       =   0.000E+00   HNCOH+      =   4.120E+06   GHCP        =   0.000E+00
 CH3CHO+     =   1.041E+00   RNH2CO      =   0.000E+00   H2NCO+      =   2.069E+06
 RHCP        =   0.000E+00   CS+         =   4.539E+07   SiCH4+      =   8.357E+02
 GHCS        =   0.000E+00   COOH        =   0.000E+00   PN+         =   2.545E+06
 CH3OCH2     =   3.210E-04   NH2CHO+     =   0.000E+00   RHCS        =   0.000E+00
 PN          =   3.325E+13   RPN         =   0.000E+00   RCOOH       =   0.000E+00
 CH3CHOH+    =   2.186E+00   RNH2CHO     =   0.000E+00   HCS+        =   8.314E+09
 HN2O+       =   2.068E+03   GNH2CHO     =   0.000E+00   SiOH+       =   1.881E+13
 PCH2+       =   1.012E+04   NH2CHO      =   2.575E+05   GPN         =   0.000E+00
 HCO2+       =   2.068E+08   GCOOH       =   0.000E+00   HCS         =   3.765E+08
 C2H5OH      =   3.631E-03   H2SiO+      =   1.763E+04   HCOOH       =   3.095E+08
 CH2PH       =   1.598E+00   GHCOOH      =   0.000E+00   HPN+        =   1.375E+09
 GH2SiO      =   0.000E+00   RHCOOH      =   0.000E+00   RH2SiO      =   0.000E+00
 NS+         =   7.505E+09   H2CS        =   8.607E+10   RH2CS       =   0.000E+00
 GNS         =   0.000E+00   NS          =   2.196E+12   RCH2PH      =   0.000E+00
 GCH3OCH3    =   0.000E+00   GC2H5OH     =   0.000E+00   C2H5OH+     =   7.039E-06
 H2CS+       =   2.220E+07   GNO2        =   0.000E+00   RCH3OCH3    =   0.000E+00
 RC2H5OH     =   0.000E+00   NO2         =   6.302E+08   PCH3+       =   1.476E+00
 RNO2        =   0.000E+00   H2SiO       =   2.984E+01   GH2CS       =   0.000E+00
 CH3OCH3     =   8.538E+00   RNS         =   0.000E+00   CH3OCH3+    =   4.400E-03
 NO2+        =   6.640E+04   NH2CH2O+    =   6.050E+01   HCOOH+      =   2.058E+05
 GCH2PH      =   0.000E+00   HCOOH2+     =   6.894E+07   H3CS+       =   1.095E+11
 RPO         =   0.000E+00   GPO         =   0.000E+00   PNH2+       =   1.224E+06
 HNS+        =   1.903E+06   PCH4+       =   1.590E-01   C2H5OH2+    =   1.269E-03
 PO+         =   3.440E+09   CCl+        =   5.719E+06   CH3OCH4+    =   2.899E+01
 PO          =   1.691E+14   H3SiO+      =   2.297E+00   RCCl        =   0.000E+00
 SiF+        =   1.116E+10   CCl         =   4.474E+05   GCCl        =   0.000E+00
 GO3         =   0.000E+00   GHPO        =   0.000E+00   SO          =   6.625E+15
 RO3         =   0.000E+00   PNH3+       =   2.347E+03   RHPO        =   0.000E+00
 C4          =   9.493E+04   SO+         =   3.412E+12   O3          =   0.000E+00
 HPO+        =   1.693E+09   GC4         =   0.000E+00   C4+         =   5.898E+03
 HPO         =   9.834E+06   GSO         =   0.000E+00   RSO         =   0.000E+00
 C4-         =   1.161E+04   RC4         =   0.000E+00   GC4H        =   0.000E+00
 H2CCl+      =   4.465E+05   RC4H        =   0.000E+00   HSO+        =   2.900E+10
 H2PO+       =   3.353E+05   C4H         =   1.652E+05   C4H+        =   1.065E+04
 C4H-        =   2.040E+04   GC3N        =   0.000E+00   RC3N        =   0.000E+00
 C3N         =   5.386E+04   C4H2        =   2.106E+03   RC4H2       =   0.000E+00
 C4H2+       =   2.263E+03   C3N+        =   1.145E+01   C3N-        =   1.284E+02
 GC4H2       =   0.000E+00   ClO         =   1.092E-09   GHC3N       =   0.000E+00
 HNC3        =   4.093E+00   RClO        =   0.000E+00   C4H3        =   1.086E+03
 C4H3+       =   3.330E+01   RC4H3       =   0.000E+00   RHNC3       =   0.000E+00
 ClO+        =   1.928E-15   GC4H3       =   0.000E+00   HC3N+       =   2.751E+01
 GHNC3       =   0.000E+00   RHC3N       =   0.000E+00   HC3N        =   3.100E+03
 GClO        =   0.000E+00   C2N2+       =   1.231E+02   RCH2CHCCH   =   0.000E+00
 C3O+        =   1.737E-02   C3O         =   2.798E+02   C4H4+       =   9.006E-05
 GCH2CHCCH   =   0.000E+00   SiC2+       =   3.704E+05   RC3O        =   0.000E+00
 GNCCN       =   0.000E+00   GSiC2       =   0.000E+00   HC3NH+      =   2.490E+00
 SiC2        =   3.378E+08   NCCN        =   8.643E+07   CH2CHCCH    =   2.263E+00
 GC3O        =   0.000E+00   RNCCN       =   0.000E+00   RSiC2       =   0.000E+00
 RSiC2H      =   0.000E+00   SiC2H       =   7.264E+05   C4H5+       =   1.204E-01
 HC3O+       =   2.474E-01   CH2CHCN+    =   1.934E+00   CH2CHCN     =   2.286E+02
 GSiC2H      =   0.000E+00   RCH2CHCN    =   0.000E+00   NCCNH+      =   3.227E+03
 GCH2CHCN    =   0.000E+00   SiC2H+      =   5.377E+06   C4H6        =   2.477E+00
 GSiC2H2     =   0.000E+00   SiC2H2+     =   6.558E+03   C2H4CN      =   0.000E+00
 C3H2O+      =   5.430E+01   RSiNC       =   0.000E+00   GSiNC       =   0.000E+00
 RSiC2H2     =   0.000E+00   CH2CHCNH+   =   8.016E-02   RC4H6       =   0.000E+00
 RC2H4CN     =   0.000E+00   SiNC+       =   3.642E+08   SiNC        =   1.090E+07
 SiC2H2      =   7.386E+04   GC4H6       =   0.000E+00   GC2H4CN     =   0.000E+00
 SiC2H3+     =   2.471E+03   GC2H5CN     =   0.000E+00   RCCP        =   0.000E+00
 C2H5CN      =   7.659E+02   C4H7+       =   9.782E-08   GCCP        =   0.000E+00
 H3C3O+      =   1.065E+01   RC2H5CN     =   0.000E+00   CCP         =   4.418E+03
 CCP+        =   6.689E+00   SiNCH+      =   6.745E+05   RHC2P       =   0.000E+00
 Fe          =   2.170E+13   RFe         =   0.000E+00   GFe         =   0.000E+00
 GHC2P       =   0.000E+00   HC2P+       =   1.749E+02   C2S+        =   8.162E+04
 RC2S        =   0.000E+00   C2S         =   9.456E+07   C2H5CNH+    =   4.978E+02
 HC2P        =   6.681E+00   Fe+         =   4.489E+11   GC2S        =   0.000E+00
 HC2S+       =   8.638E+05   PC2H2+      =   2.780E-01   RCH3COCH3   =   0.000E+00
 CH3COCH3+   =   4.296E-09   GCH3COCH3   =   0.000E+00   OHCCHO      =   0.000E+00
 GOHCCHO     =   0.000E+00   PC2H3+      =   2.676E-05   OHCCHO+     =   0.000E+00
 ROHCCHO     =   0.000E+00   CH3COCH3    =   2.520E-06   HOCHCHO     =   0.000E+00
 GHOCH2CO    =   0.000E+00   PC2H4+      =   1.829E-06   C2O2H3+     =   0.000E+00
 OHCCH2O+    =   0.000E+00   CH3CS+      =   5.528E+01   CH3COCH4+   =   2.867E-07
 OCH2CHO     =   0.000E+00   COOCH3+     =   3.656E-13   RHOCH2CO    =   0.000E+00
 GCOOCH3     =   0.000E+00   GOCH2CHO    =   0.000E+00   GCH2COOH    =   0.000E+00
 GHOCHCHO    =   0.000E+00   COOCH3      =   3.464E-07   RCH2COOH    =   0.000E+00
 RHOCHCHO    =   0.000E+00   RCOOCH3     =   0.000E+00   ROCH2CHO    =   0.000E+00
 HOCH2CO     =   0.000E+00   HOCH2CO+    =   0.000E+00   CH2COOH     =   0.000E+00
 OCS+        =   7.847E+08   GSiS        =   0.000E+00   C5          =   3.967E+04
 ROCS        =   0.000E+00   OCS         =   3.779E+11   GOCS        =   0.000E+00
 SiS         =   2.075E+15   HOCH2CHO    =   0.000E+00   HCOOCH3     =   3.432E+00
 SiO2        =   5.772E+12   SiS+        =   1.562E+11   HCOOCH3+    =   2.185E-05
 RSiS        =   0.000E+00   CH3COOH+    =   0.000E+00   CH3COOH     =   0.000E+00
 GSiO2       =   0.000E+00   GHOCH2CHO   =   0.000E+00   C2O2H4+     =   0.000E+00
 RC5         =   0.000E+00   C5-         =   1.248E+04   GHCOOCH3    =   0.000E+00
 GCH3COOH    =   0.000E+00   RHOCH2CHO   =   0.000E+00   HOCH2CHO+   =   0.000E+00
 GC5         =   0.000E+00   RHCOOCH3    =   0.000E+00   RCH3COOH    =   0.000E+00
 C5+         =   6.382E+01   RSiO2       =   0.000E+00   RC5H        =   0.000E+00
 H5C2O2+     =   7.020E+00   GC5H        =   0.000E+00   HOCS+       =   3.470E+07
 HSiO2+      =   6.253E+06   C5H-        =   3.183E+02   CH3COOH2+   =   0.000E+00
 GHOCH2CH2O  =   0.000E+00   HOCH2CH2O+  =   0.000E+00   RHOCH2CH2O  =   0.000E+00
 HSiS+       =   8.262E+08   C5H         =   7.319E+02   C5H+        =   8.919E+01
 HOCH2CH2O   =   0.000E+00   CH2OHCH2OH  =   0.000E+00   GC4N        =   0.000E+00
 GCH2OHCH2OH =   0.000E+00   CH2OHCH2OH+ =   0.000E+00   RCH2OHCH2OH =   0.000E+00
 C4N+        =   1.271E+00   C4N         =   9.311E+01   RC4N        =   0.000E+00
 GC5H2       =   0.000E+00   C5H2        =   2.551E+02   RC5H2       =   0.000E+00
 C5H2+       =   1.732E-01   HC4N+       =   1.455E-03   C5H3+       =   2.699E-03
 CH2OHCH2OHH+=   0.000E+00   RS2         =   0.000E+00   SO2+        =   9.212E+05
 GCH3C4H     =   0.000E+00   SO2         =   8.024E+15   CH3C4H+     =   3.879E-04
 GS2         =   0.000E+00   H2C4N+      =   1.528E-03   S2          =   3.381E+12
 RCH3C4H     =   0.000E+00   SiC3+       =   6.294E+03   S2+         =   5.040E+11
 GSiC3       =   0.000E+00   SiC3        =   3.299E+05   GSO2        =   0.000E+00
 RSiC3       =   0.000E+00   RSO2        =   0.000E+00   CH3C4H      =   1.349E+00
 SiC3H       =   1.395E+05   RSiC3H      =   0.000E+00   GSiC3H      =   0.000E+00
 CH3C3N      =   3.195E+00   HSO2+       =   2.306E+08   C5H5+       =   3.221E-05
 HS2         =   9.321E+10   GCH3C3N     =   0.000E+00   RHS2        =   0.000E+00
 HS2+        =   4.550E+10   CH3C3N+     =   1.369E-03   RCH3C3N     =   0.000E+00
 GHS2        =   0.000E+00   SiC3H+      =   4.803E+03   SiC3H2+     =   1.609E+03
 H2S2+       =   9.203E+09   H2S2        =   3.184E+10   RH2S2       =   0.000E+00
 CH3C3NH+    =   4.849E-03   GH2S2       =   0.000E+00   NCCNCH3+    =   8.070E-04
 GC3P        =   0.000E+00   RC3P        =   0.000E+00   C3P         =   8.983E-03
 H3S2+       =   7.090E+09   C3S         =   4.811E+05   C3S+        =   4.919E+03
 GC3S        =   0.000E+00   PC3H+       =   2.247E-04   RC3S        =   0.000E+00
 HC3S+       =   4.250E+03   GC6         =   0.000E+00   C6+         =   7.167E+00
 RC6         =   0.000E+00   C6-         =   1.197E+02   C6          =   6.262E+01
 C6H         =   1.127E+02   C6H+        =   6.036E-01   C6H-        =   8.249E+01
 GC6H        =   0.000E+00   RC6H        =   0.000E+00   RC6H2       =   0.000E+00
 C5N+        =   8.421E-04   C6H2        =   3.674E+00   C6H2+       =   7.076E-03
 RC5N        =   0.000E+00   C5N         =   4.636E+01   NHCH2COOH   =   0.000E+00
 GC5N        =   0.000E+00   GC6H2       =   0.000E+00   C5N-        =   3.722E+01
 RNHCH2COOH  =   0.000E+00   GNHCH2COOH  =   0.000E+00   GHC5N       =   0.000E+00
 C6H3+       =   3.741E-04   RHC5N       =   0.000E+00   HC5N+       =   1.111E-03
 NH2CH2COOH+ =   0.000E+00   RNH2CH2COOH =   0.000E+00   NH2CH2COOH  =   0.000E+00
 HC5N        =   2.635E+00   GNH2CH2COOH =   0.000E+00   SiC4+       =   5.485E+02
 NH2CH2COOH2+=   0.000E+00   RSiC4       =   0.000E+00   SiC4        =   7.294E+00
 GSiC4       =   0.000E+00   C6H4+       =   1.032E-06   HC5NH+      =   8.933E-04
 SiC4H+      =   4.443E-02   C6H5+       =   2.373E-07   H3C5N+      =   1.927E-07
 RC6H6       =   0.000E+00   GC6H6       =   0.000E+00   C6H6        =   3.099E-05
 C6H6+       =   8.323E-09   GC4P        =   0.000E+00   C4P         =   1.746E-04
 RC4P        =   0.000E+00   C4P+        =   3.809E-11   C6H7+       =   4.658E-08
 GC4S        =   0.000E+00   PC4H+       =   6.847E-06   C4S+        =   1.268E+02
 C4S         =   2.266E+01   RC4S        =   0.000E+00   HC4S+       =   2.937E-01
 RC7         =   0.000E+00   C7          =   7.653E-01   GC7         =   0.000E+00
 C7-         =   4.147E+00   C7+         =   1.821E-02   C7H-        =   5.700E-01
 RC7H        =   0.000E+00   C7H         =   2.572E-01   GC7H        =   0.000E+00
 C7H+        =   6.682E-03   GC7H2       =   0.000E+00   RC7H2       =   0.000E+00
 C7H2        =   4.933E-02   C7H2+       =   5.166E-05   C7H3+       =   1.646E-07
 RCH3C6H     =   0.000E+00   CH3C6H      =   5.983E-05   C7H4+       =   9.787E-09
 GCH3C6H     =   0.000E+00   GCH3C5N     =   0.000E+00   CH3C5N      =   7.920E-07
 RCH3C5N     =   0.000E+00   C7H5+       =   4.099E-09   CH3C5NH+    =   1.200E-08
 RC8         =   0.000E+00   C8-         =   3.276E-02   C8+         =   5.941E-04
 GC8         =   0.000E+00   C8          =   1.685E-02   C8H-        =   3.237E-03
 C8H         =   4.230E-03   C8H+        =   1.536E-05   RC8H        =   0.000E+00
 GC8H        =   0.000E+00   GC8H2       =   0.000E+00   C7N+        =   6.788E-06
 C7N         =   1.387E-02   C8H2        =   4.206E-04   RC8H2       =   0.000E+00
 C8H2+       =   2.285E-05   RC7N        =   0.000E+00   GC7N        =   0.000E+00
 HC7N        =   4.089E-05   GHC7N       =   0.000E+00   HC7N+       =   1.306E-05
 C8H3+       =   1.336E-09   RHC7N       =   0.000E+00   H2C7N+      =   9.962E-08
 C8H4+       =   4.026E-11   H3C7N+      =   1.427E-10   C8H5+       =   2.758E-15
 C9+         =   5.787E-06   C9-         =   6.760E-04   GC9         =   0.000E+00
 RC9         =   0.000E+00   C9          =   1.237E-04   C9H         =   1.562E-05
 C9H+        =   5.992E-07   GC9H        =   0.000E+00   C9H-        =   3.872E-05
 RC9H        =   0.000E+00   C9H2        =   4.885E-06   C9H2+       =   5.128E-09
 RC9H2       =   0.000E+00   GC9H2       =   0.000E+00   C9H3+       =   2.127E-11
 C9H4+       =   2.696E-13   CH3C7N      =   1.200E-11   C9H5+       =   2.435E-19
 GCH3C7N     =   0.000E+00   RCH3C7N     =   0.000E+00   CH3C7NH+    =   1.885E-13
 GC10        =   0.000E+00   C10+        =   6.251E-08   C10         =   1.749E-06
 RC10        =   0.000E+00   C10-        =   3.305E-06   C10H+       =   1.888E-09
 GC10H       =   0.000E+00   C10H        =   1.156E-07   RC10H       =   0.000E+00
 C10H-       =   8.841E-08   GC9N        =   0.000E+00   C10H2+      =   6.558E-11
 RC9N        =   0.000E+00   GC10H2      =   0.000E+00   C9N+        =   5.592E-10
 C10H2       =   1.643E-08   C9N         =   1.210E-06   RC10H2      =   0.000E+00
 C10H3+      =   2.782E-14   GHC9N       =   0.000E+00   HC9N        =   3.118E-09
 HC9N+       =   1.139E-09   RHC9N       =   0.000E+00   H2C9N+      =   8.895E-12
 H3C9N+      =   3.686E-15   RC11        =   0.000E+00   C11+        =   5.611E-10
 GC11        =   0.000E+00   C11         =   8.743E-11   e-          =   3.575E+15
 H2          =   2.214E+21
