


                   **  CALCULATED COLUMN DENSITIES  **


 H           =   1.754E+20   RH          =   0.000E+00   GH          =   0.000E+00
 H+          =   2.202E+12   H-          =   3.671E+07   GH2         =   0.000E+00
 H2+         =   3.275E+09   RH2         =   0.000E+00   H3+         =   5.450E+10
 He          =   3.765E+20   GHe         =   0.000E+00   He+         =   1.462E+12
 RHe         =   0.000E+00   HeH+        =   4.572E+07   C-          =   2.032E+04
 GC          =   0.000E+00   C+          =   6.581E+15   C           =   3.798E+16
 RC          =   0.000E+00   RCH         =   0.000E+00   CH          =   9.588E+13
 GCH         =   0.000E+00   CH+         =   1.806E+11   CH-         =   6.096E+00
 RCH2        =   0.000E+00   GN          =   0.000E+00   CH2+        =   2.826E+12
 N+          =   3.119E+09   CH2         =   3.354E+14   GCH2        =   0.000E+00
 N           =   3.897E+15   RN          =   0.000E+00   RCH3        =   0.000E+00
 NH+         =   1.790E+06   CH3         =   1.983E+15   CH3+        =   5.405E+14
 GCH3        =   0.000E+00   RNH         =   0.000E+00   NH          =   2.134E+12
 GNH         =   0.000E+00   GO          =   0.000E+00   O-          =   3.663E+05
 RO          =   0.000E+00   CH4         =   1.208E+15   CH4+        =   3.798E+08
 NH2         =   4.495E+11   RCH4        =   0.000E+00   RNH2        =   0.000E+00
 O+          =   2.249E+07   NH2+        =   4.709E+06   O           =   3.940E+15
 GCH4        =   0.000E+00   GNH2        =   0.000E+00   CH5+        =   1.276E+09
 OH          =   2.546E+14   RNH3        =   0.000E+00   OH+         =   1.812E+12
 ROH         =   0.000E+00   GOH         =   0.000E+00   OH-         =   1.678E+04
 NH3+        =   5.448E+08   NH3         =   5.120E+12   GNH3        =   0.000E+00
 RH2O        =   0.000E+00   H2O         =   2.071E+14   H2O+        =   2.823E+12
 GH2O        =   0.000E+00   NH4+        =   1.482E+09   F+          =   2.673E+03
 F           =   5.065E+11   GF          =   0.000E+00   H3O+        =   2.442E+14
 RF          =   0.000E+00   GHF         =   0.000E+00   RHF         =   0.000E+00
 HF          =   3.651E+13   HF+         =   7.775E+02   H2F+        =   4.536E+07
 Na+         =   2.135E+13   GNa         =   0.000E+00   Na          =   7.991E+11
 RNa         =   0.000E+00   C2          =   8.977E+14   Mg          =   8.115E+11
 RC2         =   0.000E+00   RMg         =   0.000E+00   C2-         =   1.747E+05
 GMg         =   0.000E+00   C2+         =   1.882E+10   Mg+         =   2.134E+13
 GC2         =   0.000E+00   RC2H        =   0.000E+00   GC2H        =   0.000E+00
 C2H-        =   1.004E+05   C2H         =   1.419E+14   C2H+        =   2.650E+11
 CN          =   1.032E+15   GC2H2       =   0.000E+00   GCN         =   0.000E+00
 CN-         =   6.308E+06   C2H2        =   1.807E+16   C2H2+       =   3.510E+13
 CN+         =   7.298E+05   RC2H2       =   0.000E+00   RCN         =   0.000E+00
 GHNC        =   0.000E+00   HCN+        =   3.091E+07   RHNC        =   0.000E+00
 HCN         =   9.150E+16   HNC         =   1.763E+13   GHCN        =   0.000E+00
 GC2H3       =   0.000E+00   RC2H3       =   0.000E+00   C2H3        =   2.806E+10
 C2H3+       =   3.463E+13   RHCN        =   0.000E+00   H2CN        =   2.638E+10
 RN2         =   0.000E+00   Si+         =   7.823E+15   CO          =   1.783E+18
 GSi         =   0.000E+00   RC2H4       =   0.000E+00   GCO         =   0.000E+00
 N2+         =   2.109E+05   GC2H4       =   0.000E+00   RCO         =   0.000E+00
 C2H4        =   6.663E+12   C2H4+       =   9.468E+09   GN2         =   0.000E+00
 RSi         =   0.000E+00   RH2CN       =   0.000E+00   N2          =   8.523E+16
 H2NC+       =   3.417E+10   CO+         =   4.278E+06   HCNH+       =   7.971E+12
 Si          =   5.337E+15   GH2CN       =   0.000E+00   CH2NH       =   1.385E+08
 SiH+        =   2.473E+08   RHCO        =   0.000E+00   GCH2NH      =   0.000E+00
 SiH         =   5.006E+11   N2H+        =   8.391E+09   C2H5        =   1.920E+08
 C2H5+       =   2.466E+11   GHCO        =   0.000E+00   RCH2NH      =   0.000E+00
 HOC+        =   6.604E+07   GSiH        =   0.000E+00   GC2H5       =   0.000E+00
 RC2H5       =   0.000E+00   HCO         =   4.697E+07   RSiH        =   0.000E+00
 HCO+        =   1.295E+12   GCH3NH      =   0.000E+00   RCH2NH2     =   0.000E+00
 CH2NH2+     =   8.616E+03   RSiH2       =   0.000E+00   SiH2+       =   1.064E+10
 SiH2        =   1.300E+04   C2H6        =   6.665E+09   C2H6+       =   2.852E+06
 CH3NH       =   0.000E+00   RCH3NH      =   0.000E+00   GCH2NH2     =   0.000E+00
 GSiH2       =   0.000E+00   NO+         =   4.438E+08   GC2H6       =   0.000E+00
 CH3NH+      =   7.840E+07   CH2NH2      =   0.000E+00   NO          =   1.815E+10
 GNO         =   0.000E+00   RH2CO       =   0.000E+00   H2CO+       =   3.005E+10
 RNO         =   0.000E+00   GH2CO       =   0.000E+00   RC2H6       =   0.000E+00
 H2CO        =   4.980E+09   SiH3+       =   3.624E+03   P+          =   6.088E+12
 GHNO        =   0.000E+00   RCH3NH2     =   0.000E+00   CH3O        =   6.205E-01
 RSiH3       =   0.000E+00   SiH3        =   3.628E-01   GCH2OH      =   0.000E+00
 HNO         =   1.418E+07   GSiH3       =   0.000E+00   RCH2OH      =   0.000E+00
 CF+         =   8.241E+09   H3CO+       =   1.206E+06   C2H7+       =   7.691E+01
 P           =   3.145E+11   CH3NH2+     =   1.655E+05   RHNO        =   0.000E+00
 GCH3NH2     =   0.000E+00   HNO+        =   1.336E+08   RP          =   0.000E+00
 RCH3O       =   0.000E+00   CH3NH2      =   5.591E+07   GCH3O       =   0.000E+00
 GP          =   0.000E+00   CH2OH       =   6.950E+04   S-          =   1.458E+06
 GPH         =   0.000E+00   GS          =   0.000E+00   RO2         =   0.000E+00
 GCH3OH      =   0.000E+00   O2          =   7.189E+09   PH+         =   6.491E+05
 GO2         =   0.000E+00   RCH3OH      =   0.000E+00   CH3NH3+     =   2.914E+07
 RS          =   0.000E+00   RPH         =   0.000E+00   CH3OH+      =   1.537E+01
 S           =   1.817E+16   CH3OH       =   1.429E+02   SiH4+       =   8.596E-11
 SiH4        =   1.159E+00   GHNOH       =   0.000E+00   GSiH4       =   0.000E+00
 H2NO+       =   1.456E+01   O2-         =   1.020E-16   RHNOH       =   0.000E+00
 RSiH4       =   0.000E+00   HNOH        =   0.000E+00   HNOH+       =   2.090E-14
 PH          =   1.651E+08   O2+         =   1.366E+08   S+          =   9.703E+14
 GPH2        =   0.000E+00   HS+         =   1.532E+08   NH2OH       =   0.000E+00
 RPH2        =   0.000E+00   CH3OH2+     =   2.271E+03   RHS         =   0.000E+00
 PH2         =   1.787E+03   SiH5+       =   8.793E-02   GNH2OH      =   0.000E+00
 NH2OH+      =   5.834E-14   PH2+        =   2.358E+06   RO2H        =   0.000E+00
 RNH2OH      =   0.000E+00   O2H         =   3.412E+00   GO2H        =   0.000E+00
 GHS         =   0.000E+00   HS          =   1.568E+14   O2H+        =   8.843E-03
 GH2S        =   0.000E+00   H2S+        =   1.707E+08   H2O2        =   4.829E-03
 RH2S        =   0.000E+00   H2S         =   6.985E+11   GH2O2       =   0.000E+00
 NH3OH+      =   0.000E+00   PH3+        =   1.760E+02   RH2O2       =   0.000E+00
 Cl          =   7.620E+13   GCl         =   0.000E+00   H3S+        =   8.225E+08
 RCl         =   0.000E+00   Cl+         =   9.615E+09   C3-         =   1.495E+05
 GHCl        =   0.000E+00   C3+         =   4.717E+09   HCl+        =   4.048E+09
 RHCl        =   0.000E+00   HCl         =   6.431E+14   C3          =   3.438E+16
 GC3         =   0.000E+00   RC3         =   0.000E+00   GC3H        =   0.000E+00
 C3H-        =   9.598E+05   C3H+        =   6.894E+11   C3H         =   6.984E+14
 RC3H        =   0.000E+00   H2Cl+       =   7.787E+09   C2N+        =   2.752E+09
 RC2N        =   0.000E+00   C2N         =   2.500E+12   H2CCC       =   4.684E+13
 C3H2+       =   2.693E+10   C3H2        =   1.810E+13   CNC+        =   6.455E+11
 GC2N        =   0.000E+00   GH2CCC      =   0.000E+00   RC3H2       =   0.000E+00
 RH2CCC      =   0.000E+00   GC3H2       =   0.000E+00   GCH2CCH     =   0.000E+00
 C3H3+       =   9.238E+11   RCH2CCH     =   0.000E+00   CH2CCH      =   1.211E+13
 RHCCN       =   0.000E+00   HCCN        =   0.000E+00   C2NH+       =   8.865E+09
 CH2CCH+     =   9.833E+12   GHCCN       =   0.000E+00   GCH3CCH     =   0.000E+00
 CH2CCH2     =   1.202E+10   RSiC        =   0.000E+00   GCH2CN      =   0.000E+00
 CH3CCH      =   4.999E+11   CH2CN+      =   2.708E+10   RCH3CCH     =   0.000E+00
 GSiC        =   0.000E+00   RCH2CN      =   0.000E+00   C2O         =   4.690E+11
 GC2O        =   0.000E+00   SiC+        =   4.869E+09   GCH2CCH2    =   0.000E+00
 SiC         =   2.005E+16   C2O+        =   7.145E+06   RCH2CCH2    =   0.000E+00
 CH2CN       =   4.843E+12   C3H4+       =   2.880E+09   RC2O        =   0.000E+00
 GCH3CN      =   0.000E+00   CH3CN+      =   3.088E+11   HC2O+       =   1.492E+08
 HC2O        =   4.749E+02   RCH3CN      =   0.000E+00   CH3CN       =   6.874E+13
 GHC2O       =   0.000E+00   GHCSi       =   0.000E+00   HCSi        =   4.618E+13
 C3H5+       =   3.509E+11   RHC2O       =   0.000E+00   RHCSi       =   0.000E+00
 HCSi+       =   3.185E+10   CH2CO+      =   4.603E+09   GCH3CHCH2   =   0.000E+00
 RSiCH2      =   0.000E+00   SiCH2+      =   2.355E+13   GCH2CO      =   0.000E+00
 RCH2CO      =   0.000E+00   RCH3CHCH2   =   0.000E+00   NH2CN       =   2.606E+06
 GSiCH2      =   0.000E+00   RCNO        =   0.000E+00   OCN+        =   1.297E+02
 GNH2CN      =   0.000E+00   CH3CHCH2    =   7.397E+10   CNO         =   3.597E-05
 GSiN        =   0.000E+00   OCN         =   1.224E+08   ROCN        =   0.000E+00
 SiCH2       =   1.085E+14   C3H6+       =   5.009E+10   SiN         =   6.696E+14
 GOCN        =   0.000E+00   CH3CNH+     =   4.895E+13   CH2CO       =   1.111E+09
 GCNO        =   0.000E+00   SiN+        =   1.719E+10   RNH2CN      =   0.000E+00
 RSiN        =   0.000E+00   CP+         =   7.646E+05   HOCN+       =   6.279E+01
 HCNO        =   1.442E+04   RSiCH3      =   0.000E+00   SiCH3+      =   5.959E+08
 GCH3CO      =   0.000E+00   NH2CNH+     =   3.310E+00   HCNO+       =   2.063E-05
 GHOCN       =   0.000E+00   HOCN        =   5.236E+06   GHCNO       =   0.000E+00
 RCH3CO      =   0.000E+00   RHOCN       =   0.000E+00   RHCNO       =   0.000E+00
 HNSi        =   7.034E+10   HNSi+       =   3.164E+04   GSiCH3      =   0.000E+00
 CH3CO+      =   1.676E+09   GHONC       =   0.000E+00   CH3CO       =   8.686E+01
 HONC+       =   1.688E-09   RHNSi       =   0.000E+00   HONC        =   3.957E-01
 GCP         =   0.000E+00   GHNCO       =   0.000E+00   GHNSi       =   0.000E+00
 C3H7+       =   4.582E+09   HNCO+       =   6.279E+01   CP          =   4.589E+13
 RCP         =   0.000E+00   RHNCO       =   0.000E+00   RHONC       =   0.000E+00
 HNCO        =   2.864E+06   SiCH3       =   1.021E+09   N2O+        =   1.930E+00
 RSiO        =   0.000E+00   CH3CHO      =   1.124E+05   GN2O        =   0.000E+00
 GCS         =   0.000E+00   GCO2        =   0.000E+00   RCH3CHO     =   0.000E+00
 GHNCHO      =   0.000E+00   CS          =   1.538E+16   N2O         =   2.301E+03
 CO2+        =   3.944E+01   GCH3CHO     =   0.000E+00   RCO2        =   0.000E+00
 SiO+        =   1.017E+10   H2OCN+      =   4.096E+05   H2CNO+      =   1.940E-02
 SiNH2+      =   1.054E+09   NH2CO       =   0.000E+00   HCNOH+      =   1.940E-02
 RHNCHO      =   0.000E+00   HCP         =   2.298E+12   HCP+        =   1.454E+06
 GSiO        =   0.000E+00   RCS         =   0.000E+00   RN2O        =   0.000E+00
 SiO         =   4.014E+14   CO2         =   9.999E+13   GNH2CO      =   0.000E+00
 HNCHO       =   0.000E+00   HNCOH+      =   8.192E+05   GHCP        =   0.000E+00
 CH3CHO+     =   6.078E+03   RNH2CO      =   0.000E+00   H2NCO+      =   4.096E+05
 RHCP        =   0.000E+00   CS+         =   6.194E+09   SiCH4+      =   1.299E+06
 GHCS        =   0.000E+00   COOH        =   0.000E+00   PN+         =   4.352E+01
 CH3OCH2     =   2.486E-08   NH2CHO+     =   0.000E+00   RHCS        =   0.000E+00
 PN          =   3.066E+08   RPN         =   0.000E+00   RCOOH       =   0.000E+00
 CH3CHOH+    =   3.327E+07   RNH2CHO     =   0.000E+00   HCS+        =   1.286E+12
 HN2O+       =   3.309E-04   GNH2CHO     =   0.000E+00   SiOH+       =   1.265E+12
 PCH2+       =   3.403E+09   NH2CHO      =   1.898E+03   GPN         =   0.000E+00
 HCO2+       =   4.073E+07   GCOOH       =   0.000E+00   HCS         =   2.090E+10
 C2H5OH      =   1.311E+01   H2SiO+      =   6.268E-02   HCOOH       =   9.407E+03
 CH2PH       =   1.429E+05   GHCOOH      =   0.000E+00   HPN+        =   2.095E+03
 GH2SiO      =   0.000E+00   RHCOOH      =   0.000E+00   RH2SiO      =   0.000E+00
 NS+         =   5.805E+08   H2CS        =   9.846E+14   RH2CS       =   0.000E+00
 GNS         =   0.000E+00   NS          =   4.930E+12   RCH2PH      =   0.000E+00
 GCH3OCH3    =   0.000E+00   GC2H5OH     =   0.000E+00   C2H5OH+     =   7.165E-04
 H2CS+       =   3.784E+10   GNO2        =   0.000E+00   RCH3OCH3    =   0.000E+00
 RC2H5OH     =   0.000E+00   NO2         =   1.007E+02   PCH3+       =   9.591E+01
 RNO2        =   0.000E+00   H2SiO       =   1.192E-04   GH2CS       =   0.000E+00
 CH3OCH3     =   4.150E-07   RNS         =   0.000E+00   CH3OCH3+    =   5.620E-08
 NO2+        =   1.382E+00   NH2CH2O+    =   1.458E-01   HCOOH+      =   8.117E+01
 GCH2PH      =   0.000E+00   HCOOH2+     =   2.754E+03   H3CS+       =   1.730E+10
 RPO         =   0.000E+00   GPO         =   0.000E+00   PNH2+       =   7.817E+04
 HNS+        =   7.590E+06   PCH4+       =   3.142E+03   C2H5OH2+    =   1.891E+00
 PO+         =   5.271E+08   CCl+        =   2.184E+09   CH3OCH4+    =   1.278E-06
 PO          =   6.593E+06   H3SiO+      =   1.185E-06   RCCl        =   0.000E+00
 SiF+        =   6.297E+11   CCl         =   4.981E+11   GCCl        =   0.000E+00
 GO3         =   0.000E+00   GHPO        =   0.000E+00   SO          =   2.083E+12
 RO3         =   0.000E+00   PNH3+       =   1.174E+00   RHPO        =   0.000E+00
 C4          =   1.273E+14   SO+         =   3.215E+11   O3          =   0.000E+00
 HPO+        =   1.534E+05   GC4         =   0.000E+00   C4+         =   2.997E+08
 HPO         =   1.103E+02   GSO         =   0.000E+00   RSO         =   0.000E+00
 C4-         =   5.663E+09   RC4         =   0.000E+00   GC4H        =   0.000E+00
 H2CCl+      =   1.507E+08   RC4H        =   0.000E+00   HSO+        =   4.145E+09
 H2PO+       =   9.513E+00   C4H         =   8.874E+13   C4H+        =   4.420E+09
 C4H-        =   1.808E+10   GC3N        =   0.000E+00   RC3N        =   0.000E+00
 C3N         =   1.618E+14   C4H2        =   1.662E+13   RC4H2       =   0.000E+00
 C4H2+       =   2.515E+11   C3N+        =   1.020E+06   C3N-        =   1.650E+10
 GC4H2       =   0.000E+00   ClO         =   8.712E+02   GHC3N       =   0.000E+00
 HNC3        =   3.594E+09   RClO        =   0.000E+00   C4H3        =   3.017E+11
 C4H3+       =   1.068E+12   RC4H3       =   0.000E+00   RHNC3       =   0.000E+00
 ClO+        =   1.314E-02   GC4H3       =   0.000E+00   HC3N+       =   8.711E+08
 GHNC3       =   0.000E+00   RHC3N       =   0.000E+00   HC3N        =   3.169E+13
 GClO        =   0.000E+00   C2N2+       =   2.609E+05   RCH2CHCCH   =   0.000E+00
 C3O+        =   1.429E+02   C3O         =   8.631E+07   C4H4+       =   1.496E+10
 GCH2CHCCH   =   0.000E+00   SiC2+       =   6.488E+09   RC3O        =   0.000E+00
 GNCCN       =   0.000E+00   GSiC2       =   0.000E+00   HC3NH+      =   1.015E+10
 SiC2        =   2.782E+16   NCCN        =   1.127E+11   CH2CHCCH    =   3.163E+10
 GC3O        =   0.000E+00   RNCCN       =   0.000E+00   RSiC2       =   0.000E+00
 RSiC2H      =   0.000E+00   SiC2H       =   2.866E+15   C4H5+       =   2.405E+09
 HC3O+       =   1.425E+05   CH2CHCN+    =   6.746E+07   CH2CHCN     =   7.097E+09
 GSiC2H      =   0.000E+00   RCH2CHCN    =   0.000E+00   NCCNH+      =   2.338E+07
 GCH2CHCN    =   0.000E+00   SiC2H+      =   2.034E+13   C4H6        =   1.154E+07
 GSiC2H2     =   0.000E+00   SiC2H2+     =   3.409E+10   C2H4CN      =   0.000E+00
 C3H2O+      =   2.919E+06   RSiNC       =   0.000E+00   GSiNC       =   0.000E+00
 RSiC2H2     =   0.000E+00   CH2CHCNH+   =   8.857E+07   RC4H6       =   0.000E+00
 RC2H4CN     =   0.000E+00   SiNC+       =   3.509E+11   SiNC        =   6.662E+09
 SiC2H2      =   5.931E+12   GC4H6       =   0.000E+00   GC2H4CN     =   0.000E+00
 SiC2H3+     =   2.335E+10   GC2H5CN     =   0.000E+00   RCCP        =   0.000E+00
 C2H5CN      =   5.502E+09   C4H7+       =   1.009E+04   GCCP        =   0.000E+00
 H3C3O+      =   8.424E+06   RC2H5CN     =   0.000E+00   CCP         =   7.304E+11
 CCP+        =   3.107E+06   SiNCH+      =   4.746E+08   RHC2P       =   0.000E+00
 Fe          =   8.128E+11   RFe         =   0.000E+00   GFe         =   0.000E+00
 GHC2P       =   0.000E+00   HC2P+       =   5.102E+10   C2S+        =   9.889E+08
 RC2S        =   0.000E+00   C2S         =   4.821E+14   C2H5CNH+    =   2.176E+08
 HC2P        =   3.914E+08   Fe+         =   2.134E+13   GC2S        =   0.000E+00
 HC2S+       =   1.439E+12   PC2H2+      =   5.349E+06   RCH3COCH3   =   0.000E+00
 CH3COCH3+   =   4.455E-05   GCH3COCH3   =   0.000E+00   OHCCHO      =   0.000E+00
 GOHCCHO     =   0.000E+00   PC2H3+      =   1.972E+00   OHCCHO+     =   0.000E+00
 ROHCCHO     =   0.000E+00   CH3COCH3    =   5.877E-03   HOCHCHO     =   0.000E+00
 GHOCH2CO    =   0.000E+00   PC2H4+      =   6.277E+00   C2O2H3+     =   0.000E+00
 OHCCH2O+    =   0.000E+00   CH3CS+      =   1.682E+07   CH3COCH4+   =   2.877E-04
 OCH2CHO     =   0.000E+00   COOCH3+     =   9.483E-12   RHOCH2CO    =   0.000E+00
 GCOOCH3     =   0.000E+00   GOCH2CHO    =   0.000E+00   GCH2COOH    =   0.000E+00
 GHOCHCHO    =   0.000E+00   COOCH3      =   8.007E-07   RCH2COOH    =   0.000E+00
 RHOCHCHO    =   0.000E+00   RCOOCH3     =   0.000E+00   ROCH2CHO    =   0.000E+00
 HOCH2CO     =   0.000E+00   HOCH2CO+    =   0.000E+00   CH2COOH     =   0.000E+00
 OCS+        =   6.301E+06   GSiS        =   0.000E+00   C5          =   2.097E+13
 ROCS        =   0.000E+00   OCS         =   3.496E+11   GOCS        =   0.000E+00
 SiS         =   4.727E+14   HOCH2CHO    =   0.000E+00   HCOOCH3     =   8.678E-07
 SiO2        =   8.199E+07   SiS+        =   1.400E+07   HCOOCH3+    =   3.899E-10
 RSiS        =   0.000E+00   CH3COOH+    =   0.000E+00   CH3COOH     =   0.000E+00
 GSiO2       =   0.000E+00   GHOCH2CHO   =   0.000E+00   C2O2H4+     =   0.000E+00
 RC5         =   0.000E+00   C5-         =   9.609E+09   GHCOOCH3    =   0.000E+00
 GCH3COOH    =   0.000E+00   RHOCH2CHO   =   0.000E+00   HOCH2CHO+   =   0.000E+00
 GC5         =   0.000E+00   RHCOOCH3    =   0.000E+00   RCH3COOH    =   0.000E+00
 C5+         =   3.765E+07   RSiO2       =   0.000E+00   RC5H        =   0.000E+00
 H5C2O2+     =   2.819E-07   GC5H        =   0.000E+00   HOCS+       =   7.318E+05
 HSiO2+      =   4.332E+02   C5H-        =   6.408E+09   CH3COOH2+   =   0.000E+00
 GHOCH2CH2O  =   0.000E+00   HOCH2CH2O+  =   0.000E+00   RHOCH2CH2O  =   0.000E+00
 HSiS+       =   1.251E+09   C5H         =   9.227E+12   C5H+        =   1.038E+10
 HOCH2CH2O   =   0.000E+00   CH2OHCH2OH  =   0.000E+00   GC4N        =   0.000E+00
 GCH2OHCH2OH =   0.000E+00   CH2OHCH2OH+ =   0.000E+00   RCH2OHCH2OH =   0.000E+00
 C4N+        =   5.963E+08   C4N         =   2.114E+11   RC4N        =   0.000E+00
 GC5H2       =   0.000E+00   C5H2        =   1.209E+13   RC5H2       =   0.000E+00
 C5H2+       =   4.715E+10   HC4N+       =   1.030E+04   C5H3+       =   9.494E+09
 CH2OHCH2OHH+=   0.000E+00   RS2         =   0.000E+00   SO2+        =   3.495E-01
 GCH3C4H     =   0.000E+00   SO2         =   6.001E+08   CH3C4H+     =   6.194E+07
 GS2         =   0.000E+00   H2C4N+      =   1.020E+05   S2          =   1.298E+12
 RCH3C4H     =   0.000E+00   SiC3+       =   1.579E+12   S2+         =   1.205E+08
 GSiC3       =   0.000E+00   SiC3        =   9.233E+13   GSO2        =   0.000E+00
 RSiC3       =   0.000E+00   RSO2        =   0.000E+00   CH3C4H      =   6.074E+10
 SiC3H       =   2.463E+13   RSiC3H      =   0.000E+00   GSiC3H      =   0.000E+00
 CH3C3N      =   4.260E+10   HSO2+       =   4.607E+02   C5H5+       =   2.502E+09
 HS2         =   1.258E+07   GCH3C3N     =   0.000E+00   RHS2        =   0.000E+00
 HS2+        =   1.399E+07   CH3C3N+     =   9.942E+04   RCH3C3N     =   0.000E+00
 GHS2        =   0.000E+00   SiC3H+      =   1.685E+11   SiC3H2+     =   4.596E+10
 H2S2+       =   1.976E+06   H2S2        =   1.120E+07   RH2S2       =   0.000E+00
 CH3C3NH+    =   5.726E+06   GH2S2       =   0.000E+00   NCCNCH3+    =   4.491E+01
 GC3P        =   0.000E+00   RC3P        =   0.000E+00   C3P         =   4.919E+05
 H3S2+       =   2.191E+06   C3S         =   8.998E+13   C3S+        =   8.233E+10
 GC3S        =   0.000E+00   PC3H+       =   1.964E+04   RC3S        =   0.000E+00
 HC3S+       =   1.763E+11   GC6         =   0.000E+00   C6+         =   1.101E+09
 RC6         =   0.000E+00   C6-         =   1.545E+10   C6          =   6.312E+11
 C6H         =   7.426E+12   C6H+        =   6.708E+09   C6H-        =   6.430E+10
 GC6H        =   0.000E+00   RC6H        =   0.000E+00   RC6H2       =   0.000E+00
 C5N+        =   3.334E+03   C6H2        =   1.168E+13   C6H2+       =   6.308E+10
 RC5N        =   0.000E+00   C5N         =   7.780E+09   NHCH2COOH   =   0.000E+00
 GC5N        =   0.000E+00   GC6H2       =   0.000E+00   C5N-        =   2.904E+08
 RNHCH2COOH  =   0.000E+00   GNHCH2COOH  =   0.000E+00   GHC5N       =   0.000E+00
 C6H3+       =   5.298E+08   RHC5N       =   0.000E+00   HC5N+       =   1.179E+05
 NH2CH2COOH+ =   0.000E+00   RNH2CH2COOH =   0.000E+00   NH2CH2COOH  =   0.000E+00
 HC5N        =   7.360E+11   GNH2CH2COOH =   0.000E+00   SiC4+       =   1.795E+11
 NH2CH2COOH2+=   0.000E+00   RSiC4       =   0.000E+00   SiC4        =   8.797E+12
 GSiC4       =   0.000E+00   C6H4+       =   7.461E+08   HC5NH+      =   2.641E+07
 SiC4H+      =   3.071E+10   C6H5+       =   6.298E+07   H3C5N+      =   3.662E+05
 RC6H6       =   0.000E+00   GC6H6       =   0.000E+00   C6H6        =   5.478E+12
 C6H6+       =   1.329E+07   GC4P        =   0.000E+00   C4P         =   1.728E+05
 RC4P        =   0.000E+00   C4P+        =   2.819E-02   C6H7+       =   4.557E+09
 GC4S        =   0.000E+00   PC4H+       =   1.257E+04   C4S+        =   7.932E+09
 C4S         =   8.861E+12   RC4S        =   0.000E+00   HC4S+       =   6.359E+10
 RC7         =   0.000E+00   C7          =   3.198E+11   GC7         =   0.000E+00
 C7-         =   5.957E+10   C7+         =   4.423E+08   C7H-        =   4.284E+10
 RC7H        =   0.000E+00   C7H         =   1.937E+13   GC7H        =   0.000E+00
 C7H+        =   4.300E+10   GC7H2       =   0.000E+00   RC7H2       =   0.000E+00
 C7H2        =   3.214E+12   C7H2+       =   8.603E+08   C7H3+       =   2.783E+08
 RCH3C6H     =   0.000E+00   CH3C6H      =   3.177E+09   C7H4+       =   4.895E+07
 GCH3C6H     =   0.000E+00   GCH3C5N     =   0.000E+00   CH3C5N      =   8.620E+05
 RCH3C5N     =   0.000E+00   C7H5+       =   1.377E+08   CH3C5NH+    =   5.932E+03
 RC8         =   0.000E+00   C8-         =   6.728E+10   C8+         =   1.424E+09
 GC8         =   0.000E+00   C8          =   1.516E+12   C8H-        =   3.886E+10
 C8H         =   7.833E+12   C8H+        =   2.619E+08   RC8H        =   0.000E+00
 GC8H        =   0.000E+00   GC8H2       =   0.000E+00   C7N+        =   4.193E+05
 C7N         =   4.596E+10   C8H2        =   4.886E+12   RC8H2       =   0.000E+00
 C8H2+       =   1.435E+10   RC7N        =   0.000E+00   GC7N        =   0.000E+00
 HC7N        =   3.423E+11   GHC7N       =   0.000E+00   HC7N+       =   6.912E+07
 C8H3+       =   4.360E+07   RHC7N       =   0.000E+00   H2C7N+      =   2.755E+08
 C8H4+       =   7.033E+06   H3C7N+      =   2.956E+04   C8H5+       =   1.729E+03
 C9+         =   9.719E+08   C9-         =   8.349E+10   GC9         =   0.000E+00
 RC9         =   0.000E+00   C9          =   2.252E+11   C9H         =   2.903E+12
 C9H+        =   3.340E+09   GC9H        =   0.000E+00   C9H-        =   2.129E+10
 RC9H        =   0.000E+00   C9H2        =   6.353E+12   C9H2+       =   6.478E+08
 RC9H2       =   0.000E+00   GC9H2       =   0.000E+00   C9H3+       =   3.508E+07
 C9H4+       =   1.662E+07   CH3C7N      =   2.869E+05   C9H5+       =   6.678E+01
 GCH3C7N     =   0.000E+00   RCH3C7N     =   0.000E+00   CH3C7NH+    =   1.901E+03
 GC10        =   0.000E+00   C10+        =   1.280E+09   C10         =   2.300E+11
 RC10        =   0.000E+00   C10-        =   5.016E+09   C10H+       =   3.790E+08
 GC10H       =   0.000E+00   C10H        =   1.140E+12   RC10H       =   0.000E+00
 C10H-       =   2.332E+09   GC9N        =   0.000E+00   C10H2+      =   4.423E+08
 RC9N        =   0.000E+00   GC10H2      =   0.000E+00   C9N+        =   1.455E+05
 C10H2       =   1.365E+12   C9N         =   1.356E+10   RC10H2      =   0.000E+00
 C10H3+      =   1.984E+06   GHC9N       =   0.000E+00   HC9N        =   1.056E+11
 HC9N+       =   1.807E+07   RHC9N       =   0.000E+00   H2C9N+      =   8.761E+06
 H3C9N+      =   7.367E+03   RC11        =   0.000E+00   C11+        =   2.137E+08
 GC11        =   0.000E+00   C11         =   5.960E+11   e-          =   1.643E+16
 H2          =   2.127E+21
