


                   **  CALCULATED COLUMN DENSITIES  **


 H           =   2.912E+16   RH          =   0.000E+00   GH          =   0.000E+00
 H+          =   1.108E+12   H-          =   4.988E+08   GH2         =   0.000E+00
 H2+         =   3.957E+09   RH2         =   0.000E+00   H3+         =   3.629E+11
 He          =   1.255E+22   GHe         =   0.000E+00   He+         =   1.419E+12
 RHe         =   0.000E+00   HeH+        =   5.699E+07   C-          =   1.178E+07
 GC          =   0.000E+00   C+          =   1.148E+16   C           =   3.364E+15
 RC          =   0.000E+00   RCH         =   0.000E+00   CH          =   1.225E+14
 GCH         =   0.000E+00   CH+         =   2.261E+10   CH-         =   7.309E+06
 RCH2        =   0.000E+00   GN          =   0.000E+00   CH2+        =   2.244E+10
 N+          =   1.354E+10   CH2         =   4.122E+13   GCH2        =   0.000E+00
 N           =   5.140E+15   RN          =   0.000E+00   RCH3        =   0.000E+00
 NH+         =   5.724E+06   CH3         =   1.735E+13   CH3+        =   4.637E+11
 GCH3        =   0.000E+00   RNH         =   0.000E+00   NH          =   9.690E+11
 GNH         =   0.000E+00   GO          =   0.000E+00   O-          =   5.160E+06
 RO          =   0.000E+00   CH4         =   2.581E+17   CH4+        =   1.699E+07
 NH2         =   2.829E+12   RCH4        =   0.000E+00   RNH2        =   0.000E+00
 O+          =   9.882E+06   NH2+        =   4.594E+07   O           =   7.130E+15
 GCH4        =   0.000E+00   GNH2        =   0.000E+00   CH5+        =   1.106E+10
 OH          =   7.291E+13   RNH3        =   0.000E+00   OH+         =   3.450E+07
 ROH         =   0.000E+00   GOH         =   0.000E+00   OH-         =   9.359E+07
 NH3+        =   2.017E+10   NH3         =   4.417E+15   GNH3        =   0.000E+00
 RH2O        =   0.000E+00   H2O         =   1.881E+17   H2O+        =   1.053E+08
 GH2O        =   0.000E+00   NH4+        =   6.049E+12   F+          =   4.268E+04
 F           =   1.481E+12   GF          =   0.000E+00   H3O+        =   5.554E+10
 RF          =   0.000E+00   GHF         =   0.000E+00   RHF         =   0.000E+00
 HF          =   1.254E+15   HF+         =   1.247E+04   H2F+        =   3.806E+09
 Na+         =   1.020E+13   GNa         =   0.000E+00   Na          =   7.281E+14
 RNa         =   0.000E+00   C2          =   1.392E+15   Mg          =   7.378E+14
 RC2         =   0.000E+00   RMg         =   0.000E+00   C2-         =   2.618E+07
 GMg         =   0.000E+00   C2+         =   6.575E+10   Mg+         =   5.236E+11
 GC2         =   0.000E+00   RC2H        =   0.000E+00   GC2H        =   0.000E+00
 C2H-        =   2.306E+10   C2H         =   1.193E+15   C2H+        =   5.541E+10
 CN          =   1.374E+15   GC2H2       =   0.000E+00   GCN         =   0.000E+00
 CN-         =   3.001E+10   C2H2        =   3.229E+18   C2H2+       =   1.365E+12
 CN+         =   2.051E+07   RC2H2       =   0.000E+00   RCN         =   0.000E+00
 GHNC        =   0.000E+00   HCN+        =   6.795E+07   RHNC        =   0.000E+00
 HCN         =   3.016E+18   HNC         =   9.121E+13   GHCN        =   0.000E+00
 GC2H3       =   0.000E+00   RC2H3       =   0.000E+00   C2H3        =   3.211E+12
 C2H3+       =   1.507E+12   RHCN        =   0.000E+00   H2CN        =   1.622E+10
 RN2         =   0.000E+00   Si+         =   1.665E+15   CO          =   5.906E+19
 GSi         =   0.000E+00   RC2H4       =   0.000E+00   GCO         =   0.000E+00
 N2+         =   2.122E+06   GC2H4       =   0.000E+00   RCO         =   0.000E+00
 C2H4        =   5.050E+15   C2H4+       =   4.360E+11   GN2         =   0.000E+00
 RSi         =   0.000E+00   RH2CN       =   0.000E+00   N2          =   2.952E+18
 H2NC+       =   3.500E+09   CO+         =   3.880E+08   HCNH+       =   5.076E+13
 Si          =   2.032E+14   GH2CN       =   0.000E+00   CH2NH       =   3.611E+08
 SiH+        =   1.730E+09   RHCO        =   0.000E+00   GCH2NH      =   0.000E+00
 SiH         =   3.795E+11   N2H+        =   1.286E+10   C2H5        =   2.713E+10
 C2H5+       =   6.284E+08   GHCO        =   0.000E+00   RCH2NH      =   0.000E+00
 HOC+        =   1.503E+09   GSiH        =   0.000E+00   GC2H5       =   0.000E+00
 RC2H5       =   0.000E+00   HCO         =   1.210E+11   RSiH        =   0.000E+00
 HCO+        =   7.022E+11   GCH3NH      =   0.000E+00   RCH2NH2     =   0.000E+00
 CH2NH2+     =   7.415E+06   RSiH2       =   0.000E+00   SiH2+       =   1.955E+08
 SiH2        =   1.279E+07   C2H6        =   8.010E+10   C2H6+       =   2.446E+07
 CH3NH       =   0.000E+00   RCH3NH      =   0.000E+00   GCH2NH2     =   0.000E+00
 GSiH2       =   0.000E+00   NO+         =   5.514E+08   GC2H6       =   0.000E+00
 CH3NH+      =   2.489E+08   CH2NH2      =   0.000E+00   NO          =   1.803E+11
 GNO         =   0.000E+00   RH2CO       =   0.000E+00   H2CO+       =   1.006E+08
 RNO         =   0.000E+00   GH2CO       =   0.000E+00   RC2H6       =   0.000E+00
 H2CO        =   8.311E+10   SiH3+       =   3.412E+06   P+          =   1.265E+12
 GHNO        =   0.000E+00   RCH3NH2     =   0.000E+00   CH3O        =   1.479E+03
 RSiH3       =   0.000E+00   SiH3        =   3.635E+02   GCH2OH      =   0.000E+00
 HNO         =   6.638E+09   GSiH3       =   0.000E+00   RCH2OH      =   0.000E+00
 CF+         =   7.948E+09   H3CO+       =   6.443E+06   C2H7+       =   9.407E+03
 P           =   1.792E+11   CH3NH2+     =   1.273E+05   RHNO        =   0.000E+00
 GCH3NH2     =   0.000E+00   HNO+        =   1.658E+05   RP          =   0.000E+00
 RCH3O       =   0.000E+00   CH3NH2      =   7.172E+07   GCH3O       =   0.000E+00
 GP          =   0.000E+00   CH2OH       =   1.518E+10   S-          =   2.392E+06
 GPH         =   0.000E+00   GS          =   0.000E+00   RO2         =   0.000E+00
 GCH3OH      =   0.000E+00   O2          =   6.782E+10   PH+         =   5.389E+05
 GO2         =   0.000E+00   RCH3OH      =   0.000E+00   CH3NH3+     =   2.783E+08
 RS          =   0.000E+00   RPH         =   0.000E+00   CH3OH+      =   1.445E+04
 S           =   2.997E+14   CH3OH       =   4.356E+07   SiH4+       =   1.012E-06
 SiH4        =   3.471E+02   GHNOH       =   0.000E+00   GSiH4       =   0.000E+00
 H2NO+       =   5.923E+04   O2-         =   1.811E-13   RHNOH       =   0.000E+00
 RSiH4       =   0.000E+00   HNOH        =   0.000E+00   HNOH+       =   0.000E+00
 PH          =   1.143E+09   O2+         =   9.909E+06   S+          =   7.220E+14
 GPH2        =   0.000E+00   HS+         =   4.824E+08   NH2OH       =   0.000E+00
 RPH2        =   0.000E+00   CH3OH2+     =   6.932E+06   RHS         =   0.000E+00
 PH2         =   5.383E+03   SiH5+       =   9.097E+01   GNH2OH      =   0.000E+00
 NH2OH+      =   0.000E+00   PH2+        =   2.016E+06   RO2H        =   0.000E+00
 RNH2OH      =   0.000E+00   O2H         =   5.384E+03   GO2H        =   0.000E+00
 GHS         =   0.000E+00   HS          =   3.535E+12   O2H+        =   1.604E+00
 GH2S        =   0.000E+00   H2S+        =   2.727E+09   H2O2        =   1.617E-03
 RH2S        =   0.000E+00   H2S         =   2.991E+14   GH2O2       =   0.000E+00
 NH3OH+      =   0.000E+00   PH3+        =   2.362E+02   RH2O2       =   0.000E+00
 Cl          =   2.967E+13   GCl         =   0.000E+00   H3S+        =   1.284E+09
 RCl         =   0.000E+00   Cl+         =   3.207E+09   C3-         =   3.316E+08
 GHCl        =   0.000E+00   C3+         =   4.668E+09   HCl+        =   1.627E+09
 RHCl        =   0.000E+00   HCl         =   2.396E+16   C3          =   5.121E+13
 GC3         =   0.000E+00   RC3         =   0.000E+00   GC3H        =   0.000E+00
 C3H-        =   3.059E+09   C3H+        =   7.913E+09   C3H         =   5.219E+13
 RC3H        =   0.000E+00   H2Cl+       =   7.277E+09   C2N+        =   2.174E+09
 RC2N        =   0.000E+00   C2N         =   1.685E+12   H2CCC       =   5.720E+12
 C3H2+       =   3.298E+10   C3H2        =   1.148E+13   CNC+        =   1.027E+12
 GC2N        =   0.000E+00   GH2CCC      =   0.000E+00   RC3H2       =   0.000E+00
 RH2CCC      =   0.000E+00   GC3H2       =   0.000E+00   GCH2CCH     =   0.000E+00
 C3H3+       =   6.711E+10   RCH2CCH     =   0.000E+00   CH2CCH      =   2.583E+13
 RHCCN       =   0.000E+00   HCCN        =   0.000E+00   C2NH+       =   4.410E+08
 CH2CCH+     =   1.517E+09   GHCCN       =   0.000E+00   GCH3CCH     =   0.000E+00
 CH2CCH2     =   2.181E+11   RSiC        =   0.000E+00   GCH2CN      =   0.000E+00
 CH3CCH      =   2.646E+11   CH2CN+      =   5.206E+09   RCH3CCH     =   0.000E+00
 GSiC        =   0.000E+00   RCH2CN      =   0.000E+00   C2O         =   1.856E+11
 GC2O        =   0.000E+00   SiC+        =   8.693E+09   GCH2CCH2    =   0.000E+00
 SiC         =   5.446E+13   C2O+        =   5.472E+07   RCH2CCH2    =   0.000E+00
 CH2CN       =   6.412E+09   C3H4+       =   4.397E+08   RC2O        =   0.000E+00
 GCH3CN      =   0.000E+00   CH3CN+      =   4.957E+06   HC2O+       =   1.554E+08
 HC2O        =   9.211E+07   RCH3CN      =   0.000E+00   CH3CN       =   4.914E+12
 GHC2O       =   0.000E+00   GHCSi       =   0.000E+00   HCSi        =   9.248E+12
 C3H5+       =   5.243E+09   RHC2O       =   0.000E+00   RHCSi       =   0.000E+00
 HCSi+       =   8.503E+09   CH2CO+      =   3.369E+08   GCH3CHCH2   =   0.000E+00
 RSiCH2      =   0.000E+00   SiCH2+      =   4.332E+11   GCH2CO      =   0.000E+00
 RCH2CO      =   0.000E+00   RCH3CHCH2   =   0.000E+00   NH2CN       =   1.375E+11
 GSiCH2      =   0.000E+00   RCNO        =   0.000E+00   OCN+        =   7.411E+02
 GNH2CN      =   0.000E+00   CH3CHCH2    =   1.107E+12   CNO         =   1.695E+01
 GSiN        =   0.000E+00   OCN         =   1.360E+12   ROCN        =   0.000E+00
 SiCH2       =   1.918E+10   C3H6+       =   2.986E+08   SiN         =   1.634E+11
 GOCN        =   0.000E+00   CH3CNH+     =   1.055E+12   CH2CO       =   7.887E+08
 GCNO        =   0.000E+00   SiN+        =   3.714E+09   RNH2CN      =   0.000E+00
 RSiN        =   0.000E+00   CP+         =   1.026E+06   HOCN+       =   6.850E+04
 HCNO        =   1.719E+07   RSiCH3      =   0.000E+00   SiCH3+      =   2.297E+06
 GCH3CO      =   0.000E+00   NH2CNH+     =   1.077E+06   HCNO+       =   3.999E-01
 GHOCN       =   0.000E+00   HOCN        =   6.982E+08   GHCNO       =   0.000E+00
 RCH3CO      =   0.000E+00   RHOCN       =   0.000E+00   RHCNO       =   0.000E+00
 HNSi        =   5.574E+10   HNSi+       =   2.937E+03   GSiCH3      =   0.000E+00
 CH3CO+      =   4.850E+08   GHONC       =   0.000E+00   CH3CO       =   2.386E+09
 HONC+       =   1.397E-04   RHNSi       =   0.000E+00   HONC        =   2.334E+03
 GCP         =   0.000E+00   GHNCO       =   0.000E+00   GHNSi       =   0.000E+00
 C3H7+       =   3.984E+11   HNCO+       =   6.853E+04   CP          =   5.301E+11
 RCP         =   0.000E+00   RHNCO       =   0.000E+00   RHONC       =   0.000E+00
 HNCO        =   7.038E+08   SiCH3       =   1.834E+08   N2O+        =   4.783E+02
 RSiO        =   0.000E+00   CH3CHO      =   1.003E+09   GN2O        =   0.000E+00
 GCS         =   0.000E+00   GCO2        =   0.000E+00   RCH3CHO     =   0.000E+00
 GHNCHO      =   0.000E+00   CS          =   7.819E+17   N2O         =   2.249E+05
 CO2+        =   3.712E-01   GCH3CHO     =   0.000E+00   RCO2        =   0.000E+00
 SiO+        =   9.057E+09   H2OCN+      =   3.515E+07   H2CNO+      =   1.039E+02
 SiNH2+      =   6.642E+09   NH2CO       =   0.000E+00   HCNOH+      =   1.040E+02
 RHNCHO      =   0.000E+00   HCP         =   1.844E+15   HCP+        =   1.280E+06
 GSiO        =   0.000E+00   RCS         =   0.000E+00   RN2O        =   0.000E+00
 SiO         =   3.701E+17   CO2         =   1.126E+11   GNH2CO      =   0.000E+00
 HNCHO       =   0.000E+00   HNCOH+      =   7.106E+07   GHCP        =   0.000E+00
 CH3CHO+     =   4.788E+04   RNH2CO      =   0.000E+00   H2NCO+      =   3.591E+07
 RHCP        =   0.000E+00   CS+         =   1.377E+10   SiCH4+      =   6.719E+06
 GHCS        =   0.000E+00   COOH        =   0.000E+00   PN+         =   5.177E+01
 CH3OCH2     =   3.458E-08   NH2CHO+     =   0.000E+00   RHCS        =   0.000E+00
 PN          =   1.596E+08   RPN         =   0.000E+00   RCOOH       =   0.000E+00
 CH3CHOH+    =   5.003E+08   RNH2CHO     =   0.000E+00   HCS+        =   1.564E+12
 HN2O+       =   2.558E-02   GNH2CHO     =   0.000E+00   SiOH+       =   7.664E+12
 PCH2+       =   6.619E+09   NH2CHO      =   8.723E+05   GPN         =   0.000E+00
 HCO2+       =   5.614E+07   GCOOH       =   0.000E+00   HCS         =   4.523E+10
 C2H5OH      =   1.016E+05   H2SiO+      =   1.011E+03   HCOOH       =   3.047E+08
 CH2PH       =   4.410E+03   GHCOOH      =   0.000E+00   HPN+        =   1.804E+01
 GH2SiO      =   0.000E+00   RHCOOH      =   0.000E+00   RH2SiO      =   0.000E+00
 NS+         =   2.557E+08   H2CS        =   8.586E+10   RH2CS       =   0.000E+00
 GNS         =   0.000E+00   NS          =   1.603E+10   RCH2PH      =   0.000E+00
 GCH3OCH3    =   0.000E+00   GC2H5OH     =   0.000E+00   C2H5OH+     =   1.924E+02
 H2CS+       =   2.898E+07   GNO2        =   0.000E+00   RCH3OCH3    =   0.000E+00
 RC2H5OH     =   0.000E+00   NO2         =   2.471E+05   PCH3+       =   3.742E+02
 RNO2        =   0.000E+00   H2SiO       =   1.105E+00   GH2CS       =   0.000E+00
 CH3OCH3     =   2.729E-01   RNS         =   0.000E+00   CH3OCH3+    =   1.424E-03
 NO2+        =   2.248E+01   NH2CH2O+    =   1.664E+02   HCOOH+      =   2.735E+05
 GCH2PH      =   0.000E+00   HCOOH2+     =   1.136E+08   H3CS+       =   4.202E+09
 RPO         =   0.000E+00   GPO         =   0.000E+00   PNH2+       =   5.668E+04
 HNS+        =   6.292E+04   PCH4+       =   1.004E+03   C2H5OH2+    =   3.137E+04
 PO+         =   4.319E+07   CCl+        =   9.162E+09   CH3OCH4+    =   4.861E-02
 PO          =   6.575E+08   H3SiO+      =   1.220E-02   RCCl        =   0.000E+00
 SiF+        =   2.737E+10   CCl         =   1.951E+09   GCCl        =   0.000E+00
 GO3         =   0.000E+00   GHPO        =   0.000E+00   SO          =   4.563E+10
 RO3         =   0.000E+00   PNH3+       =   7.916E+01   RHPO        =   0.000E+00
 C4          =   3.464E+12   SO+         =   1.731E+10   O3          =   0.000E+00
 HPO+        =   1.445E+07   GC4         =   0.000E+00   C4+         =   4.777E+08
 HPO         =   2.287E+04   GSO         =   0.000E+00   RSO         =   0.000E+00
 C4-         =   3.557E+11   RC4         =   0.000E+00   GC4H        =   0.000E+00
 H2CCl+      =   1.377E+08   RC4H        =   0.000E+00   HSO+        =   5.337E+05
 H2PO+       =   1.448E+03   C4H         =   2.466E+13   C4H+        =   1.155E+09
 C4H-        =   2.282E+12   GC3N        =   0.000E+00   RC3N        =   0.000E+00
 C3N         =   1.223E+14   C4H2        =   7.016E+13   RC4H2       =   0.000E+00
 C4H2+       =   5.999E+10   C3N+        =   6.511E+06   C3N-        =   2.798E+11
 GC4H2       =   0.000E+00   ClO         =   1.096E-07   GHC3N       =   0.000E+00
 HNC3        =   7.355E+10   RClO        =   0.000E+00   C4H3        =   2.609E+10
 C4H3+       =   4.084E+11   RC4H3       =   0.000E+00   RHNC3       =   0.000E+00
 ClO+        =   1.217E-13   GC4H3       =   0.000E+00   HC3N+       =   1.956E+09
 GHNC3       =   0.000E+00   RHC3N       =   0.000E+00   HC3N        =   1.078E+14
 GClO        =   0.000E+00   C2N2+       =   1.134E+06   RCH2CHCCH   =   0.000E+00
 C3O+        =   4.357E+03   C3O         =   2.615E+10   C4H4+       =   2.210E+06
 GCH2CHCCH   =   0.000E+00   SiC2+       =   1.393E+10   RC3O        =   0.000E+00
 GNCCN       =   0.000E+00   GSiC2       =   0.000E+00   HC3NH+      =   8.887E+10
 SiC2        =   1.379E+18   NCCN        =   6.027E+11   CH2CHCCH    =   2.605E+10
 GC3O        =   0.000E+00   RNCCN       =   0.000E+00   RSiC2       =   0.000E+00
 RSiC2H      =   0.000E+00   SiC2H       =   4.168E+13   C4H5+       =   1.681E+10
 HC3O+       =   1.362E+07   CH2CHCN+    =   1.917E+08   CH2CHCN     =   1.505E+11
 GSiC2H      =   0.000E+00   RCH2CHCN    =   0.000E+00   NCCNH+      =   3.182E+07
 GCH2CHCN    =   0.000E+00   SiC2H+      =   6.892E+12   C4H6        =   6.838E+08
 GSiC2H2     =   0.000E+00   SiC2H2+     =   1.258E+10   C2H4CN      =   0.000E+00
 C3H2O+      =   2.082E+08   RSiNC       =   0.000E+00   GSiNC       =   0.000E+00
 RSiC2H2     =   0.000E+00   CH2CHCNH+   =   5.864E+07   RC4H6       =   0.000E+00
 RC2H4CN     =   0.000E+00   SiNC+       =   3.834E+10   SiNC        =   7.151E+09
 SiC2H2      =   2.497E+12   GC4H6       =   0.000E+00   GC2H4CN     =   0.000E+00
 SiC2H3+     =   1.253E+12   GC2H5CN     =   0.000E+00   RCCP        =   0.000E+00
 C2H5CN      =   2.914E+06   C4H7+       =   1.197E+07   GCCP        =   0.000E+00
 H3C3O+      =   9.416E+09   RC2H5CN     =   0.000E+00   CCP         =   8.573E+08
 CCP+        =   2.704E+08   SiNCH+      =   7.115E+08   RHC2P       =   0.000E+00
 Fe          =   7.376E+14   RFe         =   0.000E+00   GFe         =   0.000E+00
 GHC2P       =   0.000E+00   HC2P+       =   1.189E+08   C2S+        =   8.242E+08
 RC2S        =   0.000E+00   C2S         =   5.651E+12   C2H5CNH+    =   5.286E+04
 HC2P        =   3.222E+06   Fe+         =   6.737E+11   GC2S        =   0.000E+00
 HC2S+       =   2.511E+11   PC2H2+      =   2.383E+05   RCH3COCH3   =   0.000E+00
 CH3COCH3+   =   6.949E-03   GCH3COCH3   =   0.000E+00   OHCCHO      =   0.000E+00
 GOHCCHO     =   0.000E+00   PC2H3+      =   2.352E+01   OHCCHO+     =   0.000E+00
 ROHCCHO     =   0.000E+00   CH3COCH3    =   1.112E+01   HOCHCHO     =   0.000E+00
 GHOCH2CO    =   0.000E+00   PC2H4+      =   3.017E+01   C2O2H3+     =   0.000E+00
 OHCCH2O+    =   0.000E+00   CH3CS+      =   8.253E+07   CH3COCH4+   =   5.402E+00
 OCH2CHO     =   0.000E+00   COOCH3+     =   4.811E-14   RHOCH2CO    =   0.000E+00
 GCOOCH3     =   0.000E+00   GOCH2CHO    =   0.000E+00   GCH2COOH    =   0.000E+00
 GHOCHCHO    =   0.000E+00   COOCH3      =   3.126E-08   RCH2COOH    =   0.000E+00
 RHOCHCHO    =   0.000E+00   RCOOCH3     =   0.000E+00   ROCH2CHO    =   0.000E+00
 HOCH2CO     =   0.000E+00   HOCH2CO+    =   0.000E+00   CH2COOH     =   0.000E+00
 OCS+        =   1.821E+09   GSiS        =   0.000E+00   C5          =   1.442E+12
 ROCS        =   0.000E+00   OCS         =   1.989E+12   GOCS        =   0.000E+00
 SiS         =   4.411E+17   HOCH2CHO    =   0.000E+00   HCOOCH3     =   1.484E-01
 SiO2        =   1.632E+10   SiS+        =   1.131E+12   HCOOCH3+    =   6.967E-06
 RSiS        =   0.000E+00   CH3COOH+    =   0.000E+00   CH3COOH     =   0.000E+00
 GSiO2       =   0.000E+00   GHOCH2CHO   =   0.000E+00   C2O2H4+     =   0.000E+00
 RC5         =   0.000E+00   C5-         =   5.489E+11   GHCOOCH3    =   0.000E+00
 GCH3COOH    =   0.000E+00   RHOCH2CHO   =   0.000E+00   HOCH2CHO+   =   0.000E+00
 GC5         =   0.000E+00   RHCOOCH3    =   0.000E+00   RCH3COOH    =   0.000E+00
 C5+         =   2.558E+07   RSiO2       =   0.000E+00   RC5H        =   0.000E+00
 H5C2O2+     =   1.002E-01   GC5H        =   0.000E+00   HOCS+       =   1.409E+07
 HSiO2+      =   2.852E+05   C5H-        =   6.968E+11   CH3COOH2+   =   0.000E+00
 GHOCH2CH2O  =   0.000E+00   HOCH2CH2O+  =   0.000E+00   RHOCH2CH2O  =   0.000E+00
 HSiS+       =   5.679E+11   C5H         =   2.431E+12   C5H+        =   1.096E+09
 HOCH2CH2O   =   0.000E+00   CH2OHCH2OH  =   0.000E+00   GC4N        =   0.000E+00
 GCH2OHCH2OH =   0.000E+00   CH2OHCH2OH+ =   0.000E+00   RCH2OHCH2OH =   0.000E+00
 C4N+        =   1.659E+08   C4N         =   3.142E+10   RC4N        =   0.000E+00
 GC5H2       =   0.000E+00   C5H2        =   6.590E+12   RC5H2       =   0.000E+00
 C5H2+       =   4.041E+09   HC4N+       =   1.084E+04   C5H3+       =   5.164E+11
 CH2OHCH2OHH+=   0.000E+00   RS2         =   0.000E+00   SO2+        =   3.695E+00
 GCH3C4H     =   0.000E+00   SO2         =   2.005E+07   CH3C4H+     =   8.082E+08
 GS2         =   0.000E+00   H2C4N+      =   5.971E+05   S2          =   1.775E+09
 RCH3C4H     =   0.000E+00   SiC3+       =   4.116E+10   S2+         =   7.434E+07
 GSiC3       =   0.000E+00   SiC3        =   9.108E+12   GSO2        =   0.000E+00
 RSiC3       =   0.000E+00   RSO2        =   0.000E+00   CH3C4H      =   8.932E+11
 SiC3H       =   1.004E+12   RSiC3H      =   0.000E+00   GSiC3H      =   0.000E+00
 CH3C3N      =   1.770E+10   HSO2+       =   5.665E+01   C5H5+       =   3.130E+11
 HS2         =   1.999E+07   GCH3C3N     =   0.000E+00   RHS2        =   0.000E+00
 HS2+        =   4.652E+06   CH3C3N+     =   5.679E+05   RCH3C3N     =   0.000E+00
 GHS2        =   0.000E+00   SiC3H+      =   2.251E+10   SiC3H2+     =   3.339E+10
 H2S2+       =   6.333E+05   H2S2        =   1.566E+07   RH2S2       =   0.000E+00
 CH3C3NH+    =   1.840E+08   GH2S2       =   0.000E+00   NCCNCH3+    =   1.647E+03
 GC3P        =   0.000E+00   RC3P        =   0.000E+00   C3P         =   4.227E+04
 H3S2+       =   5.503E+06   C3S         =   7.165E+12   C3S+        =   4.127E+09
 GC3S        =   0.000E+00   PC3H+       =   1.439E+03   RC3S        =   0.000E+00
 HC3S+       =   1.979E+09   GC6         =   0.000E+00   C6+         =   3.331E+08
 RC6         =   0.000E+00   C6-         =   3.630E+11   C6          =   1.788E+11
 C6H         =   3.335E+12   C6H+        =   3.085E+08   C6H-        =   2.388E+12
 GC6H        =   0.000E+00   RC6H        =   0.000E+00   RC6H2       =   0.000E+00
 C5N+        =   1.508E+03   C6H2        =   1.156E+13   C6H2+       =   3.224E+09
 RC5N        =   0.000E+00   C5N         =   3.407E+11   NHCH2COOH   =   0.000E+00
 GC5N        =   0.000E+00   GC6H2       =   0.000E+00   C5N-        =   3.644E+11
 RNHCH2COOH  =   0.000E+00   GNHCH2COOH  =   0.000E+00   GHC5N       =   0.000E+00
 C6H3+       =   1.033E+09   RHC5N       =   0.000E+00   HC5N+       =   9.585E+04
 NH2CH2COOH+ =   0.000E+00   RNH2CH2COOH =   0.000E+00   NH2CH2COOH  =   0.000E+00
 HC5N        =   2.079E+12   GNH2CH2COOH =   0.000E+00   SiC4+       =   6.051E+10
 NH2CH2COOH2+=   0.000E+00   RSiC4       =   0.000E+00   SiC4        =   6.173E+12
 GSiC4       =   0.000E+00   C6H4+       =   4.552E+09   HC5NH+      =   2.352E+07
 SiC4H+      =   4.031E+12   C6H5+       =   5.804E+07   H3C5N+      =   2.663E+08
 RC6H6       =   0.000E+00   GC6H6       =   0.000E+00   C6H6        =   6.762E+12
 C6H6+       =   6.756E+06   GC4P        =   0.000E+00   C4P         =   9.491E+04
 RC4P        =   0.000E+00   C4P+        =   2.809E-02   C6H7+       =   1.469E+12
 GC4S        =   0.000E+00   PC4H+       =   1.615E+04   C4S+        =   3.457E+09
 C4S         =   1.130E+10   RC4S        =   0.000E+00   HC4S+       =   8.176E+08
 RC7         =   0.000E+00   C7          =   1.175E+11   GC7         =   0.000E+00
 C7-         =   7.231E+11   C7+         =   1.446E+08   C7H-        =   3.611E+11
 RC7H        =   0.000E+00   C7H         =   1.588E+11   GC7H        =   0.000E+00
 C7H+        =   3.732E+08   GC7H2       =   0.000E+00   RC7H2       =   0.000E+00
 C7H2        =   1.344E+11   C7H2+       =   1.265E+08   C7H3+       =   2.898E+08
 RCH3C6H     =   0.000E+00   CH3C6H      =   2.496E+09   C7H4+       =   1.932E+08
 GCH3C6H     =   0.000E+00   GCH3C5N     =   0.000E+00   CH3C5N      =   2.096E+08
 RCH3C5N     =   0.000E+00   C7H5+       =   2.181E+08   CH3C5NH+    =   3.932E+06
 RC8         =   0.000E+00   C8-         =   2.202E+11   C8+         =   1.935E+08
 GC8         =   0.000E+00   C8          =   1.036E+11   C8H-        =   6.790E+10
 C8H         =   9.120E+10   C8H+        =   1.130E+07   RC8H        =   0.000E+00
 GC8H        =   0.000E+00   GC8H2       =   0.000E+00   C7N+        =   9.968E+05
 C7N         =   1.835E+10   C8H2        =   1.398E+11   RC8H2       =   0.000E+00
 C8H2+       =   2.327E+08   RC7N        =   0.000E+00   GC7N        =   0.000E+00
 HC7N        =   1.302E+11   GHC7N       =   0.000E+00   HC7N+       =   5.185E+07
 C8H3+       =   1.128E+08   RHC7N       =   0.000E+00   H2C7N+      =   2.948E+07
 C8H4+       =   4.566E+07   H3C7N+      =   7.007E+07   C8H5+       =   1.766E+07
 C9+         =   4.472E+07   C9-         =   1.548E+11   GC9         =   0.000E+00
 RC9         =   0.000E+00   C9          =   2.476E+10   C9H         =   8.076E+09
 C9H+        =   2.383E+07   GC9H        =   0.000E+00   C9H-        =   1.991E+10
 RC9H        =   0.000E+00   C9H2        =   9.688E+09   C9H2+       =   1.086E+07
 RC9H2       =   0.000E+00   GC9H2       =   0.000E+00   C9H3+       =   3.030E+07
 C9H4+       =   1.067E+07   CH3C7N      =   1.491E+07   C9H5+       =   9.631E+05
 GCH3C7N     =   0.000E+00   RCH3C7N     =   0.000E+00   CH3C7NH+    =   2.381E+05
 GC10        =   0.000E+00   C10+        =   2.447E+07   C10         =   1.376E+10
 RC10        =   0.000E+00   C10-        =   2.927E+10   C10H+       =   6.813E+06
 GC10H       =   0.000E+00   C10H        =   2.208E+09   RC10H       =   0.000E+00
 C10H-       =   1.665E+09   GC9N        =   0.000E+00   C10H2+      =   5.799E+06
 RC9N        =   0.000E+00   GC10H2      =   0.000E+00   C9N+        =   9.265E+04
 C10H2       =   3.510E+09   C9N         =   1.395E+09   RC10H2      =   0.000E+00
 C10H3+      =   1.281E+05   GHC9N       =   0.000E+00   HC9N        =   5.078E+09
 HC9N+       =   2.247E+06   RHC9N       =   0.000E+00   H2C9N+      =   7.374E+05
 H3C9N+      =   1.525E+06   RC11        =   0.000E+00   C11+        =   4.114E+06
 GC11        =   0.000E+00   C11         =   5.464E+07   e-          =   1.401E+16
 H2          =   7.382E+22
