


                   **  CALCULATED COLUMN DENSITIES  **


 H           =   3.021E+16   RH          =   0.000E+00   GH          =   0.000E+00
 H+          =   9.105E+11   H-          =   4.613E+07   GH2         =   0.000E+00
 H2+         =   3.862E+09   RH2         =   0.000E+00   H3+         =   1.697E+11
 He          =   1.883E+21   GHe         =   0.000E+00   He+         =   2.859E+12
 RHe         =   0.000E+00   HeH+        =   5.600E+07   C-          =   1.335E+06
 GC          =   0.000E+00   C+          =   3.230E+15   C           =   3.674E+14
 RC          =   0.000E+00   RCH         =   0.000E+00   CH          =   5.839E+11
 GCH         =   0.000E+00   CH+         =   1.629E+09   CH-         =   1.331E-01
 RCH2        =   0.000E+00   GN          =   0.000E+00   CH2+        =   2.907E+09
 N+          =   4.218E+09   CH2         =   2.473E+11   GCH2        =   0.000E+00
 N           =   2.370E+15   RN          =   0.000E+00   RCH3        =   0.000E+00
 NH+         =   3.743E+06   CH3         =   8.000E+10   CH3+        =   2.097E+10
 GCH3        =   0.000E+00   RNH         =   0.000E+00   NH          =   6.941E+12
 GNH         =   0.000E+00   GO          =   0.000E+00   O-          =   3.072E+06
 RO          =   0.000E+00   CH4         =   2.726E+12   CH4+        =   9.767E+03
 NH2         =   1.071E+13   RCH4        =   0.000E+00   RNH2        =   0.000E+00
 O+          =   3.352E+07   NH2+        =   1.724E+08   O           =   1.458E+16
 GCH4        =   0.000E+00   GNH2        =   0.000E+00   CH5+        =   9.261E+06
 OH          =   4.026E+15   RNH3        =   0.000E+00   OH+         =   5.657E+08
 ROH         =   0.000E+00   GOH         =   0.000E+00   OH-         =   8.627E+09
 NH3+        =   6.420E+10   NH3         =   6.869E+15   GNH3        =   0.000E+00
 RH2O        =   0.000E+00   H2O         =   2.368E+18   H2O+        =   6.935E+09
 GH2O        =   0.000E+00   NH4+        =   5.694E+12   F+          =   7.875E+03
 F           =   4.576E+12   GF          =   0.000E+00   H3O+        =   2.733E+12
 RF          =   0.000E+00   GHF         =   0.000E+00   RHF         =   0.000E+00
 HF          =   1.062E+14   HF+         =   2.297E+03   H2F+        =   7.477E+08
 Na+         =   4.652E+11   GNa         =   0.000E+00   Na          =   1.103E+14
 RNa         =   0.000E+00   C2          =   2.873E+10   Mg          =   1.103E+14
 RC2         =   0.000E+00   RMg         =   0.000E+00   C2-         =   5.721E+02
 GMg         =   0.000E+00   C2+         =   9.100E+07   Mg+         =   4.618E+11
 GC2         =   0.000E+00   RC2H        =   0.000E+00   GC2H        =   0.000E+00
 C2H-        =   8.989E+01   C2H         =   4.152E+09   C2H+        =   5.854E+07
 CN          =   7.048E+12   GC2H2       =   0.000E+00   GCN         =   0.000E+00
 CN-         =   3.092E+09   C2H2        =   2.334E+08   C2H2+       =   2.930E+08
 CN+         =   1.601E+06   RC2H2       =   0.000E+00   RCN         =   0.000E+00
 GHNC        =   0.000E+00   HCN+        =   2.615E+06   RHNC        =   0.000E+00
 HCN         =   2.849E+15   HNC         =   1.644E+12   GHCN        =   0.000E+00
 GC2H3       =   0.000E+00   RC2H3       =   0.000E+00   C2H3        =   2.169E+07
 C2H3+       =   4.102E+06   RHCN        =   0.000E+00   H2CN        =   4.144E+06
 RN2         =   0.000E+00   Si+         =   1.235E+15   CO          =   3.319E+18
 GSi         =   0.000E+00   RC2H4       =   0.000E+00   GCO         =   0.000E+00
 N2+         =   1.235E+06   GC2H4       =   0.000E+00   RCO         =   0.000E+00
 C2H4        =   1.458E+07   C2H4+       =   1.233E+06   GN2         =   0.000E+00
 RSi         =   0.000E+00   RH2CN       =   0.000E+00   N2          =   4.418E+17
 H2NC+       =   2.685E+09   CO+         =   1.311E+09   HCNH+       =   2.838E+11
 Si          =   5.114E+14   GH2CN       =   0.000E+00   CH2NH       =   4.099E+09
 SiH+        =   1.146E+10   RHCO        =   0.000E+00   GCH2NH      =   0.000E+00
 SiH         =   1.592E+09   N2H+        =   3.629E+09   C2H5        =   1.256E+05
 C2H5+       =   1.334E+04   GHCO        =   0.000E+00   RCH2NH      =   0.000E+00
 HOC+        =   4.366E+09   GSiH        =   0.000E+00   GC2H5       =   0.000E+00
 RC2H5       =   0.000E+00   HCO         =   5.594E+09   RSiH        =   0.000E+00
 HCO+        =   1.216E+11   GCH3NH      =   0.000E+00   RCH2NH2     =   0.000E+00
 CH2NH2+     =   1.787E+05   RSiH2       =   0.000E+00   SiH2+       =   1.367E+08
 SiH2        =   3.380E+07   C2H6        =   8.354E+04   C2H6+       =   2.553E+02
 CH3NH       =   0.000E+00   RCH3NH      =   0.000E+00   GCH2NH2     =   0.000E+00
 GSiH2       =   0.000E+00   NO+         =   2.423E+10   GC2H6       =   0.000E+00
 CH3NH+      =   9.303E+09   CH2NH2      =   0.000E+00   NO          =   1.624E+13
 GNO         =   0.000E+00   RH2CO       =   0.000E+00   H2CO+       =   4.738E+06
 RNO         =   0.000E+00   GH2CO       =   0.000E+00   RC2H6       =   0.000E+00
 H2CO        =   2.482E+09   SiH3+       =   5.530E+06   P+          =   2.484E+12
 GHNO        =   0.000E+00   RCH3NH2     =   0.000E+00   CH3O        =   7.835E+05
 RSiH3       =   0.000E+00   SiH3        =   8.605E+01   GCH2OH      =   0.000E+00
 HNO         =   7.906E+11   GSiH3       =   0.000E+00   RCH2OH      =   0.000E+00
 CF+         =   2.958E+08   H3CO+       =   5.961E+05   C2H7+       =   2.991E-05
 P           =   9.101E+11   CH3NH2+     =   2.881E+04   RHNO        =   0.000E+00
 GCH3NH2     =   0.000E+00   HNO+        =   4.508E+06   RP          =   0.000E+00
 RCH3O       =   0.000E+00   CH3NH2      =   2.934E+08   GCH3O       =   0.000E+00
 GP          =   0.000E+00   CH2OH       =   6.818E+06   S-          =   1.280E+07
 GPH         =   0.000E+00   GS          =   0.000E+00   RO2         =   0.000E+00
 GCH3OH      =   0.000E+00   O2          =   8.973E+13   PH+         =   7.812E+06
 GO2         =   0.000E+00   RCH3OH      =   0.000E+00   CH3NH3+     =   5.977E+09
 RS          =   0.000E+00   RPH         =   0.000E+00   CH3OH+      =   5.589E+04
 S           =   8.574E+14   CH3OH       =   1.516E+10   SiH4+       =   1.182E-07
 SiH4        =   4.272E+02   GHNOH       =   0.000E+00   GSiH4       =   0.000E+00
 H2NO+       =   7.846E+05   O2-         =   2.996E-09   RHNOH       =   0.000E+00
 RSiH4       =   0.000E+00   HNOH        =   0.000E+00   HNOH+       =   2.694E-12
 PH          =   8.410E+10   O2+         =   1.914E+10   S+          =   9.366E+14
 GPH2        =   0.000E+00   HS+         =   1.376E+10   NH2OH       =   0.000E+00
 RPH2        =   0.000E+00   CH3OH2+     =   3.724E+09   RHS         =   0.000E+00
 PH2         =   2.662E+04   SiH5+       =   1.033E+01   GNH2OH      =   0.000E+00
 NH2OH+      =   0.000E+00   PH2+        =   2.587E+06   RO2H        =   0.000E+00
 RNH2OH      =   0.000E+00   O2H         =   3.600E+04   GO2H        =   0.000E+00
 GHS         =   0.000E+00   HS          =   3.095E+14   O2H+        =   5.296E+03
 GH2S        =   0.000E+00   H2S+        =   1.776E+12   H2O2        =   1.600E+03
 RH2S        =   0.000E+00   H2S         =   1.922E+17   GH2O2       =   0.000E+00
 NH3OH+      =   0.000E+00   PH3+        =   8.187E+02   RH2O2       =   0.000E+00
 Cl          =   4.650E+12   GCl         =   0.000E+00   H3S+        =   5.725E+12
 RCl         =   0.000E+00   Cl+         =   2.389E+08   C3-         =   4.676E+01
 GHCl        =   0.000E+00   C3+         =   6.751E+05   HCl+        =   1.437E+08
 RHCl        =   0.000E+00   HCl         =   1.061E+14   C3          =   7.132E+06
 GC3         =   0.000E+00   RC3         =   0.000E+00   GC3H        =   0.000E+00
 C3H-        =   7.583E+01   C3H+        =   6.400E+05   C3H         =   6.234E+06
 RC3H        =   0.000E+00   H2Cl+       =   4.339E+08   C2N+        =   1.086E+06
 RC2N        =   0.000E+00   C2N         =   4.421E+06   H2CCC       =   9.936E+04
 C3H2+       =   3.456E+04   C3H2        =   6.034E+06   CNC+        =   3.706E+07
 GC2N        =   0.000E+00   GH2CCC      =   0.000E+00   RC3H2       =   0.000E+00
 RH2CCC      =   0.000E+00   GC3H2       =   0.000E+00   GCH2CCH     =   0.000E+00
 C3H3+       =   6.055E+04   RCH2CCH     =   0.000E+00   CH2CCH      =   1.723E+06
 RHCCN       =   0.000E+00   HCCN        =   0.000E+00   C2NH+       =   5.486E+05
 CH2CCH+     =   2.609E+04   GHCCN       =   0.000E+00   GCH3CCH     =   0.000E+00
 CH2CCH2     =   1.156E+05   RSiC        =   0.000E+00   GCH2CN      =   0.000E+00
 CH3CCH      =   3.899E+05   CH2CN+      =   1.298E+05   RCH3CCH     =   0.000E+00
 GSiC        =   0.000E+00   RCH2CN      =   0.000E+00   C2O         =   2.320E+08
 GC2O        =   0.000E+00   SiC+        =   4.906E+07   GCH2CCH2    =   0.000E+00
 SiC         =   5.794E+10   C2O+        =   1.796E+04   RCH2CCH2    =   0.000E+00
 CH2CN       =   3.862E+04   C3H4+       =   1.049E+03   RC2O        =   0.000E+00
 GCH3CN      =   0.000E+00   CH3CN+      =   4.262E+02   HC2O+       =   4.839E+04
 HC2O        =   4.029E+04   RCH3CN      =   0.000E+00   CH3CN       =   3.294E+10
 GHC2O       =   0.000E+00   GHCSi       =   0.000E+00   HCSi        =   2.579E+10
 C3H5+       =   5.306E+04   RHC2O       =   0.000E+00   RHCSi       =   0.000E+00
 HCSi+       =   4.626E+07   CH2CO+      =   1.115E+04   GCH3CHCH2   =   0.000E+00
 RSiCH2      =   0.000E+00   SiCH2+      =   4.003E+09   GCH2CO      =   0.000E+00
 RCH2CO      =   0.000E+00   RCH3CHCH2   =   0.000E+00   NH2CN       =   4.070E+09
 GSiCH2      =   0.000E+00   RCNO        =   0.000E+00   OCN+        =   1.501E+02
 GNH2CN      =   0.000E+00   CH3CHCH2    =   1.526E+06   CNO         =   3.833E+00
 GSiN        =   0.000E+00   OCN         =   5.153E+11   ROCN        =   0.000E+00
 SiCH2       =   2.348E+07   C3H6+       =   1.498E+02   SiN         =   7.938E+11
 GOCN        =   0.000E+00   CH3CNH+     =   2.574E+10   CH2CO       =   1.440E+08
 GCNO        =   0.000E+00   SiN+        =   2.093E+10   RNH2CN      =   0.000E+00
 RSiN        =   0.000E+00   CP+         =   5.732E+01   HOCN+       =   8.983E+03
 HCNO        =   2.509E+06   RSiCH3      =   0.000E+00   SiCH3+      =   6.349E+02
 GCH3CO      =   0.000E+00   NH2CNH+     =   5.288E+03   HCNO+       =   4.086E-02
 GHOCN       =   0.000E+00   HOCN        =   9.236E+07   GHCNO       =   0.000E+00
 RCH3CO      =   0.000E+00   RHOCN       =   0.000E+00   RHCNO       =   0.000E+00
 HNSi        =   6.899E+11   HNSi+       =   4.131E+03   GSiCH3      =   0.000E+00
 CH3CO+      =   1.582E+08   GHONC       =   0.000E+00   CH3CO       =   1.016E+04
 HONC+       =   7.406E-06   RHNSi       =   0.000E+00   HONC        =   1.592E+02
 GCP         =   0.000E+00   GHNCO       =   0.000E+00   GHNSi       =   0.000E+00
 C3H7+       =   4.941E+04   HNCO+       =   9.003E+03   CP          =   6.198E+07
 RCP         =   0.000E+00   RHNCO       =   0.000E+00   RHONC       =   0.000E+00
 HNCO        =   9.282E+07   SiCH3       =   4.643E+04   N2O+        =   1.162E+06
 RSiO        =   0.000E+00   CH3CHO      =   3.506E+03   GN2O        =   0.000E+00
 GCS         =   0.000E+00   GCO2        =   0.000E+00   RCH3CHO     =   0.000E+00
 GHNCHO      =   0.000E+00   CS          =   6.143E+14   N2O         =   7.678E+08
 CO2+        =   1.664E+03   GCH3CHO     =   0.000E+00   RCO2        =   0.000E+00
 SiO+        =   2.200E+11   H2OCN+      =   5.499E+06   H2CNO+      =   6.462E+00
 SiNH2+      =   3.501E+10   NH2CO       =   0.000E+00   HCNOH+      =   6.463E+00
 RHNCHO      =   0.000E+00   HCP         =   2.135E+05   HCP+        =   5.466E+01
 GSiO        =   0.000E+00   RCS         =   0.000E+00   RN2O        =   0.000E+00
 SiO         =   2.984E+17   CO2         =   3.306E+15   GNH2CO      =   0.000E+00
 HNCHO       =   0.000E+00   HNCOH+      =   1.110E+07   GHCP        =   0.000E+00
 CH3CHO+     =   6.248E-01   RNH2CO      =   0.000E+00   H2NCO+      =   5.605E+06
 RHCP        =   0.000E+00   CS+         =   7.940E+07   SiCH4+      =   1.734E+03
 GHCS        =   0.000E+00   COOH        =   0.000E+00   PN+         =   9.327E+06
 CH3OCH2     =   8.633E-04   NH2CHO+     =   0.000E+00   RHCS        =   0.000E+00
 PN          =   1.661E+14   RPN         =   0.000E+00   RCOOH       =   0.000E+00
 CH3CHOH+    =   3.807E+00   RNH2CHO     =   0.000E+00   HCS+        =   2.427E+10
 HN2O+       =   8.034E+02   GNH2CHO     =   0.000E+00   SiOH+       =   2.678E+13
 PCH2+       =   7.854E+03   NH2CHO      =   1.428E+05   GPN         =   0.000E+00
 HCO2+       =   2.968E+08   GCOOH       =   0.000E+00   HCS         =   4.760E+08
 C2H5OH      =   1.447E-02   H2SiO+      =   1.109E+04   HCOOH       =   1.613E+09
 CH2PH       =   7.499E-01   GHCOOH      =   0.000E+00   HPN+        =   4.177E+09
 GH2SiO      =   0.000E+00   RHCOOH      =   0.000E+00   RH2SiO      =   0.000E+00
 NS+         =   7.318E+09   H2CS        =   2.394E+11   RH2CS       =   0.000E+00
 GNS         =   0.000E+00   NS          =   1.528E+12   RCH2PH      =   0.000E+00
 GCH3OCH3    =   0.000E+00   GC2H5OH     =   0.000E+00   C2H5OH+     =   2.454E-05
 H2CS+       =   4.259E+07   GNO2        =   0.000E+00   RCH3OCH3    =   0.000E+00
 RC2H5OH     =   0.000E+00   NO2         =   3.008E+08   PCH3+       =   4.121E-01
 RNO2        =   0.000E+00   H2SiO       =   1.316E+01   GH2CS       =   0.000E+00
 CH3OCH3     =   2.660E+01   RNS         =   0.000E+00   CH3OCH3+    =   3.188E-03
 NO2+        =   5.022E+04   NH2CH2O+    =   3.983E+01   HCOOH+      =   7.127E+05
 GCH2PH      =   0.000E+00   HCOOH2+     =   2.573E+08   H3CS+       =   2.679E+11
 RPO         =   0.000E+00   GPO         =   0.000E+00   PNH2+       =   1.624E+06
 HNS+        =   1.954E+06   PCH4+       =   1.260E-01   C2H5OH2+    =   4.780E-03
 PO+         =   4.650E+09   CCl+        =   1.813E+07   CH3OCH4+    =   7.972E+01
 PO          =   8.548E+14   H3SiO+      =   9.301E-01   RCCl        =   0.000E+00
 SiF+        =   8.536E+09   CCl         =   1.336E+06   GCCl        =   0.000E+00
 GO3         =   0.000E+00   GHPO        =   0.000E+00   SO          =   3.368E+16
 RO3         =   0.000E+00   PNH3+       =   2.102E+03   RHPO        =   0.000E+00
 C4          =   1.261E+05   SO+         =   3.996E+12   O3          =   0.000E+00
 HPO+        =   2.063E+09   GC4         =   0.000E+00   C4+         =   7.877E+03
 HPO         =   8.276E+06   GSO         =   0.000E+00   RSO         =   0.000E+00
 C4-         =   1.587E+04   RC4         =   0.000E+00   GC4H        =   0.000E+00
 H2CCl+      =   1.135E+06   RC4H        =   0.000E+00   HSO+        =   1.084E+11
 H2PO+       =   2.934E+05   C4H         =   1.812E+05   C4H+        =   1.286E+04
 C4H-        =   2.301E+04   GC3N        =   0.000E+00   RC3N        =   0.000E+00
 C3N         =   1.084E+05   C4H2        =   2.605E+03   RC4H2       =   0.000E+00
 C4H2+       =   1.685E+03   C3N+        =   7.658E+00   C3N-        =   2.542E+02
 GC4H2       =   0.000E+00   ClO         =   1.732E-09   GHC3N       =   0.000E+00
 HNC3        =   2.752E+00   RClO        =   0.000E+00   C4H3        =   2.291E+03
 C4H3+       =   5.221E+01   RC4H3       =   0.000E+00   RHNC3       =   0.000E+00
 ClO+        =   1.397E-15   GC4H3       =   0.000E+00   HC3N+       =   1.764E+01
 GHNC3       =   0.000E+00   RHC3N       =   0.000E+00   HC3N        =   1.734E+03
 GClO        =   0.000E+00   C2N2+       =   1.772E+02   RCH2CHCCH   =   0.000E+00
 C3O+        =   7.491E-02   C3O         =   1.053E+03   C4H4+       =   1.615E-04
 GCH2CHCCH   =   0.000E+00   SiC2+       =   5.088E+05   RC3O        =   0.000E+00
 GNCCN       =   0.000E+00   GSiC2       =   0.000E+00   HC3NH+      =   2.253E+00
 SiC2        =   3.946E+08   NCCN        =   7.434E+07   CH2CHCCH    =   1.121E+00
 GC3O        =   0.000E+00   RNCCN       =   0.000E+00   RSiC2       =   0.000E+00
 RSiC2H      =   0.000E+00   SiC2H       =   7.937E+05   C4H5+       =   8.317E-02
 HC3O+       =   4.700E-01   CH2CHCN+    =   8.824E-01   CH2CHCN     =   8.597E+01
 GSiC2H      =   0.000E+00   RCH2CHCN    =   0.000E+00   NCCNH+      =   2.945E+03
 GCH2CHCN    =   0.000E+00   SiC2H+      =   5.700E+06   C4H6        =   4.773E+00
 GSiC2H2     =   0.000E+00   SiC2H2+     =   2.040E+04   C2H4CN      =   0.000E+00
 C3H2O+      =   1.806E+02   RSiNC       =   0.000E+00   GSiNC       =   0.000E+00
 RSiC2H2     =   0.000E+00   CH2CHCNH+   =   2.233E-02   RC4H6       =   0.000E+00
 RC2H4CN     =   0.000E+00   SiNC+       =   3.962E+08   SiNC        =   2.186E+07
 SiC2H2      =   6.941E+04   GC4H6       =   0.000E+00   GC2H4CN     =   0.000E+00
 SiC2H3+     =   1.657E+04   GC2H5CN     =   0.000E+00   RCCP        =   0.000E+00
 C2H5CN      =   1.197E+03   C4H7+       =   9.731E-08   GCCP        =   0.000E+00
 H3C3O+      =   3.251E+01   RC2H5CN     =   0.000E+00   CCP         =   4.645E+03
 CCP+        =   6.280E+00   SiNCH+      =   1.338E+06   RHC2P       =   0.000E+00
 Fe          =   1.102E+14   RFe         =   0.000E+00   GFe         =   0.000E+00
 GHC2P       =   0.000E+00   HC2P+       =   1.672E+02   C2S+        =   9.731E+04
 RC2S        =   0.000E+00   C2S         =   9.592E+07   C2H5CNH+    =   6.726E+02
 HC2P        =   1.332E+01   Fe+         =   5.580E+11   GC2S        =   0.000E+00
 HC2S+       =   7.842E+05   PC2H2+      =   4.195E-01   RCH3COCH3   =   0.000E+00
 CH3COCH3+   =   5.482E-09   GCH3COCH3   =   0.000E+00   OHCCHO      =   0.000E+00
 GOHCCHO     =   0.000E+00   PC2H3+      =   4.864E-06   OHCCHO+     =   0.000E+00
 ROHCCHO     =   0.000E+00   CH3COCH3    =   3.951E-06   HOCHCHO     =   0.000E+00
 GHOCH2CO    =   0.000E+00   PC2H4+      =   1.567E-06   C2O2H3+     =   0.000E+00
 OHCCH2O+    =   0.000E+00   CH3CS+      =   5.738E+01   CH3COCH4+   =   2.081E-06
 OCH2CHO     =   0.000E+00   COOCH3+     =   8.892E-13   RHOCH2CO    =   0.000E+00
 GCOOCH3     =   0.000E+00   GOCH2CHO    =   0.000E+00   GCH2COOH    =   0.000E+00
 GHOCHCHO    =   0.000E+00   COOCH3      =   1.228E-06   RCH2COOH    =   0.000E+00
 RHOCHCHO    =   0.000E+00   RCOOCH3     =   0.000E+00   ROCH2CHO    =   0.000E+00
 HOCH2CO     =   0.000E+00   HOCH2CO+    =   0.000E+00   CH2COOH     =   0.000E+00
 OCS+        =   4.703E+08   GSiS        =   0.000E+00   C5          =   5.394E+04
 ROCS        =   0.000E+00   OCS         =   3.494E+11   GOCS        =   0.000E+00
 SiS         =   1.051E+16   HOCH2CHO    =   0.000E+00   HCOOCH3     =   7.351E+00
 SiO2        =   3.901E+12   SiS+        =   2.207E+11   HCOOCH3+    =   4.713E-05
 RSiS        =   0.000E+00   CH3COOH+    =   0.000E+00   CH3COOH     =   0.000E+00
 GSiO2       =   0.000E+00   GHOCH2CHO   =   0.000E+00   C2O2H4+     =   0.000E+00
 RC5         =   0.000E+00   C5-         =   1.765E+04   GHCOOCH3    =   0.000E+00
 GCH3COOH    =   0.000E+00   RHOCH2CHO   =   0.000E+00   HOCH2CHO+   =   0.000E+00
 GC5         =   0.000E+00   RHCOOCH3    =   0.000E+00   RCH3COOH    =   0.000E+00
 C5+         =   8.410E+01   RSiO2       =   0.000E+00   RC5H        =   0.000E+00
 H5C2O2+     =   1.358E+01   GC5H        =   0.000E+00   HOCS+       =   3.573E+07
 HSiO2+      =   5.063E+06   C5H-        =   3.797E+02   CH3COOH2+   =   0.000E+00
 GHOCH2CH2O  =   0.000E+00   HOCH2CH2O+  =   0.000E+00   RHOCH2CH2O  =   0.000E+00
 HSiS+       =   2.141E+09   C5H         =   8.451E+02   C5H+        =   9.642E+01
 HOCH2CH2O   =   0.000E+00   CH2OHCH2OH  =   0.000E+00   GC4N        =   0.000E+00
 GCH2OHCH2OH =   0.000E+00   CH2OHCH2OH+ =   0.000E+00   RCH2OHCH2OH =   0.000E+00
 C4N+        =   1.043E+00   C4N         =   8.700E+01   RC4N        =   0.000E+00
 GC5H2       =   0.000E+00   C5H2        =   2.249E+02   RC5H2       =   0.000E+00
 C5H2+       =   2.370E-01   HC4N+       =   1.003E-03   C5H3+       =   2.276E-03
 CH2OHCH2OHH+=   0.000E+00   RS2         =   0.000E+00   SO2+        =   3.825E+06
 GCH3C4H     =   0.000E+00   SO2         =   4.092E+16   CH3C4H+     =   3.033E-04
 GS2         =   0.000E+00   H2C4N+      =   1.091E-03   S2          =   2.562E+12
 RCH3C4H     =   0.000E+00   SiC3+       =   7.606E+03   S2+         =   7.134E+11
 GSiC3       =   0.000E+00   SiC3        =   4.148E+05   GSO2        =   0.000E+00
 RSiC3       =   0.000E+00   RSO2        =   0.000E+00   CH3C4H      =   3.118E+00
 SiC3H       =   1.457E+05   RSiC3H      =   0.000E+00   GSiC3H      =   0.000E+00
 CH3C3N      =   3.772E+00   HSO2+       =   6.539E+08   C5H5+       =   1.954E-05
 HS2         =   1.001E+11   GCH3C3N     =   0.000E+00   RHS2        =   0.000E+00
 HS2+        =   5.079E+10   CH3C3N+     =   9.455E-04   RCH3C3N     =   0.000E+00
 GHS2        =   0.000E+00   SiC3H+      =   5.723E+03   SiC3H2+     =   1.573E+03
 H2S2+       =   6.137E+09   H2S2        =   6.143E+10   RH2S2       =   0.000E+00
 CH3C3NH+    =   2.734E-03   GH2S2       =   0.000E+00   NCCNCH3+    =   7.511E-04
 GC3P        =   0.000E+00   RC3P        =   0.000E+00   C3P         =   7.153E-03
 H3S2+       =   2.802E+10   C3S         =   6.250E+05   C3S+        =   5.558E+03
 GC3S        =   0.000E+00   PC3H+       =   1.694E-04   RC3S        =   0.000E+00
 HC3S+       =   5.037E+03   GC6         =   0.000E+00   C6+         =   8.393E+00
 RC6         =   0.000E+00   C6-         =   1.467E+02   C6          =   7.463E+01
 C6H         =   1.198E+02   C6H+        =   5.875E-01   C6H-        =   8.906E+01
 GC6H        =   0.000E+00   RC6H        =   0.000E+00   RC6H2       =   0.000E+00
 C5N+        =   8.572E-04   C6H2        =   3.169E+00   C6H2+       =   6.773E-03
 RC5N        =   0.000E+00   C5N         =   5.476E+01   NHCH2COOH   =   0.000E+00
 GC5N        =   0.000E+00   GC6H2       =   0.000E+00   C5N-        =   4.801E+01
 RNHCH2COOH  =   0.000E+00   GNHCH2COOH  =   0.000E+00   GHC5N       =   0.000E+00
 C6H3+       =   6.868E-04   RHC5N       =   0.000E+00   HC5N+       =   1.087E-03
 NH2CH2COOH+ =   0.000E+00   RNH2CH2COOH =   0.000E+00   NH2CH2COOH  =   0.000E+00
 HC5N        =   2.510E+00   GNH2CH2COOH =   0.000E+00   SiC4+       =   5.848E+02
 NH2CH2COOH2+=   0.000E+00   RSiC4       =   0.000E+00   SiC4        =   6.909E+00
 GSiC4       =   0.000E+00   C6H4+       =   6.902E-07   HC5NH+      =   5.501E-04
 SiC4H+      =   3.574E-02   C6H5+       =   1.326E-07   H3C5N+      =   1.740E-07
 RC6H6       =   0.000E+00   GC6H6       =   0.000E+00   C6H6        =   1.592E-05
 C6H6+       =   3.048E-09   GC4P        =   0.000E+00   C4P         =   1.588E-04
 RC4P        =   0.000E+00   C4P+        =   3.696E-11   C6H7+       =   1.867E-08
 GC4S        =   0.000E+00   PC4H+       =   5.685E-06   C4S+        =   1.419E+02
 C4S         =   2.037E+01   RC4S        =   0.000E+00   HC4S+       =   2.461E-01
 RC7         =   0.000E+00   C7          =   8.237E-01   GC7         =   0.000E+00
 C7-         =   4.602E+00   C7+         =   2.024E-02   C7H-        =   5.458E-01
 RC7H        =   0.000E+00   C7H         =   2.409E-01   GC7H        =   0.000E+00
 C7H+        =   6.240E-03   GC7H2       =   0.000E+00   RC7H2       =   0.000E+00
 C7H2        =   3.713E-02   C7H2+       =   3.700E-05   C7H3+       =   1.178E-07
 RCH3C6H     =   0.000E+00   CH3C6H      =   3.379E-05   C7H4+       =   6.031E-09
 GCH3C6H     =   0.000E+00   GCH3C5N     =   0.000E+00   CH3C5N      =   1.029E-06
 RCH3C5N     =   0.000E+00   C7H5+       =   2.023E-09   CH3C5NH+    =   1.600E-08
 RC8         =   0.000E+00   C8-         =   3.369E-02   C8+         =   6.160E-04
 GC8         =   0.000E+00   C8          =   1.689E-02   C8H-        =   2.744E-03
 C8H         =   3.532E-03   C8H+        =   1.530E-05   RC8H        =   0.000E+00
 GC8H        =   0.000E+00   GC8H2       =   0.000E+00   C7N+        =   6.892E-06
 C7N         =   1.244E-02   C8H2        =   2.773E-04   RC8H2       =   0.000E+00
 C8H2+       =   1.792E-05   RC7N        =   0.000E+00   GC7N        =   0.000E+00
 HC7N        =   2.850E-05   GHC7N       =   0.000E+00   HC7N+       =   1.052E-05
 C8H3+       =   7.310E-10   RHC7N       =   0.000E+00   H2C7N+      =   6.277E-08
 C8H4+       =   2.522E-11   H3C7N+      =   4.121E-10   C8H5+       =   1.565E-14
 C9+         =   5.292E-06   C9-         =   6.424E-04   GC9         =   0.000E+00
 RC9         =   0.000E+00   C9          =   1.138E-04   C9H         =   1.167E-05
 C9H+        =   4.476E-07   GC9H        =   0.000E+00   C9H-        =   2.937E-05
 RC9H        =   0.000E+00   C9H2        =   2.872E-06   C9H2+       =   2.882E-09
 RC9H2       =   0.000E+00   GC9H2       =   0.000E+00   C9H3+       =   1.076E-11
 C9H4+       =   1.616E-13   CH3C7N      =   1.090E-11   C9H5+       =   7.421E-19
 GCH3C7N     =   0.000E+00   RCH3C7N     =   0.000E+00   CH3C7NH+    =   1.755E-13
 GC10        =   0.000E+00   C10+        =   5.155E-08   C10         =   1.543E-06
 RC10        =   0.000E+00   C10-        =   3.003E-06   C10H+       =   1.195E-09
 GC10H       =   0.000E+00   C10H        =   7.676E-08   RC10H       =   0.000E+00
 C10H-       =   5.934E-08   GC9N        =   0.000E+00   C10H2+      =   3.473E-11
 RC9N        =   0.000E+00   GC10H2      =   0.000E+00   C9N+        =   4.864E-10
 C10H2       =   9.179E-09   C9N         =   9.106E-07   RC10H2      =   0.000E+00
 C10H3+      =   9.475E-15   GHC9N       =   0.000E+00   HC9N        =   1.697E-09
 HC9N+       =   7.688E-10   RHC9N       =   0.000E+00   H2C9N+      =   4.610E-12
 H3C9N+      =   7.568E-15   RC11        =   0.000E+00   C11+        =   4.238E-10
 GC11        =   0.000E+00   C11         =   5.518E-11   e-          =   5.465E+15
 H2          =   1.107E+22
