


                   **  CALCULATED COLUMN DENSITIES  **


 H           =   2.022E+16   RH          =   0.000E+00   GH          =   0.000E+00
 H+          =   8.712E+11   H-          =   3.299E+07   GH2         =   0.000E+00
 H2+         =   3.352E+09   RH2         =   0.000E+00   H3+         =   6.191E+10
 He          =   3.765E+20   GHe         =   0.000E+00   He+         =   1.461E+12
 RHe         =   0.000E+00   HeH+        =   4.711E+07   C-          =   1.418E+07
 GC          =   0.000E+00   C+          =   6.135E+15   C           =   1.879E+15
 RC          =   0.000E+00   RCH         =   0.000E+00   CH          =   8.233E+13
 GCH         =   0.000E+00   CH+         =   1.158E+10   CH-         =   4.155E+05
 RCH2        =   0.000E+00   GN          =   0.000E+00   CH2+        =   1.203E+10
 N+          =   3.094E+09   CH2         =   2.867E+13   GCH2        =   0.000E+00
 N           =   2.837E+15   RN          =   0.000E+00   RCH3        =   0.000E+00
 NH+         =   1.748E+06   CH3         =   1.119E+13   CH3+        =   4.824E+11
 GCH3        =   0.000E+00   RNH         =   0.000E+00   NH          =   6.329E+11
 GNH         =   0.000E+00   GO          =   0.000E+00   O-          =   2.784E+06
 RO          =   0.000E+00   CH4         =   7.571E+15   CH4+        =   9.512E+07
 NH2         =   8.897E+11   RCH4        =   0.000E+00   RNH2        =   0.000E+00
 O+          =   2.222E+07   NH2+        =   1.405E+07   O           =   4.123E+15
 GCH4        =   0.000E+00   GNH2        =   0.000E+00   CH5+        =   4.673E+09
 OH          =   4.614E+13   RNH3        =   0.000E+00   OH+         =   5.017E+07
 ROH         =   0.000E+00   GOH         =   0.000E+00   OH-         =   5.803E+06
 NH3+        =   6.843E+09   NH3         =   1.293E+14   GNH3        =   0.000E+00
 RH2O        =   0.000E+00   H2O         =   5.537E+15   H2O+        =   6.213E+07
 GH2O        =   0.000E+00   NH4+        =   1.454E+11   F+          =   2.762E+03
 F           =   4.618E+11   GF          =   0.000E+00   H3O+        =   4.404E+10
 RF          =   0.000E+00   GHF         =   0.000E+00   RHF         =   0.000E+00
 HF          =   3.717E+13   HF+         =   8.047E+02   H2F+        =   2.574E+08
 Na+         =   4.014E+11   GNa         =   0.000E+00   Na          =   2.175E+13
 RNa         =   0.000E+00   C2          =   7.243E+14   Mg          =   2.188E+13
 RC2         =   0.000E+00   RMg         =   0.000E+00   C2-         =   9.806E+06
 GMg         =   0.000E+00   C2+         =   2.697E+10   Mg+         =   2.712E+11
 GC2         =   0.000E+00   RC2H        =   0.000E+00   GC2H        =   0.000E+00
 C2H-        =   1.257E+09   C2H         =   5.776E+14   C2H+        =   2.541E+10
 CN          =   9.088E+14   GC2H2       =   0.000E+00   GCN         =   0.000E+00
 CN-         =   2.635E+09   C2H2        =   9.441E+16   C2H2+       =   1.132E+12
 CN+         =   2.639E+06   RC2H2       =   0.000E+00   RCN         =   0.000E+00
 GHNC        =   0.000E+00   HCN+        =   7.293E+06   RHNC        =   0.000E+00
 HCN         =   8.837E+16   HNC         =   1.162E+13   GHCN        =   0.000E+00
 GC2H3       =   0.000E+00   RC2H3       =   0.000E+00   C2H3        =   8.481E+11
 C2H3+       =   3.906E+12   RHCN        =   0.000E+00   H2CN        =   7.264E+10
 RN2         =   0.000E+00   Si+         =   8.172E+14   CO          =   1.768E+18
 GSi         =   0.000E+00   RC2H4       =   0.000E+00   GCO         =   0.000E+00
 N2+         =   2.002E+05   GC2H4       =   0.000E+00   RCO         =   0.000E+00
 C2H4        =   1.469E+14   C2H4+       =   3.596E+10   GN2         =   0.000E+00
 RSi         =   0.000E+00   RH2CN       =   0.000E+00   N2          =   8.775E+16
 H2NC+       =   5.017E+08   CO+         =   1.220E+08   HCNH+       =   9.241E+12
 Si          =   1.306E+14   GH2CN       =   0.000E+00   CH2NH       =   7.475E+07
 SiH+        =   8.083E+08   RHCO        =   0.000E+00   GCH2NH      =   0.000E+00
 SiH         =   4.374E+11   N2H+        =   1.652E+09   C2H5        =   1.425E+10
 C2H5+       =   1.230E+09   GHCO        =   0.000E+00   RCH2NH      =   0.000E+00
 HOC+        =   5.294E+08   GSiH        =   0.000E+00   GC2H5       =   0.000E+00
 RC2H5       =   0.000E+00   HCO         =   5.338E+10   RSiH        =   0.000E+00
 HCO+        =   1.502E+11   GCH3NH      =   0.000E+00   RCH2NH2     =   0.000E+00
 CH2NH2+     =   1.634E+05   RSiH2       =   0.000E+00   SiH2+       =   1.683E+08
 SiH2        =   1.416E+06   C2H6        =   2.326E+10   C2H6+       =   3.710E+07
 CH3NH       =   0.000E+00   RCH3NH      =   0.000E+00   GCH2NH2     =   0.000E+00
 GSiH2       =   0.000E+00   NO+         =   1.076E+09   GC2H6       =   0.000E+00
 CH3NH+      =   5.476E+07   CH2NH2      =   0.000E+00   NO          =   5.179E+11
 GNO         =   0.000E+00   RH2CO       =   0.000E+00   H2CO+       =   2.440E+08
 RNO         =   0.000E+00   GH2CO       =   0.000E+00   RC2H6       =   0.000E+00
 H2CO        =   7.108E+10   SiH3+       =   3.742E+05   P+          =   6.425E+11
 GHNO        =   0.000E+00   RCH3NH2     =   0.000E+00   CH3O        =   2.888E+01
 RSiH3       =   0.000E+00   SiH3        =   2.694E+01   GCH2OH      =   0.000E+00
 HNO         =   6.956E+09   GSiH3       =   0.000E+00   RCH2OH      =   0.000E+00
 CF+         =   4.155E+09   H3CO+       =   3.465E+06   C2H7+       =   4.530E+03
 P           =   1.003E+11   CH3NH2+     =   8.156E+04   RHNO        =   0.000E+00
 GCH3NH2     =   0.000E+00   HNO+        =   2.396E+05   RP          =   0.000E+00
 RCH3O       =   0.000E+00   CH3NH2      =   2.116E+07   GCH3O       =   0.000E+00
 GP          =   0.000E+00   CH2OH       =   8.672E+07   S-          =   3.297E+06
 GPH         =   0.000E+00   GS          =   0.000E+00   RO2         =   0.000E+00
 GCH3OH      =   0.000E+00   O2          =   1.193E+11   PH+         =   5.048E+05
 GO2         =   0.000E+00   RCH3OH      =   0.000E+00   CH3NH3+     =   5.257E+07
 RS          =   0.000E+00   RPH         =   0.000E+00   CH3OH+      =   3.344E+02
 S           =   1.800E+14   CH3OH       =   1.472E+06   SiH4+       =   1.790E-08
 SiH4        =   1.635E+01   GHNOH       =   0.000E+00   GSiH4       =   0.000E+00
 H2NO+       =   1.771E+04   O2-         =   2.011E-08   RHNOH       =   0.000E+00
 RSiH4       =   0.000E+00   HNOH        =   0.000E+00   HNOH+       =  -3.564E-09
 PH          =   3.291E+08   O2+         =   5.328E+07   S+          =   3.500E+14
 GPH2        =   0.000E+00   HS+         =   2.664E+08   NH2OH       =   0.000E+00
 RPH2        =   0.000E+00   CH3OH2+     =   3.348E+06   RHS         =   0.000E+00
 PH2         =   7.504E+02   SiH5+       =   6.939E+00   GNH2OH      =   0.000E+00
 NH2OH+      =  -1.077E-09   PH2+        =   4.218E+05   RO2H        =   0.000E+00
 RNH2OH      =   0.000E+00   O2H         =   8.305E+03   GO2H        =   0.000E+00
 GHS         =   0.000E+00   HS          =   1.952E+12   O2H+        =   2.454E+01
 GH2S        =   0.000E+00   H2S+        =   1.916E+09   H2O2        =   1.988E-01
 RH2S        =   0.000E+00   H2S         =   8.716E+12   GH2O2       =   0.000E+00
 NH3OH+      =   0.000E+00   PH3+        =   2.770E+01   RH2O2       =   0.000E+00
 Cl          =   1.789E+13   GCl         =   0.000E+00   H3S+        =   2.405E+08
 RCl         =   0.000E+00   Cl+         =   9.301E+09   C3-         =   4.744E+08
 GHCl        =   0.000E+00   C3+         =   4.576E+09   HCl+        =   3.977E+09
 RHCl        =   0.000E+00   HCl         =   7.019E+14   C3          =   1.873E+13
 GC3         =   0.000E+00   RC3         =   0.000E+00   GC3H        =   0.000E+00
 C3H-        =   6.754E+09   C3H+        =   2.773E+10   C3H         =   1.789E+13
 RC3H        =   0.000E+00   H2Cl+       =   1.009E+10   C2N+        =   2.201E+09
 RC2N        =   0.000E+00   C2N         =   2.180E+12   H2CCC       =   2.475E+12
 C3H2+       =   3.051E+10   C3H2        =   6.360E+12   CNC+        =   2.159E+11
 GC2N        =   0.000E+00   GH2CCC      =   0.000E+00   RC3H2       =   0.000E+00
 RH2CCC      =   0.000E+00   GC3H2       =   0.000E+00   GCH2CCH     =   0.000E+00
 C3H3+       =   2.653E+10   RCH2CCH     =   0.000E+00   CH2CCH      =   9.722E+12
 RHCCN       =   0.000E+00   HCCN        =   0.000E+00   C2NH+       =   3.870E+09
 CH2CCH+     =   8.243E+09   GHCCN       =   0.000E+00   GCH3CCH     =   0.000E+00
 CH2CCH2     =   4.076E+10   RSiC        =   0.000E+00   GCH2CN      =   0.000E+00
 CH3CCH      =   1.474E+11   CH2CN+      =   6.966E+09   RCH3CCH     =   0.000E+00
 GSiC        =   0.000E+00   RCH2CN      =   0.000E+00   C2O         =   1.716E+11
 GC2O        =   0.000E+00   SiC+        =   2.600E+09   GCH2CCH2    =   0.000E+00
 SiC         =   1.558E+13   C2O+        =   8.884E+07   RCH2CCH2    =   0.000E+00
 CH2CN       =   5.416E+09   C3H4+       =   7.746E+08   RC2O        =   0.000E+00
 GCH3CN      =   0.000E+00   CH3CN+      =   2.383E+06   HC2O+       =   8.405E+08
 HC2O        =   5.485E+05   RCH3CN      =   0.000E+00   CH3CN       =   1.049E+12
 GHC2O       =   0.000E+00   GHCSi       =   0.000E+00   HCSi        =   5.247E+12
 C3H5+       =   2.279E+10   RHC2O       =   0.000E+00   RHCSi       =   0.000E+00
 HCSi+       =   2.667E+09   CH2CO+      =   2.863E+08   GCH3CHCH2   =   0.000E+00
 RSiCH2      =   0.000E+00   SiCH2+      =   1.872E+11   GCH2CO      =   0.000E+00
 RCH2CO      =   0.000E+00   RCH3CHCH2   =   0.000E+00   NH2CN       =   2.471E+10
 GSiCH2      =   0.000E+00   RCNO        =   0.000E+00   OCN+        =   1.202E+02
 GNH2CN      =   0.000E+00   CH3CHCH2    =   2.664E+11   CNO         =   5.042E+00
 GSiN        =   0.000E+00   OCN         =   1.208E+12   ROCN        =   0.000E+00
 SiCH2       =   2.807E+10   C3H6+       =   2.472E+08   SiN         =   1.643E+11
 GOCN        =   0.000E+00   CH3CNH+     =   2.166E+11   CH2CO       =   6.341E+09
 GCNO        =   0.000E+00   SiN+        =   2.317E+09   RNH2CN      =   0.000E+00
 RSiN        =   0.000E+00   CP+         =   7.387E+05   HOCN+       =   7.089E+03
 HCNO        =   9.685E+07   RSiCH3      =   0.000E+00   SiCH3+      =   2.384E+06
 GCH3CO      =   0.000E+00   NH2CNH+     =   1.087E+05   HCNO+       =   1.734E-01
 GHOCN       =   0.000E+00   HOCN        =   1.434E+08   GHCNO       =   0.000E+00
 RCH3CO      =   0.000E+00   RHOCN       =   0.000E+00   RHCNO       =   0.000E+00
 HNSi        =   2.583E+10   HNSi+       =   5.849E+02   GSiCH3      =   0.000E+00
 CH3CO+      =   8.486E+07   GHONC       =   0.000E+00   CH3CO       =   6.411E+06
 HONC+       =   1.546E-05   RHNSi       =   0.000E+00   HONC        =   3.040E+03
 GCP         =   0.000E+00   GHNCO       =   0.000E+00   GHNSi       =   0.000E+00
 C3H7+       =   7.683E+10   HNCO+       =   7.089E+03   CP          =   3.218E+11
 RCP         =   0.000E+00   RHNCO       =   0.000E+00   RHONC       =   0.000E+00
 HNCO        =   1.543E+08   SiCH3       =   4.110E+07   N2O+        =   1.198E+04
 RSiO        =   0.000E+00   CH3CHO      =   2.120E+08   GN2O        =   0.000E+00
 GCS         =   0.000E+00   GCO2        =   0.000E+00   RCH3CHO     =   0.000E+00
 GHNCHO      =   0.000E+00   CS          =   2.312E+16   N2O         =   5.974E+06
 CO2+        =   2.265E+00   GCH3CHO     =   0.000E+00   RCO2        =   0.000E+00
 SiO+        =   2.245E+09   H2OCN+      =   5.499E+06   H2CNO+      =   1.984E+02
 SiNH2+      =   2.604E+09   NH2CO       =   0.000E+00   HCNOH+      =   1.984E+02
 RHNCHO      =   0.000E+00   HCP         =   5.430E+13   HCP+        =   1.037E+06
 GSiO        =   0.000E+00   RCS         =   0.000E+00   RN2O        =   0.000E+00
 SiO         =   1.083E+16   CO2         =   1.382E+11   GNH2CO      =   0.000E+00
 HNCHO       =   0.000E+00   HNCOH+      =   1.102E+07   GHCP        =   0.000E+00
 CH3CHO+     =   3.096E+05   RNH2CO      =   0.000E+00   H2NCO+      =   5.516E+06
 RHCP        =   0.000E+00   CS+         =   6.295E+09   SiCH4+      =   2.630E+06
 GHCS        =   0.000E+00   COOH        =   0.000E+00   PN+         =   8.835E+00
 CH3OCH2     =   1.281E-07   NH2CHO+     =   0.000E+00   RHCS        =   0.000E+00
 PN          =   6.659E+07   RPN         =   0.000E+00   RCOOH       =   0.000E+00
 CH3CHOH+    =   3.070E+07   RNH2CHO     =   0.000E+00   HCS+        =   2.780E+11
 HN2O+       =   9.372E-01   GNH2CHO     =   0.000E+00   SiOH+       =   2.175E+12
 PCH2+       =   8.031E+08   NH2CHO      =   1.608E+06   GPN         =   0.000E+00
 HCO2+       =   1.698E+07   GCOOH       =   0.000E+00   HCS         =   6.134E+10
 C2H5OH      =   4.360E+02   H2SiO+      =   2.737E+02   HCOOH       =   4.880E+06
 CH2PH       =   1.351E+03   GHCOOH      =   0.000E+00   HPN+        =   7.533E+00
 GH2SiO      =   0.000E+00   RHCOOH      =   0.000E+00   RH2SiO      =   0.000E+00
 NS+         =   2.540E+08   H2CS        =   1.138E+11   RH2CS       =   0.000E+00
 GNS         =   0.000E+00   NS          =   5.227E+10   RCH2PH      =   0.000E+00
 GCH3OCH3    =   0.000E+00   GC2H5OH     =   0.000E+00   C2H5OH+     =   2.059E+00
 H2CS+       =   6.625E+07   GNO2        =   0.000E+00   RCH3OCH3    =   0.000E+00
 RC2H5OH     =   0.000E+00   NO2         =   2.764E+05   PCH3+       =   3.547E+02
 RNO2        =   0.000E+00   H2SiO       =   2.041E-01   GH2CS       =   0.000E+00
 CH3OCH3     =   9.387E-02   RNS         =   0.000E+00   CH3OCH3+    =   6.260E-04
 NO2+        =   2.252E+01   NH2CH2O+    =   4.725E+01   HCOOH+      =   1.097E+04
 GCH2PH      =   0.000E+00   HCOOH2+     =   5.761E+06   H3CS+       =   2.860E+09
 RPO         =   0.000E+00   GPO         =   0.000E+00   PNH2+       =   4.626E+04
 HNS+        =   6.324E+04   PCH4+       =   1.647E+02   C2H5OH2+    =   2.252E+02
 PO+         =   3.003E+07   CCl+        =   1.065E+09   CH3OCH4+    =   1.287E-02
 PO          =   3.560E+08   H3SiO+      =   2.913E-03   RCCl        =   0.000E+00
 SiF+        =   1.828E+10   CCl         =   6.423E+08   GCCl        =   0.000E+00
 GO3         =   0.000E+00   GHPO        =   0.000E+00   SO          =   5.794E+10
 RO3         =   0.000E+00   PNH3+       =   1.377E+01   RHPO        =   0.000E+00
 C4          =   4.068E+12   SO+         =   1.282E+10   O3          =   0.000E+00
 HPO+        =   1.121E+07   GC4         =   0.000E+00   C4+         =   3.293E+08
 HPO         =   5.362E+03   GSO         =   0.000E+00   RSO         =   0.000E+00
 C4-         =   3.632E+11   RC4         =   0.000E+00   GC4H        =   0.000E+00
 H2CCl+      =   2.418E+07   RC4H        =   0.000E+00   HSO+        =   2.442E+05
 H2PO+       =   2.850E+02   C4H         =   2.658E+13   C4H+        =   8.808E+08
 C4H-        =   2.123E+12   GC3N        =   0.000E+00   RC3N        =   0.000E+00
 C3N         =   3.843E+13   C4H2        =   2.485E+13   RC4H2       =   0.000E+00
 C4H2+       =   6.485E+10   C3N+        =   7.599E+05   C3N-        =   8.240E+10
 GC4H2       =   0.000E+00   ClO         =   6.812E-09   GHC3N       =   0.000E+00
 HNC3        =   6.387E+10   RClO        =   0.000E+00   C4H3        =   5.600E+10
 C4H3+       =   5.650E+11   RC4H3       =   0.000E+00   RHNC3       =   0.000E+00
 ClO+        =   1.041E-13   GC4H3       =   0.000E+00   HC3N+       =   1.060E+09
 GHNC3       =   0.000E+00   RHC3N       =   0.000E+00   HC3N        =   8.926E+13
 GClO        =   0.000E+00   C2N2+       =   8.786E+05   RCH2CHCCH   =   0.000E+00
 C3O+        =   2.017E+02   C3O         =   8.727E+08   C4H4+       =   5.793E+06
 GCH2CHCCH   =   0.000E+00   SiC2+       =   5.998E+09   RC3O        =   0.000E+00
 GNCCN       =   0.000E+00   GSiC2       =   0.000E+00   HC3NH+      =   6.036E+10
 SiC2        =   4.088E+16   NCCN        =   1.092E+12   CH2CHCCH    =   1.305E+10
 GC3O        =   0.000E+00   RNCCN       =   0.000E+00   RSiC2       =   0.000E+00
 RSiC2H      =   0.000E+00   SiC2H       =   3.902E+13   C4H5+       =   2.389E+09
 HC3O+       =   4.573E+06   CH2CHCN+    =   3.167E+08   CH2CHCN     =   1.887E+11
 GSiC2H      =   0.000E+00   RCH2CHCN    =   0.000E+00   NCCNH+      =   9.641E+07
 GCH2CHCN    =   0.000E+00   SiC2H+      =   2.115E+12   C4H6        =   9.858E+08
 GSiC2H2     =   0.000E+00   SiC2H2+     =   5.487E+09   C2H4CN      =   0.000E+00
 C3H2O+      =   6.942E+06   RSiNC       =   0.000E+00   GSiNC       =   0.000E+00
 RSiC2H2     =   0.000E+00   CH2CHCNH+   =   7.640E+07   RC4H6       =   0.000E+00
 RC2H4CN     =   0.000E+00   SiNC+       =   2.994E+10   SiNC        =   4.091E+08
 SiC2H2      =   1.152E+11   GC4H6       =   0.000E+00   GC2H4CN     =   0.000E+00
 SiC2H3+     =   3.624E+10   GC2H5CN     =   0.000E+00   RCCP        =   0.000E+00
 C2H5CN      =   3.200E+06   C4H7+       =   1.652E+06   GCCP        =   0.000E+00
 H3C3O+      =   2.722E+08   RC2H5CN     =   0.000E+00   CCP         =   1.526E+09
 CCP+        =   5.327E+07   SiNCH+      =   4.707E+07   RHC2P       =   0.000E+00
 Fe          =   2.179E+13   RFe         =   0.000E+00   GFe         =   0.000E+00
 GHC2P       =   0.000E+00   HC2P+       =   1.374E+08   C2S+        =   6.050E+08
 RC2S        =   0.000E+00   C2S         =   7.611E+12   C2H5CNH+    =   1.232E+05
 HC2P        =   3.275E+06   Fe+         =   3.542E+11   GC2S        =   0.000E+00
 HC2S+       =   2.224E+11   PC2H2+      =   1.924E+05   RCH3COCH3   =   0.000E+00
 CH3COCH3+   =   1.390E+00   GCH3COCH3   =   0.000E+00   OHCCHO      =   0.000E+00
 GOHCCHO     =   0.000E+00   PC2H3+      =   7.676E+00   OHCCHO+     =   0.000E+00
 ROHCCHO     =   0.000E+00   CH3COCH3    =   3.644E+02   HOCHCHO     =   0.000E+00
 GHOCH2CO    =   0.000E+00   PC2H4+      =   2.989E+00   C2O2H3+     =   0.000E+00
 OHCCH2O+    =   0.000E+00   CH3CS+      =   4.144E+07   CH3COCH4+   =   3.695E+01
 OCH2CHO     =   0.000E+00   COOCH3+     =   6.231E-15   RHOCH2CO    =   0.000E+00
 GCOOCH3     =   0.000E+00   GOCH2CHO    =   0.000E+00   GCH2COOH    =   0.000E+00
 GHOCHCHO    =   0.000E+00   COOCH3      =   5.362E-10   RCH2COOH    =   0.000E+00
 RHOCHCHO    =   0.000E+00   RCOOCH3     =   0.000E+00   ROCH2CHO    =   0.000E+00
 HOCH2CO     =   0.000E+00   HOCH2CO+    =   0.000E+00   CH2COOH     =   0.000E+00
 OCS+        =   5.878E+09   GSiS        =   0.000E+00   C5          =   1.611E+12
 ROCS        =   0.000E+00   OCS         =   1.079E+12   GOCS        =   0.000E+00
 SiS         =   1.305E+16   HOCH2CHO    =   0.000E+00   HCOOCH3     =   1.426E-01
 SiO2        =   1.328E+10   SiS+        =   4.244E+11   HCOOCH3+    =   7.083E-05
 RSiS        =   0.000E+00   CH3COOH+    =   0.000E+00   CH3COOH     =   0.000E+00
 GSiO2       =   0.000E+00   GHOCH2CHO   =   0.000E+00   C2O2H4+     =   0.000E+00
 RC5         =   0.000E+00   C5-         =   5.743E+11   GHCOOCH3    =   0.000E+00
 GCH3COOH    =   0.000E+00   RHOCH2CHO   =   0.000E+00   HOCH2CHO+   =   0.000E+00
 GC5         =   0.000E+00   RHCOOCH3    =   0.000E+00   RCH3COOH    =   0.000E+00
 C5+         =   3.437E+07   RSiO2       =   0.000E+00   RC5H        =   0.000E+00
 H5C2O2+     =   3.100E-02   GC5H        =   0.000E+00   HOCS+       =   5.002E+06
 HSiO2+      =   7.852E+04   C5H-        =   2.901E+11   CH3COOH2+   =   0.000E+00
 GHOCH2CH2O  =   0.000E+00   HOCH2CH2O+  =   0.000E+00   RHOCH2CH2O  =   0.000E+00
 HSiS+       =   6.257E+10   C5H         =   8.832E+11   C5H+        =   2.390E+09
 HOCH2CH2O   =   0.000E+00   CH2OHCH2OH  =   0.000E+00   GC4N        =   0.000E+00
 GCH2OHCH2OH =   0.000E+00   CH2OHCH2OH+ =   0.000E+00   RCH2OHCH2OH =   0.000E+00
 C4N+        =   2.478E+08   C4N         =   6.596E+10   RC4N        =   0.000E+00
 GC5H2       =   0.000E+00   C5H2        =   1.749E+12   RC5H2       =   0.000E+00
 C5H2+       =   5.039E+09   HC4N+       =   6.269E+03   C5H3+       =   6.482E+10
 CH2OHCH2OHH+=   0.000E+00   RS2         =   0.000E+00   SO2+        =   1.041E+00
 GCH3C4H     =   0.000E+00   SO2         =   4.853E+07   CH3C4H+     =   8.863E+08
 GS2         =   0.000E+00   H2C4N+      =   5.440E+05   S2          =   3.824E+09
 RCH3C4H     =   0.000E+00   SiC3+       =   4.226E+10   S2+         =   1.476E+08
 GSiC3       =   0.000E+00   SiC3        =   2.061E+12   GSO2        =   0.000E+00
 RSiC3       =   0.000E+00   RSO2        =   0.000E+00   CH3C4H      =   1.347E+11
 SiC3H       =   3.561E+11   RSiC3H      =   0.000E+00   GSiC3H      =   0.000E+00
 CH3C3N      =   3.451E+10   HSO2+       =   3.923E+01   C5H5+       =   5.976E+10
 HS2         =   2.959E+06   GCH3C3N     =   0.000E+00   RHS2        =   0.000E+00
 HS2+        =   2.280E+06   CH3C3N+     =   5.335E+05   RCH3C3N     =   0.000E+00
 GHS2        =   0.000E+00   SiC3H+      =   1.956E+10   SiC3H2+     =   1.668E+10
 H2S2+       =   2.537E+05   H2S2        =   1.331E+06   RH2S2       =   0.000E+00
 CH3C3NH+    =   6.069E+07   GH2S2       =   0.000E+00   NCCNCH3+    =   1.664E+04
 GC3P        =   0.000E+00   RC3P        =   0.000E+00   C3P         =   5.327E+05
 H3S2+       =   3.041E+05   C3S         =   5.237E+12   C3S+        =   6.289E+09
 GC3S        =   0.000E+00   PC3H+       =   2.495E+04   RC3S        =   0.000E+00
 HC3S+       =   2.478E+09   GC6         =   0.000E+00   C6+         =   4.844E+08
 RC6         =   0.000E+00   C6-         =   5.224E+11   C6          =   2.741E+11
 C6H         =   4.158E+12   C6H+        =   4.805E+08   C6H-        =   2.738E+12
 GC6H        =   0.000E+00   RC6H        =   0.000E+00   RC6H2       =   0.000E+00
 C5N+        =   5.469E+03   C6H2        =   7.618E+12   C6H2+       =   5.049E+09
 RC5N        =   0.000E+00   C5N         =   3.308E+11   NHCH2COOH   =   0.000E+00
 GC5N        =   0.000E+00   GC6H2       =   0.000E+00   C5N-        =   3.092E+11
 RNHCH2COOH  =   0.000E+00   GNHCH2COOH  =   0.000E+00   GHC5N       =   0.000E+00
 C6H3+       =   1.919E+09   RHC5N       =   0.000E+00   HC5N+       =   2.971E+04
 NH2CH2COOH+ =   0.000E+00   RNH2CH2COOH =   0.000E+00   NH2CH2COOH  =   0.000E+00
 HC5N        =   2.899E+12   GNH2CH2COOH =   0.000E+00   SiC4+       =   6.183E+10
 NH2CH2COOH2+=   0.000E+00   RSiC4       =   0.000E+00   SiC4        =   1.585E+11
 GSiC4       =   0.000E+00   C6H4+       =   3.164E+09   HC5NH+      =   1.229E+07
 SiC4H+      =   2.088E+11   C6H5+       =   7.616E+07   H3C5N+      =   5.281E+06
 RC6H6       =   0.000E+00   GC6H6       =   0.000E+00   C6H6        =   6.697E+11
 C6H6+       =   1.800E+07   GC4P        =   0.000E+00   C4P         =   3.380E+05
 RC4P        =   0.000E+00   C4P+        =   2.365E-02   C6H7+       =   2.426E+11
 GC4S        =   0.000E+00   PC4H+       =   5.793E+04   C4S+        =   6.458E+09
 C4S         =   2.599E+10   RC4S        =   0.000E+00   HC4S+       =   2.254E+09
 RC7         =   0.000E+00   C7          =   2.135E+11   GC7         =   0.000E+00
 C7-         =   1.270E+12   C7+         =   2.090E+08   C7H-        =   8.617E+11
 RC7H        =   0.000E+00   C7H         =   4.116E+11   GC7H        =   0.000E+00
 C7H+        =   1.081E+09   GC7H2       =   0.000E+00   RC7H2       =   0.000E+00
 C7H2        =   6.887E+11   C7H2+       =   3.262E+08   C7H3+       =   2.216E+08
 RCH3C6H     =   0.000E+00   CH3C6H      =   8.677E+09   C7H4+       =   1.583E+08
 GCH3C6H     =   0.000E+00   GCH3C5N     =   0.000E+00   CH3C5N      =   7.821E+07
 RCH3C5N     =   0.000E+00   C7H5+       =   2.303E+08   CH3C5NH+    =   1.209E+06
 RC8         =   0.000E+00   C8-         =   5.833E+11   C8+         =   4.996E+08
 GC8         =   0.000E+00   C8          =   2.807E+11   C8H-        =   2.192E+11
 C8H         =   3.081E+11   C8H+        =   3.356E+07   RC8H        =   0.000E+00
 GC8H        =   0.000E+00   GC8H2       =   0.000E+00   C7N+        =   2.477E+06
 C7N         =   7.829E+10   C8H2        =   3.745E+11   RC8H2       =   0.000E+00
 C8H2+       =   5.064E+08   RC7N        =   0.000E+00   GC7N        =   0.000E+00
 HC7N        =   7.396E+11   GHC7N       =   0.000E+00   HC7N+       =   2.468E+08
 C8H3+       =   2.181E+08   RHC7N       =   0.000E+00   H2C7N+      =   1.692E+08
 C8H4+       =   8.479E+07   H3C7N+      =   1.374E+06   C8H5+       =   3.927E+05
 C9+         =   1.784E+08   C9-         =   5.051E+11   GC9         =   0.000E+00
 RC9         =   0.000E+00   C9          =   8.276E+10   C9H         =   4.240E+10
 C9H+        =   1.389E+08   GC9H        =   0.000E+00   C9H-        =   1.003E+11
 RC9H        =   0.000E+00   C9H2        =   9.631E+10   C9H2+       =   4.039E+07
 RC9H2       =   0.000E+00   GC9H2       =   0.000E+00   C9H3+       =   1.728E+07
 C9H4+       =   5.375E+06   CH3C7N      =   2.105E+07   C9H5+       =   4.100E+03
 GCH3C7N     =   0.000E+00   RCH3C7N     =   0.000E+00   CH3C7NH+    =   2.965E+05
 GC10        =   0.000E+00   C10+        =   1.438E+08   C10         =   5.665E+10
 RC10        =   0.000E+00   C10-        =   1.176E+11   C10H+       =   5.096E+07
 GC10H       =   0.000E+00   C10H        =   1.594E+10   RC10H       =   0.000E+00
 C10H-       =   1.148E+10   GC9N        =   0.000E+00   C10H2+      =   2.385E+07
 RC9N        =   0.000E+00   GC10H2      =   0.000E+00   C9N+        =   4.078E+05
 C10H2       =   1.828E+10   C9N         =   9.290E+09   RC10H2      =   0.000E+00
 C10H3+      =   4.646E+05   GHC9N       =   0.000E+00   HC9N        =   2.836E+10
 HC9N+       =   1.132E+07   RHC9N       =   0.000E+00   H2C9N+      =   4.228E+06
 H3C9N+      =   6.923E+04   RC11        =   0.000E+00   C11+        =   3.281E+07
 GC11        =   0.000E+00   C11         =   6.799E+08   e-          =   7.331E+15
 H2          =   2.215E+21
