


                   **  CALCULATED COLUMN DENSITIES  **


 H           =   6.248E+21   RH          =   0.000E+00   GH          =   0.000E+00
 H+          =   1.408E+13   H-          =   9.363E+07   GH2         =   0.000E+00
 H2+         =   3.436E+09   RH2         =   0.000E+00   H3+         =   1.247E+11
 He          =   1.883E+21   GHe         =   0.000E+00   He+         =   2.870E+12
 RHe         =   0.000E+00   HeH+        =   4.814E+07   C-          =   3.213E+05
 GC          =   0.000E+00   C+          =   3.215E+15   C           =   3.687E+14
 RC          =   0.000E+00   RCH         =   0.000E+00   CH          =   3.381E+11
 GCH         =   0.000E+00   CH+         =   1.359E+09   CH-         =   3.787E-03
 RCH2        =   0.000E+00   GN          =   0.000E+00   CH2+        =   2.401E+09
 N+          =   4.524E+09   CH2         =   5.743E+09   GCH2        =   0.000E+00
 N           =   8.321E+15   RN          =   0.000E+00   RCH3        =   0.000E+00
 NH+         =   4.117E+06   CH3         =   9.176E+08   CH3+        =   1.083E+10
 GCH3        =   0.000E+00   RNH         =   0.000E+00   NH          =   2.723E+11
 GNH         =   0.000E+00   GO          =   0.000E+00   O-          =   2.933E+06
 RO          =   0.000E+00   CH4         =   4.244E+08   CH4+        =   2.871E+05
 NH2         =   4.485E+10   RCH4        =   0.000E+00   RNH2        =   0.000E+00
 O+          =   3.537E+07   NH2+        =   1.637E+07   O           =   9.850E+16
 GCH4        =   0.000E+00   GNH2        =   0.000E+00   CH5+        =   3.482E+06
 OH          =   7.830E+16   RNH3        =   0.000E+00   OH+         =   1.666E+09
 ROH         =   0.000E+00   GOH         =   0.000E+00   OH-         =   2.026E+05
 NH3+        =   3.048E+09   NH3         =   2.472E+14   GNH3        =   0.000E+00
 RH2O        =   0.000E+00   H2O         =   2.204E+18   H2O+        =   1.156E+10
 GH2O        =   0.000E+00   NH4+        =   9.507E+09   F+          =   1.042E+04
 F           =   4.591E+12   GF          =   0.000E+00   H3O+        =   5.234E+12
 RF          =   0.000E+00   GHF         =   0.000E+00   RHF         =   0.000E+00
 HF          =   1.061E+14   HF+         =   3.037E+03   H2F+        =   1.160E+08
 Na+         =   1.068E+14   GNa         =   0.000E+00   Na          =   3.977E+12
 RNa         =   0.000E+00   C2          =   1.599E+10   Mg          =   4.211E+12
 RC2         =   0.000E+00   RMg         =   0.000E+00   C2-         =   9.525E+00
 GMg         =   0.000E+00   C2+         =   7.446E+07   Mg+         =   1.065E+14
 GC2         =   0.000E+00   RC2H        =   0.000E+00   GC2H        =   0.000E+00
 C2H-        =   5.024E+00   C2H         =   2.181E+09   C2H+        =   4.246E+07
 CN          =   9.544E+12   GC2H2       =   0.000E+00   GCN         =   0.000E+00
 CN-         =   1.783E+02   C2H2        =   2.431E+08   C2H2+       =   1.710E+08
 CN+         =   1.260E+05   RC2H2       =   0.000E+00   RCN         =   0.000E+00
 GHNC        =   0.000E+00   HCN+        =   3.757E+05   RHNC        =   0.000E+00
 HCN         =   2.613E+15   HNC         =   7.692E+10   GHCN        =   0.000E+00
 GC2H3       =   0.000E+00   RC2H3       =   0.000E+00   C2H3        =   2.583E+06
 C2H3+       =   1.797E+06   RHCN        =   0.000E+00   H2CN        =   1.208E+04
 RN2         =   0.000E+00   Si+         =   1.238E+15   CO          =   3.322E+18
 GSi         =   0.000E+00   RC2H4       =   0.000E+00   GCO         =   0.000E+00
 N2+         =   1.555E+06   GC2H4       =   0.000E+00   RCO         =   0.000E+00
 C2H4        =   2.233E+05   C2H4+       =   4.955E+05   GN2         =   0.000E+00
 RSi         =   0.000E+00   RH2CN       =   0.000E+00   N2          =   4.417E+17
 H2NC+       =   2.841E+07   CO+         =   1.314E+09   HCNH+       =   1.067E+11
 Si          =   1.251E+16   GH2CN       =   0.000E+00   CH2NH       =   7.714E+03
 SiH+        =   4.026E+07   RHCO        =   0.000E+00   GCH2NH      =   0.000E+00
 SiH         =   1.625E+09   N2H+        =   2.707E+09   C2H5        =   3.895E+03
 C2H5+       =   1.496E+01   GHCO        =   0.000E+00   RCH2NH      =   0.000E+00
 HOC+        =   6.277E+09   GSiH        =   0.000E+00   GC2H5       =   0.000E+00
 RC2H5       =   0.000E+00   HCO         =   3.485E+06   RSiH        =   0.000E+00
 HCO+        =   1.186E+11   GCH3NH      =   0.000E+00   RCH2NH2     =   0.000E+00
 CH2NH2+     =   1.996E-01   RSiH2       =   0.000E+00   SiH2+       =   1.504E+08
 SiH2        =   4.735E+04   C2H6        =   3.028E+04   C2H6+       =   7.910E+01
 CH3NH       =   0.000E+00   RCH3NH      =   0.000E+00   GCH2NH2     =   0.000E+00
 GSiH2       =   0.000E+00   NO+         =   3.995E+10   GC2H6       =   0.000E+00
 CH3NH+      =   8.974E+02   CH2NH2      =   0.000E+00   NO          =   1.205E+15
 GNO         =   0.000E+00   RH2CO       =   0.000E+00   H2CO+       =   1.231E+07
 RNO         =   0.000E+00   GH2CO       =   0.000E+00   RC2H6       =   0.000E+00
 H2CO        =   3.220E+07   SiH3+       =   7.413E+03   P+          =   1.307E+13
 GHNO        =   0.000E+00   RCH3NH2     =   0.000E+00   CH3O        =   5.333E+02
 RSiH3       =   0.000E+00   SiH3        =   9.065E+00   GCH2OH      =   0.000E+00
 HNO         =   2.127E+09   GSiH3       =   0.000E+00   RCH2OH      =   0.000E+00
 CF+         =   1.830E+08   H3CO+       =   8.228E+05   C2H7+       =   7.334E-06
 P           =   5.855E+14   CH3NH2+     =   1.896E+00   RHNO        =   0.000E+00
 GCH3NH2     =   0.000E+00   HNO+        =   7.267E+06   RP          =   0.000E+00
 RCH3O       =   0.000E+00   CH3NH2      =   9.529E+04   GCH3O       =   0.000E+00
 GP          =   0.000E+00   CH2OH       =   1.116E+05   S-          =   2.397E+06
 GPH         =   0.000E+00   GS          =   0.000E+00   RO2         =   0.000E+00
 GCH3OH      =   0.000E+00   O2          =   3.910E+14   PH+         =   3.744E+10
 GO2         =   0.000E+00   RCH3OH      =   0.000E+00   CH3NH3+     =   1.453E+03
 RS          =   0.000E+00   RPH         =   0.000E+00   CH3OH+      =   1.042E+01
 S           =   2.094E+17   CH3OH       =   4.304E+05   SiH4+       =   1.222E-09
 SiH4        =   1.952E+02   GHNOH       =   0.000E+00   GSiH4       =   0.000E+00
 H2NO+       =   2.188E+04   O2-         =   1.193E-02   RHNOH       =   0.000E+00
 RSiH4       =   0.000E+00   HNOH        =   0.000E+00   HNOH+       =   6.167E-13
 PH          =   3.941E+12   O2+         =   1.705E+10   S+          =   1.037E+15
 GPH2        =   0.000E+00   HS+         =   2.001E+08   NH2OH       =   0.000E+00
 RPH2        =   0.000E+00   CH3OH2+     =   9.445E+07   RHS         =   0.000E+00
 PH2         =   8.059E+06   SiH5+       =   1.316E-02   GNH2OH      =   0.000E+00
 NH2OH+      =   0.000E+00   PH2+        =   4.100E+07   RO2H        =   0.000E+00
 RNH2OH      =   0.000E+00   O2H         =   8.422E+02   GO2H        =   0.000E+00
 GHS         =   0.000E+00   HS          =   1.442E+14   O2H+        =   4.121E+03
 GH2S        =   0.000E+00   H2S+        =   1.004E+08   H2O2        =   1.138E-02
 RH2S        =   0.000E+00   H2S         =   6.915E+15   GH2O2       =   0.000E+00
 NH3OH+      =   0.000E+00   PH3+        =   6.177E+05   RH2O2       =   0.000E+00
 Cl          =   5.400E+13   GCl         =   0.000E+00   H3S+        =   4.497E+04
 RCl         =   0.000E+00   Cl+         =   2.860E+08   C3-         =   1.224E-01
 GHCl        =   0.000E+00   C3+         =   4.270E+05   HCl+        =   1.647E+08
 RHCl        =   0.000E+00   HCl         =   5.675E+13   C3          =   3.365E+06
 GC3         =   0.000E+00   RC3         =   0.000E+00   GC3H        =   0.000E+00
 C3H-        =   2.957E+00   C3H+        =   3.417E+05   C3H         =   2.502E+06
 RC3H        =   0.000E+00   H2Cl+       =   4.063E+08   C2N+        =   1.554E+05
 RC2N        =   0.000E+00   C2N         =   1.736E+06   H2CCC       =   4.712E+04
 C3H2+       =   8.206E+03   C3H2        =   2.569E+06   CNC+        =   3.349E+07
 GC2N        =   0.000E+00   GH2CCC      =   0.000E+00   RC3H2       =   0.000E+00
 RH2CCC      =   0.000E+00   GC3H2       =   0.000E+00   GCH2CCH     =   0.000E+00
 C3H3+       =   2.618E+04   RCH2CCH     =   0.000E+00   CH2CCH      =   7.772E+05
 RHCCN       =   0.000E+00   HCCN        =   0.000E+00   C2NH+       =   3.057E+04
 CH2CCH+     =   1.354E+04   GHCCN       =   0.000E+00   GCH3CCH     =   0.000E+00
 CH2CCH2     =   4.204E+04   RSiC        =   0.000E+00   GCH2CN      =   0.000E+00
 CH3CCH      =   1.768E+05   CH2CN+      =   8.246E+04   RCH3CCH     =   0.000E+00
 GSiC        =   0.000E+00   RCH2CN      =   0.000E+00   C2O         =   1.473E+07
 GC2O        =   0.000E+00   SiC+        =   3.110E+07   GCH2CCH2    =   0.000E+00
 SiC         =   2.096E+10   C2O+        =   1.012E+04   RCH2CCH2    =   0.000E+00
 CH2CN       =   1.853E+06   C3H4+       =   4.521E+02   RC2O        =   0.000E+00
 GCH3CN      =   0.000E+00   CH3CN+      =   3.100E+01   HC2O+       =   1.730E+04
 HC2O        =   1.637E+03   RCH3CN      =   0.000E+00   CH3CN       =   1.687E+08
 GHC2O       =   0.000E+00   GHCSi       =   0.000E+00   HCSi        =   9.612E+09
 C3H5+       =   2.531E+04   RHC2O       =   0.000E+00   RHCSi       =   0.000E+00
 HCSi+       =   2.706E+07   CH2CO+      =   3.806E+03   GCH3CHCH2   =   0.000E+00
 RSiCH2      =   0.000E+00   SiCH2+      =   6.017E+08   GCH2CO      =   0.000E+00
 RCH2CO      =   0.000E+00   RCH3CHCH2   =   0.000E+00   NH2CN       =   2.328E+04
 GSiCH2      =   0.000E+00   RCNO        =   0.000E+00   OCN+        =   1.984E+02
 GNH2CN      =   0.000E+00   CH3CHCH2    =   5.579E+05   CNO         =   1.619E-04
 GSiN        =   0.000E+00   OCN         =   8.300E+08   ROCN        =   0.000E+00
 SiCH2       =   2.712E+08   C3H6+       =   1.452E+03   SiN         =   1.593E+10
 GOCN        =   0.000E+00   CH3CNH+     =   3.096E+08   CH2CO       =   6.798E+05
 GCNO        =   0.000E+00   SiN+        =   1.294E+08   RNH2CN      =   0.000E+00
 RSiN        =   0.000E+00   CP+         =   1.644E+02   HOCN+       =   1.065E+02
 HCNO        =   9.140E+05   RSiCH3      =   0.000E+00   SiCH3+      =   4.046E+01
 GCH3CO      =   0.000E+00   NH2CNH+     =   1.064E-02   HCNO+       =   2.077E-04
 GHOCN       =   0.000E+00   HOCN        =   1.747E+07   GHCNO       =   0.000E+00
 RCH3CO      =   0.000E+00   RHOCN       =   0.000E+00   RHCNO       =   0.000E+00
 HNSi        =   9.057E+11   HNSi+       =   1.369E+02   GSiCH3      =   0.000E+00
 CH3CO+      =   2.563E+06   GHONC       =   0.000E+00   CH3CO       =   1.282E+01
 HONC+       =   3.641E-08   RHNSi       =   0.000E+00   HONC        =   6.075E+00
 GCP         =   0.000E+00   GHNCO       =   0.000E+00   GHNSi       =   0.000E+00
 C3H7+       =   1.846E+04   HNCO+       =   1.092E+02   CP          =   1.169E+09
 RCP         =   0.000E+00   RHNCO       =   0.000E+00   RHONC       =   0.000E+00
 HNCO        =   7.000E+06   SiCH3       =   2.970E+05   N2O+        =   6.608E+03
 RSiO        =   0.000E+00   CH3CHO      =   1.587E+00   GN2O        =   0.000E+00
 GCS         =   0.000E+00   GCO2        =   0.000E+00   RCH3CHO     =   0.000E+00
 GHNCHO      =   0.000E+00   CS          =   2.218E+13   N2O         =   1.940E+07
 CO2+        =   4.501E+02   GCH3CHO     =   0.000E+00   RCO2        =   0.000E+00
 SiO+        =   4.114E+11   H2OCN+      =   1.231E+06   H2CNO+      =   1.946E+00
 SiNH2+      =   4.249E+07   NH2CO       =   0.000E+00   HCNOH+      =   1.946E+00
 RHNCHO      =   0.000E+00   HCP         =   2.264E+09   HCP+        =   1.573E+02
 GSiO        =   0.000E+00   RCS         =   0.000E+00   RN2O        =   0.000E+00
 SiO         =   2.635E+17   CO2         =   8.893E+14   GNH2CO      =   0.000E+00
 HNCHO       =   0.000E+00   HNCOH+      =   2.499E+06   GHCP        =   0.000E+00
 CH3CHO+     =   1.336E-04   RNH2CO      =   0.000E+00   H2NCO+      =   1.268E+06
 RHCP        =   0.000E+00   CS+         =   4.975E+07   SiCH4+      =   3.896E+02
 GHCS        =   0.000E+00   COOH        =   0.000E+00   PN+         =   2.186E+07
 CH3OCH2     =   2.742E-10   NH2CHO+     =   0.000E+00   RHCS        =   0.000E+00
 PN          =   8.231E+13   RPN         =   0.000E+00   RCOOH       =   0.000E+00
 CH3CHOH+    =   5.419E-01   RNH2CHO     =   0.000E+00   HCS+        =   5.216E+09
 HN2O+       =   3.009E+01   GNH2CHO     =   0.000E+00   SiOH+       =   3.797E+14
 PCH2+       =   3.144E+07   NH2CHO      =   4.693E+00   GPN         =   0.000E+00
 HCO2+       =   4.559E+08   GCOOH       =   0.000E+00   HCS         =   3.890E+03
 C2H5OH      =   3.918E-06   H2SiO+      =   1.496E+02   HCOOH       =   6.644E+08
 CH2PH       =   2.086E-01   GHCOOH      =   0.000E+00   HPN+        =   8.635E+08
 GH2SiO      =   0.000E+00   RHCOOH      =   0.000E+00   RH2SiO      =   0.000E+00
 NS+         =   1.208E+10   H2CS        =   4.259E+10   RH2CS       =   0.000E+00
 GNS         =   0.000E+00   NS          =   3.304E+13   RCH2PH      =   0.000E+00
 GCH3OCH3    =   0.000E+00   GC2H5OH     =   0.000E+00   C2H5OH+     =   1.228E-08
 H2CS+       =   3.797E+06   GNO2        =   0.000E+00   RCH3OCH3    =   0.000E+00
 RC2H5OH     =   0.000E+00   NO2         =   7.731E+05   PCH3+       =   6.087E-02
 RNO2        =   0.000E+00   H2SiO       =   4.772E+02   GH2CS       =   0.000E+00
 CH3OCH3     =   1.424E-05   RNS         =   0.000E+00   CH3OCH3+    =   2.095E-08
 NO2+        =   1.147E+02   NH2CH2O+    =   7.572E-04   HCOOH+      =   2.804E+05
 GCH2PH      =   0.000E+00   HCOOH2+     =   8.973E+07   H3CS+       =   3.485E+04
 RPO         =   0.000E+00   GPO         =   0.000E+00   PNH2+       =   1.702E+04
 HNS+        =   2.837E+07   PCH4+       =   4.170E-03   C2H5OH2+    =   1.065E-07
 PO+         =   5.218E+12   CCl+        =   4.009E+06   CH3OCH4+    =   7.681E-06
 PO          =   3.339E+14   H3SiO+      =   1.867E-02   RCCl        =   0.000E+00
 SiF+        =   1.152E+10   CCl         =   4.266E+05   GCCl        =   0.000E+00
 GO3         =   0.000E+00   GHPO        =   0.000E+00   SO          =   3.778E+15
 RO3         =   0.000E+00   PNH3+       =   1.368E+02   RHPO        =   0.000E+00
 C4          =   4.752E+04   SO+         =   4.283E+13   O3          =   0.000E+00
 HPO+        =   2.771E+11   GC4         =   0.000E+00   C4+         =   3.864E+03
 HPO         =   1.290E+11   GSO         =   0.000E+00   RSO         =   0.000E+00
 C4-         =   1.321E+03   RC4         =   0.000E+00   GC4H        =   0.000E+00
 H2CCl+      =   1.805E+04   RC4H        =   0.000E+00   HSO+        =   2.032E+09
 H2PO+       =   5.739E+08   C4H         =   7.460E+04   C4H+        =   6.055E+03
 C4H-        =   1.521E+03   GC3N        =   0.000E+00   RC3N        =   0.000E+00
 C3N         =   6.775E+04   C4H2        =   3.126E+04   RC4H2       =   0.000E+00
 C4H2+       =   6.803E+02   C3N+        =   4.798E+00   C3N-        =   4.993E+00
 GC4H2       =   0.000E+00   ClO         =   7.207E-01   GHC3N       =   0.000E+00
 HNC3        =   3.815E-01   RClO        =   0.000E+00   C4H3        =   8.281E+02
 C4H3+       =   8.762E+01   RC4H3       =   0.000E+00   RHNC3       =   0.000E+00
 ClO+        =   2.258E-07   GC4H3       =   0.000E+00   HC3N+       =   7.394E+00
 GHNC3       =   0.000E+00   RHC3N       =   0.000E+00   HC3N        =   1.150E+05
 GClO        =   0.000E+00   C2N2+       =   3.647E+01   RCH2CHCCH   =   0.000E+00
 C3O+        =   5.059E-02   C3O         =   5.218E+02   C4H4+       =   9.494E-02
 GCH2CHCCH   =   0.000E+00   SiC2+       =   3.297E+05   RC3O        =   0.000E+00
 GNCCN       =   0.000E+00   GSiC2       =   0.000E+00   HC3NH+      =   7.244E+00
 SiC2        =   2.717E+08   NCCN        =   1.576E+07   CH2CHCCH    =   3.180E-01
 GC3O        =   0.000E+00   RNCCN       =   0.000E+00   RSiC2       =   0.000E+00
 RSiC2H      =   0.000E+00   SiC2H       =   4.836E+08   C4H5+       =   2.495E-02
 HC3O+       =   2.514E-01   CH2CHCN+    =   3.502E-01   CH2CHCN     =   5.067E-01
 GSiC2H      =   0.000E+00   RCH2CHCN    =   0.000E+00   NCCNH+      =   4.215E+02
 GCH2CHCN    =   0.000E+00   SiC2H+      =   2.595E+06   C4H6        =   1.050E+00
 GSiC2H2     =   0.000E+00   SiC2H2+     =   1.241E+04   C2H4CN      =   0.000E+00
 C3H2O+      =   1.004E+02   RSiNC       =   0.000E+00   GSiNC       =   0.000E+00
 RSiC2H2     =   0.000E+00   CH2CHCNH+   =   1.703E-03   RC4H6       =   0.000E+00
 RC2H4CN     =   0.000E+00   SiNC+       =   3.508E+09   SiNC        =   1.217E+08
 SiC2H2      =   5.335E+05   GC4H6       =   0.000E+00   GC2H4CN     =   0.000E+00
 SiC2H3+     =   3.307E+02   GC2H5CN     =   0.000E+00   RCCP        =   0.000E+00
 C2H5CN      =   3.196E+00   C4H7+       =   1.598E-08   GCCP        =   0.000E+00
 H3C3O+      =   1.139E+01   RC2H5CN     =   0.000E+00   CCP         =   6.052E+06
 CCP+        =   8.405E+01   SiNCH+      =   7.470E+05   RHC2P       =   0.000E+00
 Fe          =   4.744E+12   RFe         =   0.000E+00   GFe         =   0.000E+00
 GHC2P       =   0.000E+00   HC2P+       =   5.150E+03   C2S+        =   5.889E+04
 RC2S        =   0.000E+00   C2S         =   4.074E+07   C2H5CNH+    =   7.954E-02
 HC2P        =   8.013E+02   Fe+         =   1.060E+14   GC2S        =   0.000E+00
 HC2S+       =   4.084E+05   PC2H2+      =   1.611E+01   RCH3COCH3   =   0.000E+00
 CH3COCH3+   =   6.264E-13   GCH3COCH3   =   0.000E+00   OHCCHO      =   0.000E+00
 GOHCCHO     =   0.000E+00   PC2H3+      =   1.221E-04   OHCCHO+     =   0.000E+00
 ROHCCHO     =   0.000E+00   CH3COCH3    =   9.220E-10   HOCHCHO     =   0.000E+00
 GHOCH2CO    =   0.000E+00   PC2H4+      =   9.371E-08   C2O2H3+     =   0.000E+00
 OHCCH2O+    =   0.000E+00   CH3CS+      =   1.506E+01   CH3COCH4+   =   3.233E-10
 OCH2CHO     =   0.000E+00   COOCH3+     =   1.093E-12   RHOCH2CO    =   0.000E+00
 GCOOCH3     =   0.000E+00   GOCH2CHO    =   0.000E+00   GCH2COOH    =   0.000E+00
 GHOCHCHO    =   0.000E+00   COOCH3      =   3.652E-06   RCH2COOH    =   0.000E+00
 RHOCHCHO    =   0.000E+00   RCOOCH3     =   0.000E+00   ROCH2CHO    =   0.000E+00
 HOCH2CO     =   0.000E+00   HOCH2CO+    =   0.000E+00   CH2COOH     =   0.000E+00
 OCS+        =   5.354E+06   GSiS        =   0.000E+00   C5          =   9.281E+02
 ROCS        =   0.000E+00   OCS         =   8.070E+08   GOCS        =   0.000E+00
 SiS         =   7.689E+15   HOCH2CHO    =   0.000E+00   HCOOCH3     =   4.458E-06
 SiO2        =   2.540E+16   SiS+        =   9.612E+08   HCOOCH3+    =   1.355E-10
 RSiS        =   0.000E+00   CH3COOH+    =   0.000E+00   CH3COOH     =   0.000E+00
 GSiO2       =   0.000E+00   GHOCH2CHO   =   0.000E+00   C2O2H4+     =   0.000E+00
 RC5         =   0.000E+00   C5-         =   8.768E+01   GHCOOCH3    =   0.000E+00
 GCH3COOH    =   0.000E+00   RHOCH2CHO   =   0.000E+00   HOCH2CHO+   =   0.000E+00
 GC5         =   0.000E+00   RHCOOCH3    =   0.000E+00   RCH3COOH    =   0.000E+00
 C5+         =   4.257E+01   RSiO2       =   0.000E+00   RC5H        =   0.000E+00
 H5C2O2+     =   2.835E-06   GC5H        =   0.000E+00   HOCS+       =   7.172E+05
 HSiO2+      =   1.841E+10   C5H-        =   5.326E+01   CH3COOH2+   =   0.000E+00
 GHOCH2CH2O  =   0.000E+00   HOCH2CH2O+  =   0.000E+00   RHOCH2CH2O  =   0.000E+00
 HSiS+       =   1.134E+09   C5H         =   6.441E+02   C5H+        =   4.481E+01
 HOCH2CH2O   =   0.000E+00   CH2OHCH2OH  =   0.000E+00   GC4N        =   0.000E+00
 GCH2OHCH2OH =   0.000E+00   CH2OHCH2OH+ =   0.000E+00   RCH2OHCH2OH =   0.000E+00
 C4N+        =   5.166E-01   C4N         =   2.365E+01   RC4N        =   0.000E+00
 GC5H2       =   0.000E+00   C5H2        =   1.143E+04   RC5H2       =   0.000E+00
 C5H2+       =   3.282E-01   HC4N+       =   4.749E-04   C5H3+       =   8.952E-04
 CH2OHCH2OHH+=   0.000E+00   RS2         =   0.000E+00   SO2+        =   9.354E+06
 GCH3C4H     =   0.000E+00   SO2         =   5.099E+16   CH3C4H+     =   8.373E-05
 GS2         =   0.000E+00   H2C4N+      =   4.424E-04   S2          =   2.311E+12
 RCH3C4H     =   0.000E+00   SiC3+       =   2.791E+03   S2+         =   5.729E+07
 GSiC3       =   0.000E+00   SiC3        =   1.611E+05   GSO2        =   0.000E+00
 RSiC3       =   0.000E+00   RSO2        =   0.000E+00   CH3C4H      =   6.404E-01
 SiC3H       =   5.886E+04   RSiC3H      =   0.000E+00   GSiC3H      =   0.000E+00
 CH3C3N      =   7.553E-01   HSO2+       =   8.001E+08   C5H5+       =   4.607E-06
 HS2         =   7.522E+08   GCH3C3N     =   0.000E+00   RHS2        =   0.000E+00
 HS2+        =   3.945E+07   CH3C3N+     =   3.686E-04   RCH3C3N     =   0.000E+00
 GHS2        =   0.000E+00   SiC3H+      =   2.297E+03   SiC3H2+     =   6.718E+02
 H2S2+       =   5.296E+04   H2S2        =   1.577E+09   RH2S2       =   0.000E+00
 CH3C3NH+    =   7.878E-04   GH2S2       =   0.000E+00   NCCNCH3+    =   3.161E-05
 GC3P        =   0.000E+00   RC3P        =   0.000E+00   C3P         =   1.208E-03
 H3S2+       =   2.267E+07   C3S         =   2.422E+05   C3S+        =   2.128E+03
 GC3S        =   0.000E+00   PC3H+       =   4.791E-05   RC3S        =   0.000E+00
 HC3S+       =   2.038E+03   GC6         =   0.000E+00   C6+         =   9.144E+00
 RC6         =   0.000E+00   C6-         =   5.590E+01   C6          =   8.634E+01
 C6H         =   1.174E+03   C6H+        =   8.758E+00   C6H-        =   3.401E+02
 GC6H        =   0.000E+00   RC6H        =   0.000E+00   RC6H2       =   0.000E+00
 C5N+        =   4.695E-04   C6H2        =   4.541E+03   C6H2+       =   5.496E+00
 RC5N        =   0.000E+00   C5N         =   4.997E-02   NHCH2COOH   =   0.000E+00
 GC5N        =   0.000E+00   GC6H2       =   0.000E+00   C5N-        =   1.693E-02
 RNHCH2COOH  =   0.000E+00   GNHCH2COOH  =   0.000E+00   GHC5N       =   0.000E+00
 C6H3+       =   2.759E-04   RHC5N       =   0.000E+00   HC5N+       =   5.787E-04
 NH2CH2COOH+ =   0.000E+00   RNH2CH2COOH =   0.000E+00   NH2CH2COOH  =   0.000E+00
 HC5N        =   4.904E-01   GNH2CH2COOH =   0.000E+00   SiC4+       =   2.464E+02
 NH2CH2COOH2+=   0.000E+00   RSiC4       =   0.000E+00   SiC4        =   2.843E+00
 GSiC4       =   0.000E+00   C6H4+       =   1.347E-07   HC5NH+      =   2.338E-04
 SiC4H+      =   1.497E-02   C6H5+       =   3.006E-08   H3C5N+      =   4.961E-08
 RC6H6       =   0.000E+00   GC6H6       =   0.000E+00   C6H6        =   2.847E-06
 C6H6+       =   5.415E-10   GC4P        =   0.000E+00   C4P         =   4.207E-05
 RC4P        =   0.000E+00   C4P+        =   3.754E-10   C6H7+       =   3.377E-09
 GC4S        =   0.000E+00   PC4H+       =   1.606E-06   C4S+        =   5.509E+01
 C4S         =   1.946E+02   RC4S        =   0.000E+00   HC4S+       =   2.524E+00
 RC7         =   0.000E+00   C7          =   3.524E+01   GC7         =   0.000E+00
 C7-         =   1.110E+02   C7+         =   2.857E+00   C7H-        =   1.328E+02
 RC7H        =   0.000E+00   C7H         =   1.738E+02   GC7H        =   0.000E+00
 C7H+        =   4.506E+00   GC7H2       =   0.000E+00   RC7H2       =   0.000E+00
 C7H2        =   2.093E+03   C7H2+       =   2.729E+00   C7H3+       =   4.144E-05
 RCH3C6H     =   0.000E+00   CH3C6H      =   6.564E-06   C7H4+       =   9.319E-09
 GCH3C6H     =   0.000E+00   GCH3C5N     =   0.000E+00   CH3C5N      =   1.360E-07
 RCH3C5N     =   0.000E+00   C7H5+       =   5.001E-09   CH3C5NH+    =   2.118E-09
 RC8         =   0.000E+00   C8-         =   7.025E+01   C8+         =   2.400E+00
 GC8         =   0.000E+00   C8          =   5.731E+01   C8H-        =   4.283E+01
 C8H         =   2.002E+02   C8H+        =   1.402E+00   RC8H        =   0.000E+00
 GC8H        =   0.000E+00   GC8H2       =   0.000E+00   C7N+        =   2.743E-04
 C7N         =   2.034E-01   C8H2        =   9.015E+02   RC8H2       =   0.000E+00
 C8H2+       =   1.929E+00   RC7N        =   0.000E+00   GC7N        =   0.000E+00
 HC7N        =   3.846E-03   GHC7N       =   0.000E+00   HC7N+       =   2.747E-04
 C8H3+       =   1.512E-05   RHC7N       =   0.000E+00   H2C7N+      =   9.348E-07
 C8H4+       =   1.321E-09   H3C7N+      =   4.947E-11   C8H5+       =   3.664E-13
 C9+         =   1.064E+00   C9-         =   4.013E+01   GC9         =   0.000E+00
 RC9         =   0.000E+00   C9          =   9.442E+00   C9H         =   1.967E+01
 C9H+        =   8.982E-01   GC9H        =   0.000E+00   C9H-        =   1.410E+01
 RC9H        =   0.000E+00   C9H2        =   2.719E+02   C9H2+       =   3.560E-01
 RC9H2       =   0.000E+00   GC9H2       =   0.000E+00   C9H3+       =   4.753E-06
 C9H4+       =   5.443E-10   CH3C7N      =   5.402E-10   C9H5+       =   3.919E-18
 GCH3C7N     =   0.000E+00   RCH3C7N     =   0.000E+00   CH3C7NH+    =   1.010E-11
 GC10        =   0.000E+00   C10+        =   5.830E-01   C10         =   5.169E-01
 RC10        =   0.000E+00   C10-        =   6.931E-01   C10H+       =   3.236E-02
 GC10H       =   0.000E+00   C10H        =   1.199E+00   RC10H       =   0.000E+00
 C10H-       =   2.580E-01   GC9N        =   0.000E+00   C10H2+      =   3.402E-02
 RC9N        =   0.000E+00   GC10H2      =   0.000E+00   C9N+        =   4.336E-05
 C10H2       =   7.799E+00   C9N         =   2.909E-02   RC10H2      =   0.000E+00
 C10H3+      =   1.729E-08   GHC9N       =   0.000E+00   HC9N        =   2.636E-04
 HC9N+       =   3.720E-05   RHC9N       =   0.000E+00   H2C9N+      =   1.029E-07
 H3C9N+      =   2.589E-13   RC11        =   0.000E+00   C11+        =   7.452E-03
 GC11        =   0.000E+00   C11         =   2.722E-04   e-          =   6.272E+15
 H2          =   7.951E+21
