


                   **  CALCULATED COLUMN DENSITIES  **


 H           =   4.304E+16   RH          =   0.000E+00   GH          =   0.000E+00
 H+          =   1.183E+12   H-          =   1.957E+08   GH2         =   0.000E+00
 H2+         =   3.996E+09   RH2         =   0.000E+00   H3+         =   3.557E+11
 He          =   1.255E+22   GHe         =   0.000E+00   He+         =   3.394E+12
 RHe         =   0.000E+00   HeH+        =   5.828E+07   C-          =   1.329E+06
 GC          =   0.000E+00   C+          =   3.919E+15   C           =   5.095E+14
 RC          =   0.000E+00   RCH         =   0.000E+00   CH          =   5.294E+11
 GCH         =   0.000E+00   CH+         =   1.736E+09   CH-         =   9.058E-02
 RCH2        =   0.000E+00   GN          =   0.000E+00   CH2+        =   3.273E+09
 N+          =   1.879E+10   CH2         =   7.634E+11   GCH2        =   0.000E+00
 N           =   3.113E+15   RN          =   0.000E+00   RCH3        =   0.000E+00
 NH+         =   5.751E+06   CH3         =   1.562E+11   CH3+        =   2.142E+10
 GCH3        =   0.000E+00   RNH         =   0.000E+00   NH          =   8.406E+12
 GNH         =   0.000E+00   GO          =   0.000E+00   O-          =   4.212E+06
 RO          =   0.000E+00   CH4         =   1.359E+13   CH4+        =   1.757E+03
 NH2         =   2.091E+13   RCH4        =   0.000E+00   RNH2        =   0.000E+00
 O+          =   5.457E+07   NH2+        =   2.174E+08   O           =   1.963E+16
 GCH4        =   0.000E+00   GNH2        =   0.000E+00   CH5+        =   1.747E+07
 OH          =   4.967E+15   RNH3        =   0.000E+00   OH+         =   8.146E+08
 ROH         =   0.000E+00   GOH         =   0.000E+00   OH-         =   3.601E+10
 NH3+        =   6.336E+10   NH3         =   4.605E+16   GNH3        =   0.000E+00
 RH2O        =   0.000E+00   H2O         =   1.586E+19   H2O+        =   8.309E+09
 GH2O        =   0.000E+00   NH4+        =   2.600E+13   F+          =   4.130E+04
 F           =   2.723E+13   GF          =   0.000E+00   H3O+        =   3.885E+12
 RF          =   0.000E+00   GHF         =   0.000E+00   RHF         =   0.000E+00
 HF          =   7.110E+14   HF+         =   1.205E+04   H2F+        =   2.913E+09
 Na+         =   7.578E+11   GNa         =   0.000E+00   Na          =   7.375E+14
 RNa         =   0.000E+00   C2          =   3.036E+10   Mg          =   7.377E+14
 RC2         =   0.000E+00   RMg         =   0.000E+00   C2-         =   6.095E+02
 GMg         =   0.000E+00   C2+         =   1.163E+08   Mg+         =   5.896E+11
 GC2         =   0.000E+00   RC2H        =   0.000E+00   GC2H        =   0.000E+00
 C2H-        =   8.313E+01   C2H         =   3.834E+09   C2H+        =   7.076E+07
 CN          =   9.175E+12   GC2H2       =   0.000E+00   GCN         =   0.000E+00
 CN-         =   2.565E+10   C2H2        =   2.641E+08   C2H2+       =   2.880E+08
 CN+         =   2.123E+06   RC2H2       =   0.000E+00   RCN         =   0.000E+00
 GHNC        =   0.000E+00   HCN+        =   3.558E+06   RHNC        =   0.000E+00
 HCN         =   1.908E+16   HNC         =   1.289E+13   GHCN        =   0.000E+00
 GC2H3       =   0.000E+00   RC2H3       =   0.000E+00   C2H3        =   2.753E+07
 C2H3+       =   2.578E+06   RHCN        =   0.000E+00   H2CN        =   4.761E+06
 RN2         =   0.000E+00   Si+         =   1.626E+15   CO          =   2.214E+19
 GSi         =   0.000E+00   RC2H4       =   0.000E+00   GCO         =   0.000E+00
 N2+         =   4.057E+06   GC2H4       =   0.000E+00   RCO         =   0.000E+00
 C2H4        =   4.662E+07   C2H4+       =   1.391E+06   GN2         =   0.000E+00
 RSi         =   0.000E+00   RH2CN       =   0.000E+00   N2          =   2.952E+18
 H2NC+       =   1.130E+10   CO+         =   1.728E+09   HCNH+       =   7.242E+11
 Si          =   6.812E+14   GH2CN       =   0.000E+00   CH2NH       =   2.224E+10
 SiH+        =   7.694E+09   RHCO        =   0.000E+00   GCH2NH      =   0.000E+00
 SiH         =   1.395E+09   N2H+        =   7.638E+09   C2H5        =   1.164E+05
 C2H5+       =   9.833E+03   GHCO        =   0.000E+00   RCH2NH      =   0.000E+00
 HOC+        =   5.276E+09   GSiH        =   0.000E+00   GC2H5       =   0.000E+00
 RC2H5       =   0.000E+00   HCO         =   2.815E+10   RSiH        =   0.000E+00
 HCO+        =   1.632E+11   GCH3NH      =   0.000E+00   RCH2NH2     =   0.000E+00
 CH2NH2+     =   5.438E+05   RSiH2       =   0.000E+00   SiH2+       =   1.206E+08
 SiH2        =   5.556E+07   C2H6        =   8.220E+04   C2H6+       =   2.230E+02
 CH3NH       =   0.000E+00   RCH3NH      =   0.000E+00   GCH2NH2     =   0.000E+00
 GSiH2       =   0.000E+00   NO+         =   1.082E+10   GC2H6       =   0.000E+00
 CH3NH+      =   2.772E+10   CH2NH2      =   0.000E+00   NO          =   8.499E+12
 GNO         =   0.000E+00   RH2CO       =   0.000E+00   H2CO+       =   4.505E+06
 RNO         =   0.000E+00   GH2CO       =   0.000E+00   RC2H6       =   0.000E+00
 H2CO        =   7.759E+09   SiH3+       =   8.808E+06   P+          =   3.418E+12
 GHNO        =   0.000E+00   RCH3NH2     =   0.000E+00   CH3O        =   8.068E+06
 RSiH3       =   0.000E+00   SiH3        =   1.502E+02   GCH2OH      =   0.000E+00
 HNO         =   7.685E+11   GSiH3       =   0.000E+00   RCH2OH      =   0.000E+00
 CF+         =   1.391E+09   H3CO+       =   7.555E+05   C2H7+       =   8.531E-06
 P           =   1.338E+12   CH3NH2+     =   3.909E+04   RHNO        =   0.000E+00
 GCH3NH2     =   0.000E+00   HNO+        =   3.502E+06   RP          =   0.000E+00
 RCH3O       =   0.000E+00   CH3NH2      =   1.712E+09   GCH3O       =   0.000E+00
 GP          =   0.000E+00   CH2OH       =   3.408E+07   S-          =   1.013E+07
 GPH         =   0.000E+00   GS          =   0.000E+00   RO2         =   0.000E+00
 GCH3OH      =   0.000E+00   O2          =   6.241E+13   PH+         =   6.703E+06
 GO2         =   0.000E+00   RCH3OH      =   0.000E+00   CH3NH3+     =   1.974E+10
 RS          =   0.000E+00   RPH         =   0.000E+00   CH3OH+      =   7.438E+04
 S           =   1.145E+15   CH3OH       =   9.590E+10   SiH4+       =   4.156E-07
 SiH4        =   1.973E+03   GHNOH       =   0.000E+00   GSiH4       =   0.000E+00
 H2NO+       =   1.351E+06   O2-         =   9.925E-09   RHNOH       =   0.000E+00
 RSiH4       =   0.000E+00   HNOH        =   0.000E+00   HNOH+       =   0.000E+00
 PH          =   1.310E+11   O2+         =   7.587E+09   S+          =   1.236E+15
 GPH2        =   0.000E+00   HS+         =   1.158E+10   NH2OH       =   0.000E+00
 RPH2        =   0.000E+00   CH3OH2+     =   4.956E+09   RHS         =   0.000E+00
 PH2         =   7.670E+04   SiH5+       =   1.751E+01   GNH2OH      =   0.000E+00
 NH2OH+      =   0.000E+00   PH2+        =   5.819E+06   RO2H        =   0.000E+00
 RNH2OH      =   0.000E+00   O2H         =   4.949E+03   GO2H        =   0.000E+00
 GHS         =   0.000E+00   HS          =   4.802E+14   O2H+        =   1.684E+03
 GH2S        =   0.000E+00   H2S+        =   1.438E+12   H2O2        =   1.003E+03
 RH2S        =   0.000E+00   H2S         =   1.290E+18   GH2O2       =   0.000E+00
 NH3OH+      =   0.000E+00   PH3+        =   2.059E+03   RH2O2       =   0.000E+00
 Cl          =   2.725E+13   GCl         =   0.000E+00   H3S+        =   1.355E+13
 RCl         =   0.000E+00   Cl+         =   9.860E+07   C3-         =   3.074E+01
 GHCl        =   0.000E+00   C3+         =   6.622E+05   HCl+        =   6.159E+07
 RHCl        =   0.000E+00   HCl         =   7.110E+14   C3          =   5.420E+06
 GC3         =   0.000E+00   RC3         =   0.000E+00   GC3H        =   0.000E+00
 C3H-        =   4.337E+01   C3H+        =   4.949E+05   C3H         =   5.019E+06
 RC3H        =   0.000E+00   H2Cl+       =   2.607E+08   C2N+        =   2.334E+06
 RC2N        =   0.000E+00   C2N         =   1.770E+07   H2CCC       =   6.665E+04
 C3H2+       =   3.279E+04   C3H2        =   4.818E+06   CNC+        =   6.367E+07
 GC2N        =   0.000E+00   GH2CCC      =   0.000E+00   RC3H2       =   0.000E+00
 RH2CCC      =   0.000E+00   GC3H2       =   0.000E+00   GCH2CCH     =   0.000E+00
 C3H3+       =   4.992E+04   RCH2CCH     =   0.000E+00   CH2CCH      =   1.221E+06
 RHCCN       =   0.000E+00   HCCN        =   0.000E+00   C2NH+       =   4.106E+06
 CH2CCH+     =   1.652E+04   GHCCN       =   0.000E+00   GCH3CCH     =   0.000E+00
 CH2CCH2     =   1.047E+05   RSiC        =   0.000E+00   GCH2CN      =   0.000E+00
 CH3CCH      =   2.765E+05   CH2CN+      =   3.710E+05   RCH3CCH     =   0.000E+00
 GSiC        =   0.000E+00   RCH2CN      =   0.000E+00   C2O         =   1.052E+09
 GC2O        =   0.000E+00   SiC+        =   5.469E+07   GCH2CCH2    =   0.000E+00
 SiC         =   6.506E+10   C2O+        =   1.424E+04   RCH2CCH2    =   0.000E+00
 CH2CN       =   4.662E+04   C3H4+       =   7.679E+02   RC2O        =   0.000E+00
 GCH3CN      =   0.000E+00   CH3CN+      =   4.798E+02   HC2O+       =   1.276E+05
 HC2O        =   2.815E+05   RCH3CN      =   0.000E+00   CH3CN       =   1.763E+11
 GHC2O       =   0.000E+00   GHCSi       =   0.000E+00   HCSi        =   3.696E+10
 C3H5+       =   3.603E+04   RHC2O       =   0.000E+00   RHCSi       =   0.000E+00
 HCSi+       =   5.011E+07   CH2CO+      =   3.711E+03   GCH3CHCH2   =   0.000E+00
 RSiCH2      =   0.000E+00   SiCH2+      =   1.313E+10   GCH2CO      =   0.000E+00
 RCH2CO      =   0.000E+00   RCH3CHCH2   =   0.000E+00   NH2CN       =   2.292E+10
 GSiCH2      =   0.000E+00   RCNO        =   0.000E+00   OCN+        =   2.663E+02
 GNH2CN      =   0.000E+00   CH3CHCH2    =   1.375E+06   CNO         =   3.123E+00
 GSiN        =   0.000E+00   OCN         =   6.154E+11   ROCN        =   0.000E+00
 SiCH2       =   4.015E+07   C3H6+       =   1.139E+02   SiN         =   1.129E+12
 GOCN        =   0.000E+00   CH3CNH+     =   7.698E+10   CH2CO       =   7.764E+08
 GCNO        =   0.000E+00   SiN+        =   2.587E+10   RNH2CN      =   0.000E+00
 RSiN        =   0.000E+00   CP+         =   5.831E+01   HOCN+       =   3.166E+04
 HCNO        =   9.166E+05   RSiCH3      =   0.000E+00   SiCH3+      =   1.669E+03
 GCH3CO      =   0.000E+00   NH2CNH+     =   1.016E+05   HCNO+       =   2.668E-02
 GHOCN       =   0.000E+00   HOCN        =   2.764E+08   GHCNO       =   0.000E+00
 RCH3CO      =   0.000E+00   RHOCN       =   0.000E+00   RHCNO       =   0.000E+00
 HNSi        =   9.124E+11   HNSi+       =   1.810E+04   GSiCH3      =   0.000E+00
 CH3CO+      =   4.778E+08   GHONC       =   0.000E+00   CH3CO       =   5.963E+04
 HONC+       =   1.181E-05   RHNSi       =   0.000E+00   HONC        =   1.138E+02
 GCP         =   0.000E+00   GHNCO       =   0.000E+00   GHNSi       =   0.000E+00
 C3H7+       =   4.250E+04   HNCO+       =   3.173E+04   CP          =   7.532E+07
 RCP         =   0.000E+00   RHNCO       =   0.000E+00   RHONC       =   0.000E+00
 HNCO        =   2.782E+08   SiCH3       =   1.378E+05   N2O+        =   1.226E+05
 RSiO        =   0.000E+00   CH3CHO      =   2.155E+04   GN2O        =   0.000E+00
 GCS         =   0.000E+00   GCO2        =   0.000E+00   RCH3CHO     =   0.000E+00
 GHNCHO      =   0.000E+00   CS          =   4.112E+15   N2O         =   8.496E+07
 CO2+        =   5.697E+03   GCH3CHO     =   0.000E+00   RCO2        =   0.000E+00
 SiO+        =   3.877E+11   H2OCN+      =   1.936E+07   H2CNO+      =   1.822E+01
 SiNH2+      =   4.416E+10   NH2CO       =   0.000E+00   HCNOH+      =   1.822E+01
 RHNCHO      =   0.000E+00   HCP         =   1.648E+05   HCP+        =   5.432E+01
 GSiO        =   0.000E+00   RCS         =   0.000E+00   RN2O        =   0.000E+00
 SiO         =   1.998E+18   CO2         =   2.213E+16   GNH2CO      =   0.000E+00
 HNCHO       =   0.000E+00   HNCOH+      =   3.947E+07   GHCP        =   0.000E+00
 CH3CHO+     =   5.297E-01   RNH2CO      =   0.000E+00   H2NCO+      =   2.011E+07
 RHCP        =   0.000E+00   CS+         =   8.795E+07   SiCH4+      =   7.499E+03
 GHCS        =   0.000E+00   COOH        =   0.000E+00   PN+         =   4.146E+07
 CH3OCH2     =   7.337E-03   NH2CHO+     =   0.000E+00   RHCS        =   0.000E+00
 PN          =   1.107E+15   RPN         =   0.000E+00   RCOOH       =   0.000E+00
 CH3CHOH+    =   1.356E+01   RNH2CHO     =   0.000E+00   HCS+        =   6.442E+10
 HN2O+       =   8.812E+01   GNH2CHO     =   0.000E+00   SiOH+       =   4.410E+13
 PCH2+       =   1.099E+04   NH2CHO      =   4.038E+05   GPN         =   0.000E+00
 HCO2+       =   3.932E+08   GCOOH       =   0.000E+00   HCS         =   8.037E+08
 C2H5OH      =   2.572E-01   H2SiO+      =   9.707E+03   HCOOH       =   1.380E+10
 CH2PH       =   1.189E+00   GHCOOH      =   0.000E+00   HPN+        =   1.625E+10
 GH2SiO      =   0.000E+00   RHCOOH      =   0.000E+00   RH2SiO      =   0.000E+00
 NS+         =   6.997E+09   H2CS        =   1.297E+12   RH2CS       =   0.000E+00
 GNS         =   0.000E+00   NS          =   1.223E+12   RCH2PH      =   0.000E+00
 GCH3OCH3    =   0.000E+00   GC2H5OH     =   0.000E+00   C2H5OH+     =   2.599E-04
 H2CS+       =   4.361E+07   GNO2        =   0.000E+00   RCH3OCH3    =   0.000E+00
 RC2H5OH     =   0.000E+00   NO2         =   2.536E+08   PCH3+       =   2.376E-01
 RNO2        =   0.000E+00   H2SiO       =   1.113E+01   GH2CS       =   0.000E+00
 CH3OCH3     =   1.475E+02   RNS         =   0.000E+00   CH3OCH3+    =   4.199E-03
 NO2+        =   3.698E+04   NH2CH2O+    =   3.129E+02   HCOOH+      =   3.292E+06
 GCH2PH      =   0.000E+00   HCOOH2+     =   9.760E+08   H3CS+       =   8.035E+11
 RPO         =   0.000E+00   GPO         =   0.000E+00   PNH2+       =   2.737E+06
 HNS+        =   2.930E+06   PCH4+       =   3.075E-01   C2H5OH2+    =   5.526E-02
 PO+         =   6.756E+09   CCl+        =   5.167E+07   CH3OCH4+    =   2.554E+02
 PO          =   5.717E+15   H3SiO+      =   5.608E-01   RCCl        =   0.000E+00
 SiF+        =   9.841E+09   CCl         =   8.133E+06   GCCl        =   0.000E+00
 GO3         =   0.000E+00   GHPO        =   0.000E+00   SO          =   2.256E+17
 RO3         =   0.000E+00   PNH3+       =   3.907E+03   RHPO        =   0.000E+00
 C4          =   9.991E+04   SO+         =   4.361E+12   O3          =   0.000E+00
 HPO+        =   2.532E+09   GC4         =   0.000E+00   C4+         =   7.266E+03
 HPO         =   1.304E+07   GSO         =   0.000E+00   RSO         =   0.000E+00
 C4-         =   1.252E+04   RC4         =   0.000E+00   GC4H        =   0.000E+00
 H2CCl+      =   3.933E+06   RC4H        =   0.000E+00   HSO+        =   4.735E+11
 H2PO+       =   5.316E+05   C4H         =   1.286E+05   C4H+        =   1.114E+04
 C4H-        =   1.631E+04   GC3N        =   0.000E+00   RC3N        =   0.000E+00
 C3N         =   4.041E+05   C4H2        =   1.604E+03   RC4H2       =   0.000E+00
 C4H2+       =   1.106E+03   C3N+        =   5.877E+00   C3N-        =   8.257E+02
 GC4H2       =   0.000E+00   ClO         =   1.133E-08   GHC3N       =   0.000E+00
 HNC3        =   1.585E+01   RClO        =   0.000E+00   C4H3        =   1.454E+03
 C4H3+       =   3.970E+01   RC4H3       =   0.000E+00   RHNC3       =   0.000E+00
 ClO+        =   3.374E-15   GC4H3       =   0.000E+00   HC3N+       =   1.198E+01
 GHNC3       =   0.000E+00   RHC3N       =   0.000E+00   HC3N        =   3.848E+03
 GClO        =   0.000E+00   C2N2+       =   4.222E+02   RCH2CHCCH   =   0.000E+00
 C3O+        =   1.154E-01   C3O         =   1.755E+03   C4H4+       =   1.286E-04
 GCH2CHCCH   =   0.000E+00   SiC2+       =   4.571E+05   RC3O        =   0.000E+00
 GNCCN       =   0.000E+00   GSiC2       =   0.000E+00   HC3NH+      =   1.803E+01
 SiC2        =   2.657E+08   NCCN        =   2.257E+08   CH2CHCCH    =   2.436E-01
 GC3O        =   0.000E+00   RNCCN       =   0.000E+00   RSiC2       =   0.000E+00
 RSiC2H      =   0.000E+00   SiC2H       =   1.043E+06   C4H5+       =   3.681E-02
 HC3O+       =   6.107E-01   CH2CHCN+    =   4.480E-01   CH2CHCN     =   1.273E+02
 GSiC2H      =   0.000E+00   RCH2CHCN    =   0.000E+00   NCCNH+      =   5.869E+03
 GCH2CHCN    =   0.000E+00   SiC2H+      =   4.001E+06   C4H6        =   2.142E+00
 GSiC2H2     =   0.000E+00   SiC2H2+     =   2.523E+04   C2H4CN      =   0.000E+00
 C3H2O+      =   2.798E+02   RSiNC       =   0.000E+00   GSiNC       =   0.000E+00
 RSiC2H2     =   0.000E+00   CH2CHCNH+   =   1.846E-02   RC4H6       =   0.000E+00
 RC2H4CN     =   0.000E+00   SiNC+       =   8.700E+08   SiNC        =   6.974E+07
 SiC2H2      =   2.201E+05   GC4H6       =   0.000E+00   GC2H4CN     =   0.000E+00
 SiC2H3+     =   1.208E+05   GC2H5CN     =   0.000E+00   RCCP        =   0.000E+00
 C2H5CN      =   5.883E+03   C4H7+       =   5.245E-08   GCCP        =   0.000E+00
 H3C3O+      =   9.886E+01   RC2H5CN     =   0.000E+00   CCP         =   3.237E+03
 CCP+        =   3.744E+00   SiNCH+      =   3.852E+06   RHC2P       =   0.000E+00
 Fe          =   7.375E+14   RFe         =   0.000E+00   GFe         =   0.000E+00
 GHC2P       =   0.000E+00   HC2P+       =   1.205E+02   C2S+        =   8.670E+04
 RC2S        =   0.000E+00   C2S         =   6.861E+07   C2H5CNH+    =   1.941E+03
 HC2P        =   1.068E+01   Fe+         =   7.472E+11   GC2S        =   0.000E+00
 HC2S+       =   5.323E+05   PC2H2+      =   3.328E-01   RCH3COCH3   =   0.000E+00
 CH3COCH3+   =   7.238E-09   GCH3COCH3   =   0.000E+00   OHCCHO      =   0.000E+00
 GOHCCHO     =   0.000E+00   PC2H3+      =   2.186E-06   OHCCHO+     =   0.000E+00
 ROHCCHO     =   0.000E+00   CH3COCH3    =   2.725E-05   HOCHCHO     =   0.000E+00
 GHOCH2CO    =   0.000E+00   PC2H4+      =   3.146E-06   C2O2H3+     =   0.000E+00
 OHCCH2O+    =   0.000E+00   CH3CS+      =   5.175E+01   CH3COCH4+   =   1.448E-05
 OCH2CHO     =   0.000E+00   COOCH3+     =   3.510E-12   RHOCH2CO    =   0.000E+00
 GCOOCH3     =   0.000E+00   GOCH2CHO    =   0.000E+00   GCH2COOH    =   0.000E+00
 GHOCHCHO    =   0.000E+00   COOCH3      =   9.063E-06   RCH2COOH    =   0.000E+00
 RHOCHCHO    =   0.000E+00   RCOOCH3     =   0.000E+00   ROCH2CHO    =   0.000E+00
 HOCH2CO     =   0.000E+00   HOCH2CO+    =   0.000E+00   CH2COOH     =   0.000E+00
 OCS+        =   2.947E+08   GSiS        =   0.000E+00   C5          =   4.373E+04
 ROCS        =   0.000E+00   OCS         =   9.592E+11   GOCS        =   0.000E+00
 SiS         =   7.029E+16   HOCH2CHO    =   0.000E+00   HCOOCH3     =   3.583E+01
 SiO2        =   5.374E+12   SiS+        =   4.683E+11   HCOOCH3+    =   1.355E-04
 RSiS        =   0.000E+00   CH3COOH+    =   0.000E+00   CH3COOH     =   0.000E+00
 GSiO2       =   0.000E+00   GHOCH2CHO   =   0.000E+00   C2O2H4+     =   0.000E+00
 RC5         =   0.000E+00   C5-         =   1.416E+04   GHCOOCH3    =   0.000E+00
 GCH3COOH    =   0.000E+00   RHOCH2CHO   =   0.000E+00   HOCH2CHO+   =   0.000E+00
 GC5         =   0.000E+00   RHCOOCH3    =   0.000E+00   RCH3COOH    =   0.000E+00
 C5+         =   6.789E+01   RSiO2       =   0.000E+00   RC5H        =   0.000E+00
 H5C2O2+     =   3.884E+01   GC5H        =   0.000E+00   HOCS+       =   3.763E+07
 HSiO2+      =   2.221E+07   C5H-        =   2.680E+02   CH3COOH2+   =   0.000E+00
 GHOCH2CH2O  =   0.000E+00   HOCH2CH2O+  =   0.000E+00   RHOCH2CH2O  =   0.000E+00
 HSiS+       =   6.174E+09   C5H         =   6.051E+02   C5H+        =   6.913E+01
 HOCH2CH2O   =   0.000E+00   CH2OHCH2OH  =   0.000E+00   GC4N        =   0.000E+00
 GCH2OHCH2OH =   0.000E+00   CH2OHCH2OH+ =   0.000E+00   RCH2OHCH2OH =   0.000E+00
 C4N+        =   6.261E-01   C4N         =   5.172E+01   RC4N        =   0.000E+00
 GC5H2       =   0.000E+00   C5H2        =   1.468E+02   RC5H2       =   0.000E+00
 C5H2+       =   1.258E-01   HC4N+       =   6.425E-04   C5H3+       =   1.018E-03
 CH2OHCH2OHH+=   0.000E+00   RS2         =   0.000E+00   SO2+        =   2.000E+07
 GCH3C4H     =   0.000E+00   SO2         =   2.743E+17   CH3C4H+     =   1.280E-04
 GS2         =   0.000E+00   H2C4N+      =   6.537E-04   S2          =   2.782E+12
 RCH3C4H     =   0.000E+00   SiC3+       =   6.097E+03   S2+         =   1.859E+12
 GSiC3       =   0.000E+00   SiC3        =   3.150E+05   GSO2        =   0.000E+00
 RSiC3       =   0.000E+00   RSO2        =   0.000E+00   CH3C4H      =   1.782E+00
 SiC3H       =   9.996E+04   RSiC3H      =   0.000E+00   GSiC3H      =   0.000E+00
 CH3C3N      =   1.699E+00   HSO2+       =   2.083E+09   C5H5+       =   7.501E-06
 HS2         =   3.968E+11   GCH3C3N     =   0.000E+00   RHS2        =   0.000E+00
 HS2+        =   6.528E+10   CH3C3N+     =   5.483E-04   RCH3C3N     =   0.000E+00
 GHS2        =   0.000E+00   SiC3H+      =   4.386E+03   SiC3H2+     =   1.043E+03
 H2S2+       =   1.481E+10   H2S2        =   3.255E+11   RH2S2       =   0.000E+00
 CH3C3NH+    =   1.424E-03   GH2S2       =   0.000E+00   NCCNCH3+    =   6.379E-03
 GC3P        =   0.000E+00   RC3P        =   0.000E+00   C3P         =   2.554E-03
 H3S2+       =   1.524E+11   C3S         =   5.126E+05   C3S+        =   4.300E+03
 GC3S        =   0.000E+00   PC3H+       =   6.798E-05   RC3S        =   0.000E+00
 HC3S+       =   3.865E+03   GC6         =   0.000E+00   C6+         =   6.448E+00
 RC6         =   0.000E+00   C6-         =   9.415E+01   C6          =   4.833E+01
 C6H         =   7.901E+01   C6H+        =   4.259E-01   C6H-        =   5.895E+01
 GC6H        =   0.000E+00   RC6H        =   0.000E+00   RC6H2       =   0.000E+00
 C5N+        =   6.041E-04   C6H2        =   1.976E+00   C6H2+       =   4.780E-03
 RC5N        =   0.000E+00   C5N         =   3.963E+01   NHCH2COOH   =   0.000E+00
 GC5N        =   0.000E+00   GC6H2       =   0.000E+00   C5N-        =   3.355E+01
 RNHCH2COOH  =   0.000E+00   GNHCH2COOH  =   0.000E+00   GHC5N       =   0.000E+00
 C6H3+       =   3.628E-04   RHC5N       =   0.000E+00   HC5N+       =   7.479E-04
 NH2CH2COOH+ =   0.000E+00   RNH2CH2COOH =   0.000E+00   NH2CH2COOH  =   0.000E+00
 HC5N        =   1.625E+00   GNH2CH2COOH =   0.000E+00   SiC4+       =   4.115E+02
 NH2CH2COOH2+=   0.000E+00   RSiC4       =   0.000E+00   SiC4        =   3.599E+00
 GSiC4       =   0.000E+00   C6H4+       =   2.734E-07   HC5NH+      =   2.923E-04
 SiC4H+      =   1.700E-02   C6H5+       =   4.648E-08   H3C5N+      =   9.671E-08
 RC6H6       =   0.000E+00   GC6H6       =   0.000E+00   C6H6        =   5.305E-06
 C6H6+       =   9.144E-10   GC4P        =   0.000E+00   C4P         =   4.709E-05
 RC4P        =   0.000E+00   C4P+        =   2.372E-11   C6H7+       =   5.147E-09
 GC4S        =   0.000E+00   PC4H+       =   1.718E-06   C4S+        =   9.899E+01
 C4S         =   1.054E+01   RC4S        =   0.000E+00   HC4S+       =   1.196E-01
 RC7         =   0.000E+00   C7          =   4.534E-01   GC7         =   0.000E+00
 C7-         =   2.489E+00   C7+         =   1.294E-02   C7H-        =   2.865E-01
 RC7H        =   0.000E+00   C7H         =   1.277E-01   GC7H        =   0.000E+00
 C7H+        =   3.934E-03   GC7H2       =   0.000E+00   RC7H2       =   0.000E+00
 C7H2        =   1.785E-02   C7H2+       =   1.931E-05   C7H3+       =   4.607E-08
 RCH3C6H     =   0.000E+00   CH3C6H      =   4.323E-06   C7H4+       =   1.949E-09
 GCH3C6H     =   0.000E+00   GCH3C5N     =   0.000E+00   CH3C5N      =   5.660E-07
 RCH3C5N     =   0.000E+00   C7H5+       =   6.689E-10   CH3C5NH+    =   9.585E-09
 RC8         =   0.000E+00   C8-         =   1.409E-02   C8+         =   3.266E-04
 GC8         =   0.000E+00   C8          =   7.129E-03   C8H-        =   1.125E-03
 C8H         =   1.451E-03   C8H+        =   7.581E-06   RC8H        =   0.000E+00
 GC8H        =   0.000E+00   GC8H2       =   0.000E+00   C7N+        =   3.585E-06
 C7N         =   5.955E-03   C8H2        =   1.050E-04   RC8H2       =   0.000E+00
 C8H2+       =   8.680E-06   RC7N        =   0.000E+00   GC7N        =   0.000E+00
 HC7N        =   1.327E-05   GHC7N       =   0.000E+00   HC7N+       =   5.462E-06
 C8H3+       =   2.738E-10   RHC7N       =   0.000E+00   H2C7N+      =   3.158E-08
 C8H4+       =   1.055E-11   H3C7N+      =   2.962E-10   C8H5+       =   9.208E-15
 C9+         =   2.142E-06   C9-         =   2.156E-04   GC9         =   0.000E+00
 RC9         =   0.000E+00   C9          =   3.867E-05   C9H         =   3.807E-06
 C9H+        =   1.758E-07   GC9H        =   0.000E+00   C9H-        =   9.560E-06
 RC9H        =   0.000E+00   C9H2        =   8.810E-07   C9H2+       =   9.544E-10
 RC9H2       =   0.000E+00   GC9H2       =   0.000E+00   C9H3+       =   3.491E-12
 C9H4+       =   5.728E-14   CH3C7N      =   4.295E-12   C9H5+       =   2.616E-19
 GCH3C7N     =   0.000E+00   RCH3C7N     =   0.000E+00   CH3C7NH+    =   7.558E-14
 GC10        =   0.000E+00   C10+        =   1.646E-08   C10         =   4.287E-07
 RC10        =   0.000E+00   C10-        =   8.256E-07   C10H+       =   3.572E-10
 GC10H       =   0.000E+00   C10H        =   2.086E-08   RC10H       =   0.000E+00
 C10H-       =   1.614E-08   GC9N        =   0.000E+00   C10H2+      =   9.802E-12
 RC9N        =   0.000E+00   GC10H2      =   0.000E+00   C9N+        =   1.564E-10
 C10H2       =   2.519E-09   C9N         =   2.762E-07   RC10H2      =   0.000E+00
 C10H3+      =   2.024E-15   GHC9N       =   0.000E+00   HC9N        =   5.041E-10
 HC9N+       =   2.530E-10   RHC9N       =   0.000E+00   H2C9N+      =   1.509E-12
 H3C9N+      =   3.876E-15   RC11        =   0.000E+00   C11+        =   1.122E-10
 GC11        =   0.000E+00   C11         =   1.198E-11   e-          =   6.912E+15
 H2          =   7.381E+22
